{"/Users/timbewsey1/Documents/GitHub/aece_ver2/lib/repositories/node_repository.js":{"path":"/Users/timbewsey1/Documents/GitHub/aece_ver2/lib/repositories/node_repository.js","statementMap":{"0":{"start":{"line":7,"column":0},"end":{"line":22,"column":2}},"1":{"start":{"line":8,"column":27},"end":{"line":8,"column":71}},"2":{"start":{"line":9,"column":1},"end":{"line":9,"column":63}},"3":{"start":{"line":10,"column":14},"end":{"line":10,"column":27}},"4":{"start":{"line":12,"column":12},"end":{"line":20,"column":2}},"5":{"start":{"line":13,"column":2},"end":{"line":19,"column":3}},"6":{"start":{"line":14,"column":3},"end":{"line":14,"column":58}},"7":{"start":{"line":15,"column":3},"end":{"line":15,"column":57}},"8":{"start":{"line":16,"column":3},"end":{"line":16,"column":69}},"9":{"start":{"line":18,"column":3},"end":{"line":18,"column":70}},"10":{"start":{"line":21,"column":1},"end":{"line":21,"column":15}},"11":{"start":{"line":24,"column":0},"end":{"line":38,"column":2}},"12":{"start":{"line":25,"column":15},"end":{"line":36,"column":2}},"13":{"start":{"line":27,"column":2},"end":{"line":35,"column":3}},"14":{"start":{"line":28,"column":20},"end":{"line":28,"column":54}},"15":{"start":{"line":29,"column":17},"end":{"line":29,"column":71}},"16":{"start":{"line":30,"column":3},"end":{"line":30,"column":24}},"17":{"start":{"line":31,"column":3},"end":{"line":31,"column":18}},"18":{"start":{"line":33,"column":3},"end":{"line":33,"column":47}},"19":{"start":{"line":34,"column":3},"end":{"line":34,"column":24}},"20":{"start":{"line":37,"column":1},"end":{"line":37,"column":18}},"21":{"start":{"line":40,"column":0},"end":{"line":66,"column":2}},"22":{"start":{"line":41,"column":20},"end":{"line":64,"column":2}},"23":{"start":{"line":42,"column":2},"end":{"line":63,"column":3}},"24":{"start":{"line":43,"column":20},"end":{"line":43,"column":54}},"25":{"start":{"line":45,"column":15},"end":{"line":53,"column":27}},"26":{"start":{"line":55,"column":16},"end":{"line":58,"column":5}},"27":{"start":{"line":60,"column":3},"end":{"line":60,"column":17}},"28":{"start":{"line":62,"column":3},"end":{"line":62,"column":40}},"29":{"start":{"line":65,"column":1},"end":{"line":65,"column":23}},"30":{"start":{"line":68,"column":0},"end":{"line":84,"column":2}},"31":{"start":{"line":69,"column":14},"end":{"line":81,"column":2}},"32":{"start":{"line":72,"column":2},"end":{"line":80,"column":3}},"33":{"start":{"line":73,"column":3},"end":{"line":73,"column":51}},"34":{"start":{"line":74,"column":17},"end":{"line":74,"column":62}},"35":{"start":{"line":75,"column":3},"end":{"line":75,"column":24}},"36":{"start":{"line":76,"column":3},"end":{"line":76,"column":46}},"37":{"start":{"line":78,"column":3},"end":{"line":78,"column":44}},"38":{"start":{"line":79,"column":3},"end":{"line":79,"column":24}},"39":{"start":{"line":83,"column":1},"end":{"line":83,"column":17}},"40":{"start":{"line":86,"column":0},"end":{"line":111,"column":2}},"41":{"start":{"line":87,"column":15},"end":{"line":108,"column":2}},"42":{"start":{"line":89,"column":2},"end":{"line":107,"column":3}},"43":{"start":{"line":90,"column":3},"end":{"line":90,"column":51}},"44":{"start":{"line":93,"column":15},"end":{"line":99,"column":34}},"45":{"start":{"line":101,"column":17},"end":{"line":101,"column":72}},"46":{"start":{"line":102,"column":3},"end":{"line":102,"column":24}},"47":{"start":{"line":103,"column":3},"end":{"line":103,"column":18}},"48":{"start":{"line":105,"column":3},"end":{"line":105,"column":54}},"49":{"start":{"line":106,"column":3},"end":{"line":106,"column":24}},"50":{"start":{"line":110,"column":1},"end":{"line":110,"column":18}},"51":{"start":{"line":114,"column":0},"end":{"line":165,"column":2}},"52":{"start":{"line":115,"column":18},"end":{"line":162,"column":2}},"53":{"start":{"line":117,"column":2},"end":{"line":161,"column":3}},"54":{"start":{"line":118,"column":20},"end":{"line":118,"column":54}},"55":{"start":{"line":120,"column":15},"end":{"line":153,"column":27}},"56":{"start":{"line":155,"column":16},"end":{"line":155,"column":45}},"57":{"start":{"line":156,"column":3},"end":{"line":156,"column":24}},"58":{"start":{"line":157,"column":3},"end":{"line":157,"column":26}},"59":{"start":{"line":159,"column":3},"end":{"line":159,"column":49}},"60":{"start":{"line":160,"column":3},"end":{"line":160,"column":24}},"61":{"start":{"line":164,"column":1},"end":{"line":164,"column":21}},"62":{"start":{"line":168,"column":0},"end":{"line":238,"column":2}},"63":{"start":{"line":169,"column":18},"end":{"line":236,"column":2}},"64":{"start":{"line":171,"column":2},"end":{"line":235,"column":3}},"65":{"start":{"line":172,"column":3},"end":{"line":172,"column":51}},"66":{"start":{"line":174,"column":15},"end":{"line":207,"column":30}},"67":{"start":{"line":211,"column":16},"end":{"line":211,"column":45}},"68":{"start":{"line":214,"column":3},"end":{"line":228,"column":4}},"69":{"start":{"line":215,"column":4},"end":{"line":215,"column":46}},"70":{"start":{"line":218,"column":5},"end":{"line":218,"column":63}},"71":{"start":{"line":219,"column":4},"end":{"line":219,"column":42}},"72":{"start":{"line":222,"column":5},"end":{"line":222,"column":90}},"73":{"start":{"line":223,"column":4},"end":{"line":223,"column":49}},"74":{"start":{"line":226,"column":5},"end":{"line":226,"column":93}},"75":{"start":{"line":227,"column":4},"end":{"line":227,"column":52}},"76":{"start":{"line":230,"column":3},"end":{"line":230,"column":24}},"77":{"start":{"line":231,"column":3},"end":{"line":231,"column":17}},"78":{"start":{"line":233,"column":3},"end":{"line":233,"column":49}},"79":{"start":{"line":234,"column":3},"end":{"line":234,"column":24}},"80":{"start":{"line":237,"column":1},"end":{"line":237,"column":21}},"81":{"start":{"line":240,"column":0},"end":{"line":255,"column":2}},"82":{"start":{"line":241,"column":19},"end":{"line":253,"column":2}},"83":{"start":{"line":243,"column":2},"end":{"line":252,"column":3}},"84":{"start":{"line":244,"column":20},"end":{"line":244,"column":54}},"85":{"start":{"line":245,"column":16},"end":{"line":245,"column":59}},"86":{"start":{"line":246,"column":3},"end":{"line":246,"column":41}},"87":{"start":{"line":247,"column":3},"end":{"line":247,"column":24}},"88":{"start":{"line":248,"column":3},"end":{"line":248,"column":17}},"89":{"start":{"line":250,"column":3},"end":{"line":250,"column":49}},"90":{"start":{"line":251,"column":3},"end":{"line":251,"column":24}},"91":{"start":{"line":254,"column":1},"end":{"line":254,"column":22}},"92":{"start":{"line":257,"column":0},"end":{"line":276,"column":2}},"93":{"start":{"line":258,"column":14},"end":{"line":274,"column":2}},"94":{"start":{"line":260,"column":2},"end":{"line":273,"column":3}},"95":{"start":{"line":261,"column":3},"end":{"line":261,"column":51}},"96":{"start":{"line":262,"column":17},"end":{"line":264,"column":4}},"97":{"start":{"line":265,"column":3},"end":{"line":265,"column":24}},"98":{"start":{"line":266,"column":3},"end":{"line":268,"column":4}},"99":{"start":{"line":267,"column":4},"end":{"line":267,"column":64}},"100":{"start":{"line":269,"column":3},"end":{"line":269,"column":21}},"101":{"start":{"line":271,"column":3},"end":{"line":271,"column":48}},"102":{"start":{"line":272,"column":3},"end":{"line":272,"column":24}},"103":{"start":{"line":275,"column":1},"end":{"line":275,"column":17}},"104":{"start":{"line":278,"column":0},"end":{"line":294,"column":2}},"105":{"start":{"line":279,"column":14},"end":{"line":292,"column":2}},"106":{"start":{"line":281,"column":2},"end":{"line":291,"column":3}},"107":{"start":{"line":282,"column":3},"end":{"line":282,"column":51}},"108":{"start":{"line":283,"column":17},"end":{"line":285,"column":4}},"109":{"start":{"line":286,"column":3},"end":{"line":286,"column":24}},"110":{"start":{"line":287,"column":3},"end":{"line":287,"column":18}},"111":{"start":{"line":289,"column":3},"end":{"line":289,"column":48}},"112":{"start":{"line":290,"column":3},"end":{"line":290,"column":24}},"113":{"start":{"line":293,"column":1},"end":{"line":293,"column":17}},"114":{"start":{"line":296,"column":0},"end":{"line":306,"column":2}},"115":{"start":{"line":297,"column":20},"end":{"line":303,"column":2}},"116":{"start":{"line":298,"column":2},"end":{"line":302,"column":3}},"117":{"start":{"line":299,"column":3},"end":{"line":299,"column":65}},"118":{"start":{"line":301,"column":3},"end":{"line":301,"column":52}},"119":{"start":{"line":305,"column":1},"end":{"line":305,"column":23}},"120":{"start":{"line":308,"column":0},"end":{"line":308,"column":32}}},"fnMap":{"0":{"name":"NodeRepository","decl":{"start":{"line":5,"column":9},"end":{"line":5,"column":23}},"loc":{"start":{"line":5,"column":26},"end":{"line":5,"column":28}},"line":5},"1":{"name":"(anonymous_1)","decl":{"start":{"line":7,"column":38},"end":{"line":7,"column":39}},"loc":{"start":{"line":7,"column":55},"end":{"line":22,"column":1}},"line":7},"2":{"name":"(anonymous_2)","decl":{"start":{"line":12,"column":12},"end":{"line":12,"column":13}},"loc":{"start":{"line":12,"column":24},"end":{"line":20,"column":2}},"line":12},"3":{"name":"(anonymous_3)","decl":{"start":{"line":24,"column":39},"end":{"line":24,"column":40}},"loc":{"start":{"line":24,"column":56},"end":{"line":38,"column":1}},"line":24},"4":{"name":"(anonymous_4)","decl":{"start":{"line":25,"column":15},"end":{"line":25,"column":16}},"loc":{"start":{"line":25,"column":27},"end":{"line":36,"column":2}},"line":25},"5":{"name":"(anonymous_5)","decl":{"start":{"line":40,"column":44},"end":{"line":40,"column":45}},"loc":{"start":{"line":40,"column":77},"end":{"line":66,"column":1}},"line":40},"6":{"name":"(anonymous_6)","decl":{"start":{"line":41,"column":20},"end":{"line":41,"column":21}},"loc":{"start":{"line":41,"column":32},"end":{"line":64,"column":2}},"line":41},"7":{"name":"(anonymous_7)","decl":{"start":{"line":68,"column":37},"end":{"line":68,"column":38}},"loc":{"start":{"line":68,"column":54},"end":{"line":84,"column":1}},"line":68},"8":{"name":"(anonymous_8)","decl":{"start":{"line":69,"column":14},"end":{"line":69,"column":15}},"loc":{"start":{"line":69,"column":26},"end":{"line":81,"column":2}},"line":69},"9":{"name":"(anonymous_9)","decl":{"start":{"line":86,"column":51},"end":{"line":86,"column":52}},"loc":{"start":{"line":86,"column":68},"end":{"line":111,"column":1}},"line":86},"10":{"name":"(anonymous_10)","decl":{"start":{"line":87,"column":15},"end":{"line":87,"column":16}},"loc":{"start":{"line":87,"column":27},"end":{"line":108,"column":2}},"line":87},"11":{"name":"(anonymous_11)","decl":{"start":{"line":114,"column":42},"end":{"line":114,"column":43}},"loc":{"start":{"line":114,"column":73},"end":{"line":165,"column":1}},"line":114},"12":{"name":"(anonymous_12)","decl":{"start":{"line":115,"column":18},"end":{"line":115,"column":19}},"loc":{"start":{"line":115,"column":30},"end":{"line":162,"column":2}},"line":115},"13":{"name":"(anonymous_13)","decl":{"start":{"line":168,"column":42},"end":{"line":168,"column":43}},"loc":{"start":{"line":168,"column":69},"end":{"line":238,"column":1}},"line":168},"14":{"name":"(anonymous_14)","decl":{"start":{"line":169,"column":18},"end":{"line":169,"column":19}},"loc":{"start":{"line":169,"column":30},"end":{"line":236,"column":2}},"line":169},"15":{"name":"(anonymous_15)","decl":{"start":{"line":240,"column":42},"end":{"line":240,"column":43}},"loc":{"start":{"line":240,"column":59},"end":{"line":255,"column":1}},"line":240},"16":{"name":"(anonymous_16)","decl":{"start":{"line":241,"column":19},"end":{"line":241,"column":20}},"loc":{"start":{"line":241,"column":31},"end":{"line":253,"column":2}},"line":241},"17":{"name":"(anonymous_17)","decl":{"start":{"line":257,"column":41},"end":{"line":257,"column":42}},"loc":{"start":{"line":257,"column":58},"end":{"line":276,"column":1}},"line":257},"18":{"name":"(anonymous_18)","decl":{"start":{"line":258,"column":14},"end":{"line":258,"column":15}},"loc":{"start":{"line":258,"column":26},"end":{"line":274,"column":2}},"line":258},"19":{"name":"(anonymous_19)","decl":{"start":{"line":278,"column":41},"end":{"line":278,"column":42}},"loc":{"start":{"line":278,"column":58},"end":{"line":294,"column":1}},"line":278},"20":{"name":"(anonymous_20)","decl":{"start":{"line":279,"column":14},"end":{"line":279,"column":15}},"loc":{"start":{"line":279,"column":26},"end":{"line":292,"column":2}},"line":279},"21":{"name":"(anonymous_21)","decl":{"start":{"line":296,"column":43},"end":{"line":296,"column":44}},"loc":{"start":{"line":296,"column":60},"end":{"line":306,"column":1}},"line":296},"22":{"name":"(anonymous_22)","decl":{"start":{"line":297,"column":20},"end":{"line":297,"column":21}},"loc":{"start":{"line":297,"column":32},"end":{"line":303,"column":2}},"line":297}},"branchMap":{"0":{"loc":{"start":{"line":214,"column":3},"end":{"line":228,"column":4}},"type":"if","locations":[{"start":{"line":214,"column":3},"end":{"line":228,"column":4}},{"start":{"line":214,"column":3},"end":{"line":228,"column":4}}],"line":214},"1":{"loc":{"start":{"line":214,"column":7},"end":{"line":214,"column":57}},"type":"binary-expr","locations":[{"start":{"line":214,"column":7},"end":{"line":214,"column":28}},{"start":{"line":214,"column":32},"end":{"line":214,"column":57}}],"line":214},"2":{"loc":{"start":{"line":266,"column":3},"end":{"line":268,"column":4}},"type":"if","locations":[{"start":{"line":266,"column":3},"end":{"line":268,"column":4}},{"start":{"line":266,"column":3},"end":{"line":268,"column":4}}],"line":266}},"s":{"0":1,"1":4,"2":4,"3":4,"4":4,"5":4,"6":4,"7":4,"8":4,"9":0,"10":4,"11":1,"12":0,"13":0,"14":0,"15":0,"16":0,"17":0,"18":0,"19":0,"20":0,"21":1,"22":13,"23":13,"24":13,"25":13,"26":13,"27":13,"28":0,"29":13,"30":1,"31":0,"32":0,"33":0,"34":0,"35":0,"36":0,"37":0,"38":0,"39":0,"40":1,"41":0,"42":0,"43":0,"44":0,"45":0,"46":0,"47":0,"48":0,"49":0,"50":0,"51":1,"52":0,"53":0,"54":0,"55":0,"56":0,"57":0,"58":0,"59":0,"60":0,"61":0,"62":1,"63":0,"64":0,"65":0,"66":0,"67":0,"68":0,"69":0,"70":0,"71":0,"72":0,"73":0,"74":0,"75":0,"76":0,"77":0,"78":0,"79":0,"80":0,"81":1,"82":13,"83":13,"84":13,"85":13,"86":13,"87":13,"88":13,"89":0,"90":0,"91":13,"92":1,"93":0,"94":0,"95":0,"96":0,"97":0,"98":0,"99":0,"100":0,"101":0,"102":0,"103":0,"104":1,"105":0,"106":0,"107":0,"108":0,"109":0,"110":0,"111":0,"112":0,"113":0,"114":1,"115":26,"116":26,"117":26,"118":0,"119":26,"120":1},"f":{"0":4,"1":4,"2":4,"3":0,"4":0,"5":13,"6":13,"7":0,"8":0,"9":0,"10":0,"11":0,"12":0,"13":0,"14":0,"15":13,"16":13,"17":0,"18":0,"19":0,"20":0,"21":26,"22":26},"b":{"0":[0,0],"1":[0,0],"2":[0,0]},"_coverageSchema":"332fd63041d2c1bcb487cc26dd0d5f7d97098a6c","hash":"8fbd72ff96d89e0dc2543ccc49ccf3456ce47132","contentHash":"a1b979b1b8b09036f43cbd433da7355f_11.9.0"},"/Users/timbewsey1/Documents/GitHub/aece_ver2/lib/services/db_connection_service.js":{"path":"/Users/timbewsey1/Documents/GitHub/aece_ver2/lib/services/db_connection_service.js","statementMap":{"0":{"start":{"line":6,"column":1},"end":{"line":6,"column":20}},"1":{"start":{"line":9,"column":0},"end":{"line":32,"column":2}},"2":{"start":{"line":10,"column":13},"end":{"line":10,"column":37}},"3":{"start":{"line":12,"column":1},"end":{"line":31,"column":4}},"4":{"start":{"line":13,"column":2},"end":{"line":13,"column":49}},"5":{"start":{"line":14,"column":2},"end":{"line":30,"column":3}},"6":{"start":{"line":15,"column":3},"end":{"line":24,"column":6}},"7":{"start":{"line":25,"column":3},"end":{"line":25,"column":62}},"8":{"start":{"line":26,"column":3},"end":{"line":26,"column":13}},"9":{"start":{"line":28,"column":3},"end":{"line":28,"column":53}},"10":{"start":{"line":29,"column":3},"end":{"line":29,"column":22}},"11":{"start":{"line":34,"column":0},"end":{"line":47,"column":2}},"12":{"start":{"line":35,"column":12},"end":{"line":35,"column":16}},"13":{"start":{"line":38,"column":2},"end":{"line":44,"column":3}},"14":{"start":{"line":39,"column":20},"end":{"line":39,"column":53}},"15":{"start":{"line":41,"column":3},"end":{"line":41,"column":21}},"16":{"start":{"line":43,"column":3},"end":{"line":43,"column":42}},"17":{"start":{"line":46,"column":1},"end":{"line":46,"column":18}},"18":{"start":{"line":49,"column":0},"end":{"line":49,"column":37}}},"fnMap":{"0":{"name":"DbConnectionService","decl":{"start":{"line":5,"column":9},"end":{"line":5,"column":28}},"loc":{"start":{"line":5,"column":31},"end":{"line":7,"column":1}},"line":5},"1":{"name":"(anonymous_1)","decl":{"start":{"line":9,"column":43},"end":{"line":9,"column":44}},"loc":{"start":{"line":9,"column":68},"end":{"line":32,"column":1}},"line":9},"2":{"name":"(anonymous_2)","decl":{"start":{"line":12,"column":20},"end":{"line":12,"column":21}},"loc":{"start":{"line":12,"column":41},"end":{"line":31,"column":2}},"line":12},"3":{"name":"(anonymous_3)","decl":{"start":{"line":34,"column":46},"end":{"line":34,"column":47}},"loc":{"start":{"line":34,"column":63},"end":{"line":47,"column":1}},"line":34},"4":{"name":"connect","decl":{"start":{"line":37,"column":16},"end":{"line":37,"column":23}},"loc":{"start":{"line":37,"column":26},"end":{"line":45,"column":2}},"line":37}},"branchMap":{},"s":{"0":4,"1":1,"2":4,"3":4,"4":4,"5":4,"6":4,"7":4,"8":4,"9":0,"10":0,"11":1,"12":26,"13":26,"14":26,"15":26,"16":0,"17":26,"18":1},"f":{"0":4,"1":4,"2":4,"3":26,"4":26},"b":{},"_coverageSchema":"332fd63041d2c1bcb487cc26dd0d5f7d97098a6c","hash":"554a329d6bec0a1b3b97a4e96e920ad4654ddc7b","contentHash":"164d77bb4cc734343fb144fab8e0f496_11.9.0"},"/Users/timbewsey1/Documents/GitHub/aece_ver2/lib/services/serial_port_service.js":{"path":"/Users/timbewsey1/Documents/GitHub/aece_ver2/lib/services/serial_port_service.js","statementMap":{"0":{"start":{"line":7,"column":0},"end":{"line":43,"column":2}},"1":{"start":{"line":8,"column":1},"end":{"line":8,"column":74}},"2":{"start":{"line":10,"column":29},"end":{"line":17,"column":2}},"3":{"start":{"line":11,"column":2},"end":{"line":16,"column":3}},"4":{"start":{"line":12,"column":14},"end":{"line":12,"column":64}},"5":{"start":{"line":13,"column":3},"end":{"line":13,"column":15}},"6":{"start":{"line":15,"column":3},"end":{"line":15,"column":51}},"7":{"start":{"line":19,"column":21},"end":{"line":27,"column":2}},"8":{"start":{"line":20,"column":2},"end":{"line":26,"column":3}},"9":{"start":{"line":21,"column":17},"end":{"line":21,"column":83}},"10":{"start":{"line":22,"column":16},"end":{"line":22,"column":46}},"11":{"start":{"line":23,"column":3},"end":{"line":23,"column":17}},"12":{"start":{"line":25,"column":3},"end":{"line":25,"column":61}},"13":{"start":{"line":29,"column":12},"end":{"line":40,"column":2}},"14":{"start":{"line":30,"column":2},"end":{"line":39,"column":3}},"15":{"start":{"line":31,"column":18},"end":{"line":31,"column":47}},"16":{"start":{"line":32,"column":3},"end":{"line":32,"column":33}},"17":{"start":{"line":33,"column":3},"end":{"line":33,"column":75}},"18":{"start":{"line":35,"column":3},"end":{"line":38,"column":5}},"19":{"start":{"line":42,"column":1},"end":{"line":42,"column":15}},"20":{"start":{"line":45,"column":0},"end":{"line":64,"column":2}},"21":{"start":{"line":46,"column":16},"end":{"line":62,"column":2}},"22":{"start":{"line":47,"column":2},"end":{"line":61,"column":3}},"23":{"start":{"line":48,"column":14},"end":{"line":48,"column":64}},"24":{"start":{"line":50,"column":3},"end":{"line":50,"column":51}},"25":{"start":{"line":51,"column":13},"end":{"line":51,"column":32}},"26":{"start":{"line":52,"column":3},"end":{"line":57,"column":6}},"27":{"start":{"line":53,"column":4},"end":{"line":56,"column":5}},"28":{"start":{"line":54,"column":5},"end":{"line":54,"column":55}},"29":{"start":{"line":55,"column":5},"end":{"line":55,"column":36}},"30":{"start":{"line":58,"column":3},"end":{"line":58,"column":35}},"31":{"start":{"line":60,"column":3},"end":{"line":60,"column":46}},"32":{"start":{"line":63,"column":1},"end":{"line":63,"column":19}},"33":{"start":{"line":66,"column":0},"end":{"line":66,"column":35}}},"fnMap":{"0":{"name":"SerialPortService","decl":{"start":{"line":5,"column":9},"end":{"line":5,"column":26}},"loc":{"start":{"line":5,"column":29},"end":{"line":5,"column":31}},"line":5},"1":{"name":"(anonymous_1)","decl":{"start":{"line":7,"column":41},"end":{"line":7,"column":42}},"loc":{"start":{"line":7,"column":58},"end":{"line":43,"column":1}},"line":7},"2":{"name":"(anonymous_2)","decl":{"start":{"line":10,"column":29},"end":{"line":10,"column":30}},"loc":{"start":{"line":10,"column":41},"end":{"line":17,"column":2}},"line":10},"3":{"name":"(anonymous_3)","decl":{"start":{"line":19,"column":21},"end":{"line":19,"column":22}},"loc":{"start":{"line":19,"column":35},"end":{"line":27,"column":2}},"line":19},"4":{"name":"(anonymous_4)","decl":{"start":{"line":29,"column":12},"end":{"line":29,"column":13}},"loc":{"start":{"line":29,"column":24},"end":{"line":40,"column":2}},"line":29},"5":{"name":"(anonymous_5)","decl":{"start":{"line":45,"column":42},"end":{"line":45,"column":43}},"loc":{"start":{"line":45,"column":68},"end":{"line":64,"column":1}},"line":45},"6":{"name":"(anonymous_6)","decl":{"start":{"line":46,"column":16},"end":{"line":46,"column":17}},"loc":{"start":{"line":46,"column":28},"end":{"line":62,"column":2}},"line":46},"7":{"name":"(anonymous_7)","decl":{"start":{"line":52,"column":19},"end":{"line":52,"column":20}},"loc":{"start":{"line":52,"column":33},"end":{"line":57,"column":4}},"line":52}},"branchMap":{"0":{"loc":{"start":{"line":53,"column":4},"end":{"line":56,"column":5}},"type":"if","locations":[{"start":{"line":53,"column":4},"end":{"line":56,"column":5}},{"start":{"line":53,"column":4},"end":{"line":56,"column":5}}],"line":53}},"s":{"0":1,"1":4,"2":4,"3":4,"4":4,"5":4,"6":0,"7":4,"8":4,"9":4,"10":4,"11":4,"12":0,"13":4,"14":4,"15":4,"16":4,"17":4,"18":0,"19":4,"20":1,"21":0,"22":0,"23":0,"24":0,"25":0,"26":0,"27":0,"28":0,"29":0,"30":0,"31":0,"32":0,"33":1},"f":{"0":4,"1":4,"2":4,"3":4,"4":4,"5":0,"6":0,"7":0},"b":{"0":[0,0]},"_coverageSchema":"332fd63041d2c1bcb487cc26dd0d5f7d97098a6c","hash":"5026e043b59bef14f4582f26da953e118179672c","contentHash":"c1e354f5927869d8799024336e355c48_11.9.0"},"/Users/timbewsey1/Documents/GitHub/aece_ver2/lib/handlers/message_handlers.js":{"path":"/Users/timbewsey1/Documents/GitHub/aece_ver2/lib/handlers/message_handlers.js","statementMap":{"0":{"start":{"line":3,"column":0},"end":{"line":30,"column":2}},"1":{"start":{"line":4,"column":40},"end":{"line":28,"column":2}},"2":{"start":{"line":5,"column":2},"end":{"line":27,"column":3}},"3":{"start":{"line":6,"column":16},"end":{"line":22,"column":4}},"4":{"start":{"line":8,"column":4},"end":{"line":21,"column":5}},"5":{"start":{"line":9,"column":22},"end":{"line":17,"column":6}},"6":{"start":{"line":10,"column":26},"end":{"line":12,"column":7}},"7":{"start":{"line":13,"column":19},"end":{"line":15,"column":7}},"8":{"start":{"line":16,"column":6},"end":{"line":16,"column":59}},"9":{"start":{"line":18,"column":5},"end":{"line":18,"column":25}},"10":{"start":{"line":20,"column":5},"end":{"line":20,"column":66}},"11":{"start":{"line":24,"column":3},"end":{"line":24,"column":17}},"12":{"start":{"line":26,"column":3},"end":{"line":26,"column":58}},"13":{"start":{"line":29,"column":1},"end":{"line":29,"column":43}},"14":{"start":{"line":32,"column":0},"end":{"line":32,"column":33}}},"fnMap":{"0":{"name":"MessageHandlers","decl":{"start":{"line":1,"column":9},"end":{"line":1,"column":24}},"loc":{"start":{"line":1,"column":27},"end":{"line":1,"column":29}},"line":1},"1":{"name":"(anonymous_1)","decl":{"start":{"line":3,"column":56},"end":{"line":3,"column":57}},"loc":{"start":{"line":3,"column":73},"end":{"line":30,"column":1}},"line":3},"2":{"name":"(anonymous_2)","decl":{"start":{"line":4,"column":40},"end":{"line":4,"column":41}},"loc":{"start":{"line":4,"column":52},"end":{"line":28,"column":2}},"line":4},"3":{"name":"(anonymous_3)","decl":{"start":{"line":6,"column":16},"end":{"line":6,"column":17}},"loc":{"start":{"line":6,"column":34},"end":{"line":22,"column":4}},"line":6},"4":{"name":"(anonymous_4)","decl":{"start":{"line":9,"column":22},"end":{"line":9,"column":23}},"loc":{"start":{"line":9,"column":34},"end":{"line":17,"column":6}},"line":9}},"branchMap":{},"s":{"0":1,"1":1,"2":1,"3":1,"4":0,"5":0,"6":0,"7":0,"8":0,"9":0,"10":0,"11":1,"12":0,"13":1,"14":1},"f":{"0":1,"1":1,"2":1,"3":0,"4":0},"b":{},"_coverageSchema":"332fd63041d2c1bcb487cc26dd0d5f7d97098a6c","hash":"7a122a4572d1118dc46166316b671f9017df6325","contentHash":"6a1e617b200140f6e2733dd6c3a27ae6_11.9.0"},"/Users/timbewsey1/Documents/GitHub/aece_ver2/lib/readers/incoming_message_reader.js":{"path":"/Users/timbewsey1/Documents/GitHub/aece_ver2/lib/readers/incoming_message_reader.js","statementMap":{"0":{"start":{"line":3,"column":0},"end":{"line":10,"column":2}},"1":{"start":{"line":4,"column":1},"end":{"line":9,"column":2}},"2":{"start":{"line":5,"column":15},"end":{"line":5,"column":52}},"3":{"start":{"line":6,"column":2},"end":{"line":6,"column":25}},"4":{"start":{"line":8,"column":2},"end":{"line":8,"column":16}},"5":{"start":{"line":12,"column":0},"end":{"line":58,"column":2}},"6":{"start":{"line":13,"column":1},"end":{"line":15,"column":2}},"7":{"start":{"line":14,"column":2},"end":{"line":14,"column":24}},"8":{"start":{"line":17,"column":1},"end":{"line":19,"column":2}},"9":{"start":{"line":18,"column":2},"end":{"line":18,"column":19}},"10":{"start":{"line":21,"column":12},"end":{"line":21,"column":14}},"11":{"start":{"line":22,"column":17},"end":{"line":22,"column":45}},"12":{"start":{"line":24,"column":1},"end":{"line":57,"column":3}},"13":{"start":{"line":25,"column":2},"end":{"line":25,"column":50}},"14":{"start":{"line":26,"column":14},"end":{"line":26,"column":35}},"15":{"start":{"line":28,"column":19},"end":{"line":28,"column":20}},"16":{"start":{"line":29,"column":17},"end":{"line":29,"column":29}},"17":{"start":{"line":30,"column":15},"end":{"line":30,"column":19}},"18":{"start":{"line":32,"column":2},"end":{"line":48,"column":5}},"19":{"start":{"line":33,"column":16},"end":{"line":33,"column":18}},"20":{"start":{"line":35,"column":3},"end":{"line":37,"column":44}},"21":{"start":{"line":35,"column":42},"end":{"line":35,"column":73}},"22":{"start":{"line":36,"column":8},"end":{"line":37,"column":44}},"23":{"start":{"line":37,"column":4},"end":{"line":37,"column":44}},"24":{"start":{"line":39,"column":3},"end":{"line":45,"column":4}},"25":{"start":{"line":40,"column":4},"end":{"line":40,"column":34}},"26":{"start":{"line":42,"column":4},"end":{"line":44,"column":5}},"27":{"start":{"line":43,"column":5},"end":{"line":43,"column":44}},"28":{"start":{"line":47,"column":3},"end":{"line":47,"column":16}},"29":{"start":{"line":50,"column":17},"end":{"line":50,"column":40}},"30":{"start":{"line":52,"column":2},"end":{"line":56,"column":3}},"31":{"start":{"line":53,"column":3},"end":{"line":53,"column":13}},"32":{"start":{"line":55,"column":3},"end":{"line":55,"column":31}},"33":{"start":{"line":60,"column":0},"end":{"line":60,"column":39}}},"fnMap":{"0":{"name":"IncomingMessageReader","decl":{"start":{"line":1,"column":9},"end":{"line":1,"column":30}},"loc":{"start":{"line":1,"column":33},"end":{"line":1,"column":35}},"line":1},"1":{"name":"(anonymous_1)","decl":{"start":{"line":3,"column":46},"end":{"line":3,"column":47}},"loc":{"start":{"line":3,"column":74},"end":{"line":10,"column":1}},"line":3},"2":{"name":"(anonymous_2)","decl":{"start":{"line":12,"column":43},"end":{"line":12,"column":44}},"loc":{"start":{"line":12,"column":78},"end":{"line":58,"column":1}},"line":12},"3":{"name":"(anonymous_3)","decl":{"start":{"line":24,"column":8},"end":{"line":24,"column":9}},"loc":{"start":{"line":24,"column":34},"end":{"line":57,"column":2}},"line":24},"4":{"name":"(anonymous_4)","decl":{"start":{"line":32,"column":16},"end":{"line":32,"column":17}},"loc":{"start":{"line":32,"column":31},"end":{"line":48,"column":3}},"line":32}},"branchMap":{"0":{"loc":{"start":{"line":13,"column":1},"end":{"line":15,"column":2}},"type":"if","locations":[{"start":{"line":13,"column":1},"end":{"line":15,"column":2}},{"start":{"line":13,"column":1},"end":{"line":15,"column":2}}],"line":13},"1":{"loc":{"start":{"line":13,"column":5},"end":{"line":13,"column":69}},"type":"binary-expr","locations":[{"start":{"line":13,"column":5},"end":{"line":13,"column":42}},{"start":{"line":13,"column":46},"end":{"line":13,"column":69}}],"line":13},"2":{"loc":{"start":{"line":17,"column":1},"end":{"line":19,"column":2}},"type":"if","locations":[{"start":{"line":17,"column":1},"end":{"line":19,"column":2}},{"start":{"line":17,"column":1},"end":{"line":19,"column":2}}],"line":17},"3":{"loc":{"start":{"line":17,"column":5},"end":{"line":17,"column":57}},"type":"binary-expr","locations":[{"start":{"line":17,"column":5},"end":{"line":17,"column":36}},{"start":{"line":17,"column":40},"end":{"line":17,"column":57}}],"line":17},"4":{"loc":{"start":{"line":35,"column":3},"end":{"line":37,"column":44}},"type":"if","locations":[{"start":{"line":35,"column":3},"end":{"line":37,"column":44}},{"start":{"line":35,"column":3},"end":{"line":37,"column":44}}],"line":35},"5":{"loc":{"start":{"line":35,"column":7},"end":{"line":35,"column":40}},"type":"binary-expr","locations":[{"start":{"line":35,"column":7},"end":{"line":35,"column":20}},{"start":{"line":35,"column":24},"end":{"line":35,"column":40}}],"line":35},"6":{"loc":{"start":{"line":36,"column":8},"end":{"line":37,"column":44}},"type":"if","locations":[{"start":{"line":36,"column":8},"end":{"line":37,"column":44}},{"start":{"line":36,"column":8},"end":{"line":37,"column":44}}],"line":36},"7":{"loc":{"start":{"line":36,"column":12},"end":{"line":36,"column":46}},"type":"binary-expr","locations":[{"start":{"line":36,"column":12},"end":{"line":36,"column":26}},{"start":{"line":36,"column":30},"end":{"line":36,"column":46}}],"line":36},"8":{"loc":{"start":{"line":39,"column":3},"end":{"line":45,"column":4}},"type":"if","locations":[{"start":{"line":39,"column":3},"end":{"line":45,"column":4}},{"start":{"line":39,"column":3},"end":{"line":45,"column":4}}],"line":39},"9":{"loc":{"start":{"line":42,"column":4},"end":{"line":44,"column":5}},"type":"if","locations":[{"start":{"line":42,"column":4},"end":{"line":44,"column":5}},{"start":{"line":42,"column":4},"end":{"line":44,"column":5}}],"line":42},"10":{"loc":{"start":{"line":52,"column":2},"end":{"line":56,"column":3}},"type":"if","locations":[{"start":{"line":52,"column":2},"end":{"line":56,"column":3}},{"start":{"line":52,"column":2},"end":{"line":56,"column":3}}],"line":52}},"s":{"0":1,"1":0,"2":0,"3":0,"4":0,"5":1,"6":6,"7":0,"8":6,"9":6,"10":6,"11":6,"12":6,"13":10,"14":10,"15":10,"16":10,"17":10,"18":10,"19":22,"20":22,"21":0,"22":22,"23":11,"24":22,"25":11,"26":11,"27":7,"28":22,"29":10,"30":10,"31":5,"32":5,"33":1},"f":{"0":1,"1":0,"2":6,"3":10,"4":22},"b":{"0":[0,6],"1":[6,6],"2":[6,0],"3":[6,0],"4":[0,22],"5":[22,0],"6":[11,11],"7":[22,12],"8":[11,11],"9":[7,4],"10":[5,5]},"_coverageSchema":"332fd63041d2c1bcb487cc26dd0d5f7d97098a6c","hash":"3e0ff24a10944a72a2dc772dbff7d495d9786c7f","contentHash":"5a6fc98925b94660fc184c89ccfbe662_11.9.0"},"/Users/timbewsey1/Documents/GitHub/aece_ver2/lib/utils/packet_utils.js":{"path":"/Users/timbewsey1/Documents/GitHub/aece_ver2/lib/utils/packet_utils.js","statementMap":{"0":{"start":{"line":5,"column":20},"end":{"line":8,"column":1}},"1":{"start":{"line":6,"column":19},"end":{"line":6,"column":60}},"2":{"start":{"line":7,"column":1},"end":{"line":7,"column":36}},"3":{"start":{"line":10,"column":0},"end":{"line":13,"column":2}},"4":{"start":{"line":11,"column":16},"end":{"line":11,"column":51}},"5":{"start":{"line":12,"column":1},"end":{"line":12,"column":51}},"6":{"start":{"line":15,"column":0},"end":{"line":18,"column":2}},"7":{"start":{"line":16,"column":16},"end":{"line":16,"column":51}},"8":{"start":{"line":17,"column":1},"end":{"line":17,"column":51}},"9":{"start":{"line":20,"column":0},"end":{"line":38,"column":2}},"10":{"start":{"line":21,"column":23},"end":{"line":21,"column":24}},"11":{"start":{"line":22,"column":24},"end":{"line":22,"column":25}},"12":{"start":{"line":23,"column":21},"end":{"line":23,"column":22}},"13":{"start":{"line":27,"column":2},"end":{"line":32,"column":13}},"14":{"start":{"line":34,"column":15},"end":{"line":34,"column":22}},"15":{"start":{"line":37,"column":1},"end":{"line":37,"column":42}},"16":{"start":{"line":43,"column":0},"end":{"line":85,"column":2}},"17":{"start":{"line":44,"column":14},"end":{"line":44,"column":16}},"18":{"start":{"line":46,"column":1},"end":{"line":62,"column":2}},"19":{"start":{"line":50,"column":15},"end":{"line":50,"column":36}},"20":{"start":{"line":52,"column":2},"end":{"line":52,"column":32}},"21":{"start":{"line":52,"column":22},"end":{"line":52,"column":32}},"22":{"start":{"line":55,"column":2},"end":{"line":57,"column":5}},"23":{"start":{"line":56,"column":3},"end":{"line":56,"column":48}},"24":{"start":{"line":58,"column":2},"end":{"line":58,"column":8}},"25":{"start":{"line":60,"column":2},"end":{"line":60,"column":16}},"26":{"start":{"line":61,"column":2},"end":{"line":61,"column":8}},"27":{"start":{"line":64,"column":16},"end":{"line":64,"column":29}},"28":{"start":{"line":65,"column":11},"end":{"line":65,"column":17}},"29":{"start":{"line":66,"column":18},"end":{"line":66,"column":22}},"30":{"start":{"line":69,"column":1},"end":{"line":77,"column":2}},"31":{"start":{"line":70,"column":2},"end":{"line":70,"column":37}},"32":{"start":{"line":72,"column":2},"end":{"line":76,"column":3}},"33":{"start":{"line":73,"column":3},"end":{"line":74,"column":18}},"34":{"start":{"line":73,"column":47},"end":{"line":73,"column":73}},"35":{"start":{"line":74,"column":8},"end":{"line":74,"column":18}},"36":{"start":{"line":75,"column":3},"end":{"line":75,"column":20}},"37":{"start":{"line":79,"column":1},"end":{"line":79,"column":12}},"38":{"start":{"line":80,"column":1},"end":{"line":80,"column":18}},"39":{"start":{"line":81,"column":1},"end":{"line":81,"column":47}},"40":{"start":{"line":82,"column":1},"end":{"line":82,"column":15}},"41":{"start":{"line":84,"column":1},"end":{"line":84,"column":12}},"42":{"start":{"line":87,"column":0},"end":{"line":95,"column":2}},"43":{"start":{"line":88,"column":13},"end":{"line":88,"column":15}},"44":{"start":{"line":90,"column":1},"end":{"line":92,"column":2}},"45":{"start":{"line":91,"column":2},"end":{"line":91,"column":15}},"46":{"start":{"line":94,"column":1},"end":{"line":94,"column":20}},"47":{"start":{"line":101,"column":0},"end":{"line":125,"column":2}},"48":{"start":{"line":102,"column":18},"end":{"line":123,"column":2}},"49":{"start":{"line":103,"column":14},"end":{"line":103,"column":33}},"50":{"start":{"line":104,"column":15},"end":{"line":104,"column":34}},"51":{"start":{"line":105,"column":16},"end":{"line":105,"column":35}},"52":{"start":{"line":106,"column":15},"end":{"line":106,"column":34}},"53":{"start":{"line":107,"column":18},"end":{"line":107,"column":38}},"54":{"start":{"line":108,"column":16},"end":{"line":108,"column":51}},"55":{"start":{"line":109,"column":13},"end":{"line":109,"column":39}},"56":{"start":{"line":110,"column":12},"end":{"line":110,"column":39}},"57":{"start":{"line":112,"column":2},"end":{"line":122,"column":4}},"58":{"start":{"line":124,"column":1},"end":{"line":124,"column":21}},"59":{"start":{"line":127,"column":0},"end":{"line":170,"column":2}},"60":{"start":{"line":140,"column":14},"end":{"line":140,"column":45}},"61":{"start":{"line":142,"column":1},"end":{"line":142,"column":26}},"62":{"start":{"line":143,"column":1},"end":{"line":143,"column":50}},"63":{"start":{"line":144,"column":1},"end":{"line":144,"column":51}},"64":{"start":{"line":145,"column":1},"end":{"line":145,"column":53}},"65":{"start":{"line":147,"column":1},"end":{"line":155,"column":2}},"66":{"start":{"line":149,"column":2},"end":{"line":149,"column":64}},"67":{"start":{"line":150,"column":2},"end":{"line":150,"column":8}},"68":{"start":{"line":153,"column":2},"end":{"line":153,"column":61}},"69":{"start":{"line":154,"column":2},"end":{"line":154,"column":8}},"70":{"start":{"line":157,"column":1},"end":{"line":157,"column":46}},"71":{"start":{"line":158,"column":1},"end":{"line":159,"column":61}},"72":{"start":{"line":160,"column":1},"end":{"line":160,"column":72}},"73":{"start":{"line":161,"column":1},"end":{"line":161,"column":73}},"74":{"start":{"line":164,"column":1},"end":{"line":165,"column":35}},"75":{"start":{"line":165,"column":2},"end":{"line":165,"column":35}},"76":{"start":{"line":167,"column":1},"end":{"line":167,"column":76}},"77":{"start":{"line":169,"column":1},"end":{"line":169,"column":15}},"78":{"start":{"line":172,"column":0},"end":{"line":191,"column":2}},"79":{"start":{"line":176,"column":14},"end":{"line":176,"column":31}},"80":{"start":{"line":177,"column":17},"end":{"line":177,"column":50}},"81":{"start":{"line":178,"column":18},"end":{"line":178,"column":40}},"82":{"start":{"line":179,"column":16},"end":{"line":179,"column":35}},"83":{"start":{"line":182,"column":11},"end":{"line":182,"column":28}},"84":{"start":{"line":183,"column":14},"end":{"line":183,"column":44}},"85":{"start":{"line":184,"column":17},"end":{"line":184,"column":33}},"86":{"start":{"line":186,"column":1},"end":{"line":190,"column":3}},"87":{"start":{"line":193,"column":0},"end":{"line":212,"column":2}},"88":{"start":{"line":197,"column":14},"end":{"line":197,"column":31}},"89":{"start":{"line":198,"column":17},"end":{"line":198,"column":50}},"90":{"start":{"line":199,"column":18},"end":{"line":199,"column":40}},"91":{"start":{"line":200,"column":16},"end":{"line":200,"column":35}},"92":{"start":{"line":203,"column":11},"end":{"line":203,"column":28}},"93":{"start":{"line":204,"column":14},"end":{"line":204,"column":44}},"94":{"start":{"line":205,"column":17},"end":{"line":205,"column":33}},"95":{"start":{"line":207,"column":1},"end":{"line":211,"column":3}},"96":{"start":{"line":214,"column":0},"end":{"line":232,"column":2}},"97":{"start":{"line":220,"column":19},"end":{"line":220,"column":23}},"98":{"start":{"line":222,"column":1},"end":{"line":229,"column":2}},"99":{"start":{"line":224,"column":2},"end":{"line":224,"column":53}},"100":{"start":{"line":225,"column":2},"end":{"line":225,"column":8}},"101":{"start":{"line":228,"column":2},"end":{"line":228,"column":58}},"102":{"start":{"line":231,"column":1},"end":{"line":231,"column":57}},"103":{"start":{"line":234,"column":0},"end":{"line":246,"column":2}},"104":{"start":{"line":235,"column":1},"end":{"line":245,"column":2}},"105":{"start":{"line":236,"column":2},"end":{"line":244,"column":3}},"106":{"start":{"line":237,"column":3},"end":{"line":243,"column":4}},"107":{"start":{"line":238,"column":4},"end":{"line":242,"column":5}},"108":{"start":{"line":239,"column":22},"end":{"line":239,"column":32}},"109":{"start":{"line":240,"column":5},"end":{"line":241,"column":71}},"110":{"start":{"line":241,"column":6},"end":{"line":241,"column":71}},"111":{"start":{"line":248,"column":0},"end":{"line":260,"column":2}},"112":{"start":{"line":249,"column":14},"end":{"line":249,"column":34}},"113":{"start":{"line":250,"column":23},"end":{"line":250,"column":27}},"114":{"start":{"line":252,"column":1},"end":{"line":258,"column":2}},"115":{"start":{"line":253,"column":2},"end":{"line":253,"column":41}},"116":{"start":{"line":255,"column":2},"end":{"line":255,"column":42}},"117":{"start":{"line":256,"column":2},"end":{"line":256,"column":42}},"118":{"start":{"line":257,"column":2},"end":{"line":257,"column":49}},"119":{"start":{"line":259,"column":1},"end":{"line":259,"column":24}},"120":{"start":{"line":262,"column":0},"end":{"line":277,"column":2}},"121":{"start":{"line":263,"column":1},"end":{"line":276,"column":3}},"122":{"start":{"line":279,"column":0},"end":{"line":319,"column":2}},"123":{"start":{"line":280,"column":1},"end":{"line":318,"column":3}},"124":{"start":{"line":321,"column":0},"end":{"line":333,"column":2}},"125":{"start":{"line":325,"column":19},"end":{"line":325,"column":20}},"126":{"start":{"line":326,"column":1},"end":{"line":331,"column":4}},"127":{"start":{"line":327,"column":2},"end":{"line":330,"column":3}},"128":{"start":{"line":329,"column":3},"end":{"line":329,"column":19}},"129":{"start":{"line":332,"column":1},"end":{"line":332,"column":20}},"130":{"start":{"line":339,"column":0},"end":{"line":361,"column":2}},"131":{"start":{"line":341,"column":1},"end":{"line":343,"column":3}},"132":{"start":{"line":345,"column":13},"end":{"line":345,"column":72}},"133":{"start":{"line":346,"column":11},"end":{"line":346,"column":57}},"134":{"start":{"line":347,"column":11},"end":{"line":347,"column":53}},"135":{"start":{"line":348,"column":1},"end":{"line":348,"column":34}},"136":{"start":{"line":351,"column":16},"end":{"line":351,"column":38}},"137":{"start":{"line":353,"column":11},"end":{"line":353,"column":63}},"138":{"start":{"line":355,"column":1},"end":{"line":355,"column":66}},"139":{"start":{"line":358,"column":1},"end":{"line":360,"column":4}},"140":{"start":{"line":359,"column":2},"end":{"line":359,"column":25}},"141":{"start":{"line":363,"column":0},"end":{"line":363,"column":29}}},"fnMap":{"0":{"name":"(anonymous_0)","decl":{"start":{"line":5,"column":20},"end":{"line":5,"column":21}},"loc":{"start":{"line":5,"column":31},"end":{"line":8,"column":1}},"line":5},"1":{"name":"(anonymous_1)","decl":{"start":{"line":10,"column":42},"end":{"line":10,"column":43}},"loc":{"start":{"line":10,"column":70},"end":{"line":13,"column":1}},"line":10},"2":{"name":"(anonymous_2)","decl":{"start":{"line":15,"column":42},"end":{"line":15,"column":43}},"loc":{"start":{"line":15,"column":70},"end":{"line":18,"column":1}},"line":15},"3":{"name":"(anonymous_3)","decl":{"start":{"line":20,"column":46},"end":{"line":20,"column":47}},"loc":{"start":{"line":20,"column":78},"end":{"line":38,"column":1}},"line":20},"4":{"name":"(anonymous_4)","decl":{"start":{"line":43,"column":36},"end":{"line":43,"column":37}},"loc":{"start":{"line":43,"column":51},"end":{"line":85,"column":1}},"line":43},"5":{"name":"(anonymous_5)","decl":{"start":{"line":55,"column":17},"end":{"line":55,"column":18}},"loc":{"start":{"line":55,"column":32},"end":{"line":57,"column":3}},"line":55},"6":{"name":"(anonymous_6)","decl":{"start":{"line":87,"column":28},"end":{"line":87,"column":29}},"loc":{"start":{"line":87,"column":47},"end":{"line":95,"column":1}},"line":87},"7":{"name":"(anonymous_7)","decl":{"start":{"line":101,"column":36},"end":{"line":101,"column":37}},"loc":{"start":{"line":101,"column":53},"end":{"line":125,"column":1}},"line":101},"8":{"name":"(anonymous_8)","decl":{"start":{"line":102,"column":18},"end":{"line":102,"column":19}},"loc":{"start":{"line":102,"column":30},"end":{"line":123,"column":2}},"line":102},"9":{"name":"(anonymous_9)","decl":{"start":{"line":127,"column":43},"end":{"line":127,"column":44}},"loc":{"start":{"line":139,"column":2},"end":{"line":170,"column":1}},"line":139},"10":{"name":"(anonymous_10)","decl":{"start":{"line":172,"column":36},"end":{"line":172,"column":37}},"loc":{"start":{"line":172,"column":51},"end":{"line":191,"column":1}},"line":172},"11":{"name":"(anonymous_11)","decl":{"start":{"line":193,"column":39},"end":{"line":193,"column":40}},"loc":{"start":{"line":193,"column":54},"end":{"line":212,"column":1}},"line":193},"12":{"name":"(anonymous_12)","decl":{"start":{"line":214,"column":39},"end":{"line":214,"column":40}},"loc":{"start":{"line":219,"column":2},"end":{"line":232,"column":1}},"line":219},"13":{"name":"(anonymous_13)","decl":{"start":{"line":234,"column":40},"end":{"line":234,"column":41}},"loc":{"start":{"line":234,"column":77},"end":{"line":246,"column":1}},"line":234},"14":{"name":"(anonymous_14)","decl":{"start":{"line":248,"column":43},"end":{"line":248,"column":44}},"loc":{"start":{"line":248,"column":68},"end":{"line":260,"column":1}},"line":248},"15":{"name":"(anonymous_15)","decl":{"start":{"line":262,"column":49},"end":{"line":262,"column":50}},"loc":{"start":{"line":262,"column":60},"end":{"line":277,"column":1}},"line":262},"16":{"name":"(anonymous_16)","decl":{"start":{"line":279,"column":44},"end":{"line":279,"column":45}},"loc":{"start":{"line":279,"column":55},"end":{"line":319,"column":1}},"line":279},"17":{"name":"(anonymous_17)","decl":{"start":{"line":321,"column":44},"end":{"line":321,"column":45}},"loc":{"start":{"line":324,"column":2},"end":{"line":333,"column":1}},"line":324},"18":{"name":"(anonymous_18)","decl":{"start":{"line":326,"column":22},"end":{"line":326,"column":23}},"loc":{"start":{"line":326,"column":42},"end":{"line":331,"column":2}},"line":326},"19":{"name":"(anonymous_19)","decl":{"start":{"line":339,"column":44},"end":{"line":339,"column":45}},"loc":{"start":{"line":339,"column":78},"end":{"line":361,"column":1}},"line":339},"20":{"name":"(anonymous_20)","decl":{"start":{"line":358,"column":46},"end":{"line":358,"column":47}},"loc":{"start":{"line":358,"column":51},"end":{"line":360,"column":2}},"line":358}},"branchMap":{"0":{"loc":{"start":{"line":12,"column":8},"end":{"line":12,"column":50}},"type":"cond-expr","locations":[{"start":{"line":12,"column":17},"end":{"line":12,"column":41}},{"start":{"line":12,"column":44},"end":{"line":12,"column":50}}],"line":12},"1":{"loc":{"start":{"line":17,"column":8},"end":{"line":17,"column":50}},"type":"cond-expr","locations":[{"start":{"line":17,"column":17},"end":{"line":17,"column":41}},{"start":{"line":17,"column":44},"end":{"line":17,"column":50}}],"line":17},"2":{"loc":{"start":{"line":46,"column":1},"end":{"line":62,"column":2}},"type":"switch","locations":[{"start":{"line":47,"column":1},"end":{"line":58,"column":8}},{"start":{"line":59,"column":1},"end":{"line":61,"column":8}}],"line":46},"3":{"loc":{"start":{"line":52,"column":2},"end":{"line":52,"column":32}},"type":"if","locations":[{"start":{"line":52,"column":2},"end":{"line":52,"column":32}},{"start":{"line":52,"column":2},"end":{"line":52,"column":32}}],"line":52},"4":{"loc":{"start":{"line":73,"column":3},"end":{"line":74,"column":18}},"type":"if","locations":[{"start":{"line":73,"column":3},"end":{"line":74,"column":18}},{"start":{"line":73,"column":3},"end":{"line":74,"column":18}}],"line":73},"5":{"loc":{"start":{"line":147,"column":1},"end":{"line":155,"column":2}},"type":"switch","locations":[{"start":{"line":148,"column":1},"end":{"line":150,"column":8}},{"start":{"line":152,"column":1},"end":{"line":154,"column":8}}],"line":147},"6":{"loc":{"start":{"line":149,"column":16},"end":{"line":149,"column":63}},"type":"cond-expr","locations":[{"start":{"line":149,"column":31},"end":{"line":149,"column":56}},{"start":{"line":149,"column":59},"end":{"line":149,"column":63}}],"line":149},"7":{"loc":{"start":{"line":153,"column":16},"end":{"line":153,"column":60}},"type":"cond-expr","locations":[{"start":{"line":153,"column":31},"end":{"line":153,"column":53}},{"start":{"line":153,"column":56},"end":{"line":153,"column":60}}],"line":153},"8":{"loc":{"start":{"line":159,"column":2},"end":{"line":159,"column":60}},"type":"cond-expr","locations":[{"start":{"line":159,"column":19},"end":{"line":159,"column":53}},{"start":{"line":159,"column":56},"end":{"line":159,"column":60}}],"line":159},"9":{"loc":{"start":{"line":160,"column":21},"end":{"line":160,"column":71}},"type":"cond-expr","locations":[{"start":{"line":160,"column":42},"end":{"line":160,"column":64}},{"start":{"line":160,"column":67},"end":{"line":160,"column":71}}],"line":160},"10":{"loc":{"start":{"line":161,"column":16},"end":{"line":161,"column":72}},"type":"cond-expr","locations":[{"start":{"line":161,"column":32},"end":{"line":161,"column":65}},{"start":{"line":161,"column":68},"end":{"line":161,"column":72}}],"line":161},"11":{"loc":{"start":{"line":164,"column":1},"end":{"line":165,"column":35}},"type":"if","locations":[{"start":{"line":164,"column":1},"end":{"line":165,"column":35}},{"start":{"line":164,"column":1},"end":{"line":165,"column":35}}],"line":164},"12":{"loc":{"start":{"line":164,"column":5},"end":{"line":164,"column":75}},"type":"binary-expr","locations":[{"start":{"line":164,"column":6},"end":{"line":164,"column":21}},{"start":{"line":164,"column":25},"end":{"line":164,"column":40}},{"start":{"line":164,"column":44},"end":{"line":164,"column":59}},{"start":{"line":164,"column":64},"end":{"line":164,"column":75}}],"line":164},"13":{"loc":{"start":{"line":167,"column":17},"end":{"line":167,"column":75}},"type":"cond-expr","locations":[{"start":{"line":167,"column":34},"end":{"line":167,"column":68}},{"start":{"line":167,"column":71},"end":{"line":167,"column":75}}],"line":167},"14":{"loc":{"start":{"line":222,"column":1},"end":{"line":229,"column":2}},"type":"switch","locations":[{"start":{"line":223,"column":1},"end":{"line":225,"column":8}},{"start":{"line":226,"column":1},"end":{"line":226,"column":8}},{"start":{"line":227,"column":1},"end":{"line":228,"column":58}}],"line":222},"15":{"loc":{"start":{"line":236,"column":2},"end":{"line":244,"column":3}},"type":"if","locations":[{"start":{"line":236,"column":2},"end":{"line":244,"column":3}},{"start":{"line":236,"column":2},"end":{"line":244,"column":3}}],"line":236},"16":{"loc":{"start":{"line":238,"column":4},"end":{"line":242,"column":5}},"type":"if","locations":[{"start":{"line":238,"column":4},"end":{"line":242,"column":5}},{"start":{"line":238,"column":4},"end":{"line":242,"column":5}}],"line":238},"17":{"loc":{"start":{"line":240,"column":5},"end":{"line":241,"column":71}},"type":"if","locations":[{"start":{"line":240,"column":5},"end":{"line":241,"column":71}},{"start":{"line":240,"column":5},"end":{"line":241,"column":71}}],"line":240},"18":{"loc":{"start":{"line":252,"column":1},"end":{"line":258,"column":2}},"type":"if","locations":[{"start":{"line":252,"column":1},"end":{"line":258,"column":2}},{"start":{"line":252,"column":1},"end":{"line":258,"column":2}}],"line":252},"19":{"loc":{"start":{"line":327,"column":2},"end":{"line":330,"column":3}},"type":"if","locations":[{"start":{"line":327,"column":2},"end":{"line":330,"column":3}},{"start":{"line":327,"column":2},"end":{"line":330,"column":3}}],"line":327},"20":{"loc":{"start":{"line":327,"column":6},"end":{"line":327,"column":50}},"type":"binary-expr","locations":[{"start":{"line":327,"column":6},"end":{"line":327,"column":39}},{"start":{"line":327,"column":43},"end":{"line":327,"column":50}}],"line":327}},"s":{"0":1,"1":25,"2":25,"3":1,"4":15,"5":15,"6":1,"7":8,"8":8,"9":1,"10":26,"11":26,"12":26,"13":26,"14":26,"15":26,"16":1,"17":33,"18":33,"19":33,"20":33,"21":0,"22":33,"23":316,"24":33,"25":0,"26":0,"27":33,"28":33,"29":33,"30":33,"31":316,"32":316,"33":2528,"34":1288,"35":1240,"36":2528,"37":33,"38":33,"39":33,"40":33,"41":33,"42":1,"43":81,"44":81,"45":112,"46":81,"47":1,"48":3,"49":3,"50":3,"51":3,"52":3,"53":3,"54":3,"55":3,"56":3,"57":3,"58":3,"59":1,"60":2,"61":2,"62":2,"63":2,"64":2,"65":2,"66":0,"67":0,"68":2,"69":2,"70":2,"71":2,"72":2,"73":2,"74":2,"75":0,"76":2,"77":2,"78":1,"79":0,"80":0,"81":0,"82":0,"83":0,"84":0,"85":0,"86":0,"87":1,"88":0,"89":0,"90":0,"91":0,"92":0,"93":0,"94":0,"95":0,"96":1,"97":1,"98":1,"99":1,"100":1,"101":0,"102":1,"103":1,"104":1,"105":1,"106":1,"107":3,"108":3,"109":3,"110":1,"111":1,"112":0,"113":0,"114":0,"115":0,"116":0,"117":0,"118":0,"119":0,"120":1,"121":2,"122":1,"123":1,"124":1,"125":0,"126":0,"127":0,"128":0,"129":0,"130":1,"131":2,"132":2,"133":2,"134":2,"135":2,"136":2,"137":2,"138":2,"139":2,"140":14,"141":1},"f":{"0":25,"1":15,"2":8,"3":26,"4":33,"5":316,"6":81,"7":3,"8":3,"9":2,"10":0,"11":0,"12":1,"13":1,"14":0,"15":2,"16":1,"17":0,"18":0,"19":2,"20":14},"b":{"0":[15,0],"1":[8,0],"2":[33,0],"3":[0,33],"4":[1288,1240],"5":[0,2],"6":[0,0],"7":[0,2],"8":[0,2],"9":[2,0],"10":[0,2],"11":[0,2],"12":[2,2,2,0],"13":[0,2],"14":[1,0,0],"15":[1,0],"16":[3,0],"17":[1,2],"18":[0,0],"19":[0,0],"20":[0,0]},"_coverageSchema":"332fd63041d2c1bcb487cc26dd0d5f7d97098a6c","hash":"3fa9b8c23e5529a017efda3ae9847d5db4d4c629","contentHash":"02707ac3fe95aff1e954e6ffd2973e63_11.9.0"},"/Users/timbewsey1/Documents/GitHub/aece_ver2/lib/services/packet_service.js":{"path":"/Users/timbewsey1/Documents/GitHub/aece_ver2/lib/services/packet_service.js","statementMap":{"0":{"start":{"line":7,"column":0},"end":{"line":9,"column":2}},"1":{"start":{"line":8,"column":1},"end":{"line":8,"column":15}},"2":{"start":{"line":11,"column":0},"end":{"line":43,"column":2}},"3":{"start":{"line":12,"column":21},"end":{"line":12,"column":53}},"4":{"start":{"line":13,"column":24},"end":{"line":40,"column":2}},"5":{"start":{"line":14,"column":2},"end":{"line":39,"column":3}},"6":{"start":{"line":15,"column":17},"end":{"line":15,"column":37}},"7":{"start":{"line":16,"column":3},"end":{"line":16,"column":57}},"8":{"start":{"line":18,"column":15},"end":{"line":18,"column":32}},"9":{"start":{"line":21,"column":18},"end":{"line":21,"column":66}},"10":{"start":{"line":22,"column":18},"end":{"line":22,"column":55}},"11":{"start":{"line":23,"column":16},"end":{"line":26,"column":18}},"12":{"start":{"line":27,"column":16},"end":{"line":27,"column":36}},"13":{"start":{"line":30,"column":3},"end":{"line":36,"column":4}},"14":{"start":{"line":31,"column":4},"end":{"line":31,"column":19}},"15":{"start":{"line":33,"column":4},"end":{"line":35,"column":6}},"16":{"start":{"line":38,"column":3},"end":{"line":38,"column":53}},"17":{"start":{"line":42,"column":1},"end":{"line":42,"column":27}},"18":{"start":{"line":45,"column":0},"end":{"line":64,"column":2}},"19":{"start":{"line":46,"column":19},"end":{"line":46,"column":51}},"20":{"start":{"line":47,"column":13},"end":{"line":47,"column":30}},"21":{"start":{"line":49,"column":20},"end":{"line":61,"column":2}},"22":{"start":{"line":50,"column":2},"end":{"line":60,"column":3}},"23":{"start":{"line":51,"column":21},"end":{"line":51,"column":53}},"24":{"start":{"line":52,"column":16},"end":{"line":54,"column":4}},"25":{"start":{"line":55,"column":16},"end":{"line":55,"column":55}},"26":{"start":{"line":57,"column":3},"end":{"line":57,"column":17}},"27":{"start":{"line":59,"column":3},"end":{"line":59,"column":46}},"28":{"start":{"line":63,"column":1},"end":{"line":63,"column":23}},"29":{"start":{"line":66,"column":0},"end":{"line":78,"column":2}},"30":{"start":{"line":67,"column":15},"end":{"line":67,"column":54}},"31":{"start":{"line":68,"column":26},"end":{"line":76,"column":2}},"32":{"start":{"line":69,"column":2},"end":{"line":75,"column":3}},"33":{"start":{"line":70,"column":16},"end":{"line":70,"column":70}},"34":{"start":{"line":71,"column":16},"end":{"line":71,"column":67}},"35":{"start":{"line":72,"column":3},"end":{"line":72,"column":17}},"36":{"start":{"line":74,"column":3},"end":{"line":74,"column":48}},"37":{"start":{"line":77,"column":1},"end":{"line":77,"column":29}},"38":{"start":{"line":80,"column":0},"end":{"line":102,"column":2}},"39":{"start":{"line":85,"column":21},"end":{"line":85,"column":53}},"40":{"start":{"line":86,"column":13},"end":{"line":86,"column":30}},"41":{"start":{"line":88,"column":26},"end":{"line":99,"column":2}},"42":{"start":{"line":89,"column":2},"end":{"line":98,"column":3}},"43":{"start":{"line":90,"column":3},"end":{"line":92,"column":5}},"44":{"start":{"line":94,"column":16},"end":{"line":94,"column":72}},"45":{"start":{"line":95,"column":3},"end":{"line":95,"column":17}},"46":{"start":{"line":97,"column":3},"end":{"line":97,"column":54}},"47":{"start":{"line":101,"column":1},"end":{"line":101,"column":29}},"48":{"start":{"line":104,"column":0},"end":{"line":104,"column":31}}},"fnMap":{"0":{"name":"PacketService","decl":{"start":{"line":5,"column":9},"end":{"line":5,"column":22}},"loc":{"start":{"line":5,"column":25},"end":{"line":5,"column":27}},"line":5},"1":{"name":"(anonymous_1)","decl":{"start":{"line":7,"column":37},"end":{"line":7,"column":38}},"loc":{"start":{"line":7,"column":54},"end":{"line":9,"column":1}},"line":7},"2":{"name":"(anonymous_2)","decl":{"start":{"line":11,"column":45},"end":{"line":11,"column":46}},"loc":{"start":{"line":11,"column":68},"end":{"line":43,"column":1}},"line":11},"3":{"name":"(anonymous_3)","decl":{"start":{"line":13,"column":24},"end":{"line":13,"column":25}},"loc":{"start":{"line":13,"column":36},"end":{"line":40,"column":2}},"line":13},"4":{"name":"(anonymous_4)","decl":{"start":{"line":45,"column":38},"end":{"line":45,"column":39}},"loc":{"start":{"line":45,"column":64},"end":{"line":64,"column":1}},"line":45},"5":{"name":"(anonymous_5)","decl":{"start":{"line":49,"column":20},"end":{"line":49,"column":21}},"loc":{"start":{"line":49,"column":32},"end":{"line":61,"column":2}},"line":49},"6":{"name":"(anonymous_6)","decl":{"start":{"line":66,"column":40},"end":{"line":66,"column":41}},"loc":{"start":{"line":66,"column":74},"end":{"line":78,"column":1}},"line":66},"7":{"name":"(anonymous_7)","decl":{"start":{"line":68,"column":26},"end":{"line":68,"column":27}},"loc":{"start":{"line":68,"column":38},"end":{"line":76,"column":2}},"line":68},"8":{"name":"(anonymous_8)","decl":{"start":{"line":80,"column":46},"end":{"line":80,"column":47}},"loc":{"start":{"line":84,"column":2},"end":{"line":102,"column":1}},"line":84},"9":{"name":"(anonymous_9)","decl":{"start":{"line":88,"column":26},"end":{"line":88,"column":27}},"loc":{"start":{"line":88,"column":38},"end":{"line":99,"column":2}},"line":88}},"branchMap":{"0":{"loc":{"start":{"line":30,"column":3},"end":{"line":36,"column":4}},"type":"if","locations":[{"start":{"line":30,"column":3},"end":{"line":36,"column":4}},{"start":{"line":30,"column":3},"end":{"line":36,"column":4}}],"line":30}},"s":{"0":1,"1":0,"2":1,"3":3,"4":3,"5":3,"6":3,"7":3,"8":3,"9":3,"10":3,"11":3,"12":3,"13":3,"14":3,"15":0,"16":0,"17":3,"18":1,"19":0,"20":0,"21":0,"22":0,"23":0,"24":0,"25":0,"26":0,"27":0,"28":0,"29":1,"30":0,"31":0,"32":0,"33":0,"34":0,"35":0,"36":0,"37":0,"38":1,"39":0,"40":0,"41":0,"42":0,"43":0,"44":0,"45":0,"46":0,"47":0,"48":1},"f":{"0":1,"1":0,"2":3,"3":3,"4":0,"5":0,"6":0,"7":0,"8":0,"9":0},"b":{"0":[3,0]},"_coverageSchema":"332fd63041d2c1bcb487cc26dd0d5f7d97098a6c","hash":"039bd3bc91633248a03a38b82148d9aee36c9281","contentHash":"f878b2aede190db9c29ca25dccbcf9cf_11.9.0"},"/Users/timbewsey1/Documents/GitHub/aece_ver2/lib/services/queue_service.js":{"path":"/Users/timbewsey1/Documents/GitHub/aece_ver2/lib/services/queue_service.js","statementMap":{"0":{"start":{"line":8,"column":0},"end":{"line":25,"column":2}},"1":{"start":{"line":9,"column":1},"end":{"line":9,"column":68}},"2":{"start":{"line":11,"column":12},"end":{"line":22,"column":2}},"3":{"start":{"line":12,"column":2},"end":{"line":21,"column":3}},"4":{"start":{"line":15,"column":3},"end":{"line":15,"column":60}},"5":{"start":{"line":16,"column":3},"end":{"line":16,"column":60}},"6":{"start":{"line":18,"column":3},"end":{"line":18,"column":67}},"7":{"start":{"line":20,"column":3},"end":{"line":20,"column":73}},"8":{"start":{"line":24,"column":1},"end":{"line":24,"column":15}},"9":{"start":{"line":32,"column":0},"end":{"line":42,"column":2}},"10":{"start":{"line":33,"column":21},"end":{"line":39,"column":2}},"11":{"start":{"line":34,"column":2},"end":{"line":38,"column":3}},"12":{"start":{"line":35,"column":3},"end":{"line":35,"column":54}},"13":{"start":{"line":37,"column":3},"end":{"line":37,"column":53}},"14":{"start":{"line":41,"column":1},"end":{"line":41,"column":24}},"15":{"start":{"line":44,"column":0},"end":{"line":94,"column":2}},"16":{"start":{"line":45,"column":1},"end":{"line":45,"column":55}},"17":{"start":{"line":47,"column":15},"end":{"line":49,"column":2}},"18":{"start":{"line":48,"column":2},"end":{"line":48,"column":57}},"19":{"start":{"line":48,"column":32},"end":{"line":48,"column":55}},"20":{"start":{"line":51,"column":20},"end":{"line":89,"column":2}},"21":{"start":{"line":52,"column":2},"end":{"line":52,"column":49}},"22":{"start":{"line":54,"column":2},"end":{"line":88,"column":3}},"23":{"start":{"line":55,"column":17},"end":{"line":55,"column":56}},"24":{"start":{"line":57,"column":3},"end":{"line":85,"column":4}},"25":{"start":{"line":58,"column":4},"end":{"line":58,"column":75}},"26":{"start":{"line":59,"column":23},"end":{"line":61,"column":5}},"27":{"start":{"line":63,"column":4},"end":{"line":63,"column":52}},"28":{"start":{"line":65,"column":4},"end":{"line":68,"column":5}},"29":{"start":{"line":66,"column":5},"end":{"line":66,"column":56}},"30":{"start":{"line":67,"column":5},"end":{"line":67,"column":20}},"31":{"start":{"line":70,"column":4},"end":{"line":70,"column":68}},"32":{"start":{"line":72,"column":19},"end":{"line":74,"column":5}},"33":{"start":{"line":77,"column":4},"end":{"line":77,"column":56}},"34":{"start":{"line":79,"column":4},"end":{"line":79,"column":66}},"35":{"start":{"line":80,"column":4},"end":{"line":80,"column":19}},"36":{"start":{"line":83,"column":4},"end":{"line":83,"column":24}},"37":{"start":{"line":84,"column":4},"end":{"line":84,"column":19}},"38":{"start":{"line":87,"column":3},"end":{"line":87,"column":46}},"39":{"start":{"line":91,"column":1},"end":{"line":93,"column":4}},"40":{"start":{"line":92,"column":2},"end":{"line":92,"column":72}},"41":{"start":{"line":101,"column":0},"end":{"line":126,"column":2}},"42":{"start":{"line":102,"column":1},"end":{"line":102,"column":54}},"43":{"start":{"line":104,"column":28},"end":{"line":124,"column":2}},"44":{"start":{"line":105,"column":2},"end":{"line":123,"column":3}},"45":{"start":{"line":106,"column":21},"end":{"line":106,"column":56}},"46":{"start":{"line":108,"column":3},"end":{"line":120,"column":4}},"47":{"start":{"line":109,"column":4},"end":{"line":117,"column":5}},"48":{"start":{"line":110,"column":5},"end":{"line":110,"column":63}},"49":{"start":{"line":111,"column":19},"end":{"line":111,"column":51}},"50":{"start":{"line":113,"column":5},"end":{"line":113,"column":60}},"51":{"start":{"line":114,"column":5},"end":{"line":114,"column":20}},"52":{"start":{"line":116,"column":5},"end":{"line":116,"column":59}},"53":{"start":{"line":119,"column":4},"end":{"line":119,"column":16}},"54":{"start":{"line":122,"column":3},"end":{"line":122,"column":52}},"55":{"start":{"line":125,"column":1},"end":{"line":125,"column":31}},"56":{"start":{"line":133,"column":0},"end":{"line":142,"column":2}},"57":{"start":{"line":135,"column":2},"end":{"line":139,"column":3}},"58":{"start":{"line":136,"column":3},"end":{"line":136,"column":54}},"59":{"start":{"line":138,"column":3},"end":{"line":138,"column":53}},"60":{"start":{"line":141,"column":1},"end":{"line":141,"column":24}},"61":{"start":{"line":144,"column":0},"end":{"line":170,"column":2}},"62":{"start":{"line":145,"column":1},"end":{"line":145,"column":55}},"63":{"start":{"line":148,"column":2},"end":{"line":148,"column":57}},"64":{"start":{"line":148,"column":32},"end":{"line":148,"column":55}},"65":{"start":{"line":151,"column":18},"end":{"line":165,"column":2}},"66":{"start":{"line":152,"column":2},"end":{"line":164,"column":3}},"67":{"start":{"line":153,"column":17},"end":{"line":153,"column":56}},"68":{"start":{"line":155,"column":3},"end":{"line":161,"column":4}},"69":{"start":{"line":156,"column":4},"end":{"line":156,"column":59}},"70":{"start":{"line":157,"column":4},"end":{"line":157,"column":17}},"71":{"start":{"line":159,"column":4},"end":{"line":159,"column":24}},"72":{"start":{"line":160,"column":4},"end":{"line":160,"column":17}},"73":{"start":{"line":163,"column":3},"end":{"line":163,"column":56}},"74":{"start":{"line":167,"column":1},"end":{"line":169,"column":4}},"75":{"start":{"line":168,"column":2},"end":{"line":168,"column":72}},"76":{"start":{"line":172,"column":0},"end":{"line":192,"column":2}},"77":{"start":{"line":173,"column":1},"end":{"line":173,"column":54}},"78":{"start":{"line":175,"column":28},"end":{"line":189,"column":2}},"79":{"start":{"line":176,"column":2},"end":{"line":188,"column":3}},"80":{"start":{"line":177,"column":21},"end":{"line":177,"column":56}},"81":{"start":{"line":179,"column":3},"end":{"line":185,"column":4}},"82":{"start":{"line":180,"column":4},"end":{"line":180,"column":68}},"83":{"start":{"line":182,"column":18},"end":{"line":182,"column":50}},"84":{"start":{"line":183,"column":4},"end":{"line":183,"column":59}},"85":{"start":{"line":184,"column":4},"end":{"line":184,"column":19}},"86":{"start":{"line":187,"column":3},"end":{"line":187,"column":55}},"87":{"start":{"line":191,"column":1},"end":{"line":191,"column":31}},"88":{"start":{"line":194,"column":0},"end":{"line":208,"column":2}},"89":{"start":{"line":195,"column":1},"end":{"line":207,"column":2}},"90":{"start":{"line":196,"column":2},"end":{"line":196,"column":47}},"91":{"start":{"line":204,"column":2},"end":{"line":204,"column":13}},"92":{"start":{"line":206,"column":2},"end":{"line":206,"column":16}},"93":{"start":{"line":210,"column":0},"end":{"line":230,"column":2}},"94":{"start":{"line":211,"column":22},"end":{"line":228,"column":2}},"95":{"start":{"line":212,"column":2},"end":{"line":227,"column":3}},"96":{"start":{"line":213,"column":14},"end":{"line":213,"column":27}},"97":{"start":{"line":214,"column":18},"end":{"line":214,"column":31}},"98":{"start":{"line":216,"column":3},"end":{"line":219,"column":4}},"99":{"start":{"line":217,"column":4},"end":{"line":217,"column":60}},"100":{"start":{"line":218,"column":4},"end":{"line":218,"column":42}},"101":{"start":{"line":221,"column":3},"end":{"line":224,"column":4}},"102":{"start":{"line":222,"column":4},"end":{"line":222,"column":60}},"103":{"start":{"line":223,"column":4},"end":{"line":223,"column":42}},"104":{"start":{"line":226,"column":3},"end":{"line":226,"column":50}},"105":{"start":{"line":229,"column":1},"end":{"line":229,"column":25}},"106":{"start":{"line":232,"column":0},"end":{"line":232,"column":30}}},"fnMap":{"0":{"name":"QueueService","decl":{"start":{"line":1,"column":9},"end":{"line":1,"column":21}},"loc":{"start":{"line":1,"column":24},"end":{"line":1,"column":26}},"line":1},"1":{"name":"(anonymous_1)","decl":{"start":{"line":8,"column":36},"end":{"line":8,"column":37}},"loc":{"start":{"line":8,"column":53},"end":{"line":25,"column":1}},"line":8},"2":{"name":"(anonymous_2)","decl":{"start":{"line":11,"column":12},"end":{"line":11,"column":13}},"loc":{"start":{"line":11,"column":24},"end":{"line":22,"column":2}},"line":11},"3":{"name":"(anonymous_3)","decl":{"start":{"line":32,"column":44},"end":{"line":32,"column":45}},"loc":{"start":{"line":32,"column":67},"end":{"line":42,"column":1}},"line":32},"4":{"name":"(anonymous_4)","decl":{"start":{"line":33,"column":21},"end":{"line":33,"column":22}},"loc":{"start":{"line":33,"column":33},"end":{"line":39,"column":2}},"line":33},"5":{"name":"(anonymous_5)","decl":{"start":{"line":44,"column":44},"end":{"line":44,"column":45}},"loc":{"start":{"line":44,"column":61},"end":{"line":94,"column":1}},"line":44},"6":{"name":"(anonymous_6)","decl":{"start":{"line":47,"column":15},"end":{"line":47,"column":16}},"loc":{"start":{"line":47,"column":21},"end":{"line":49,"column":2}},"line":47},"7":{"name":"(anonymous_7)","decl":{"start":{"line":48,"column":21},"end":{"line":48,"column":22}},"loc":{"start":{"line":48,"column":32},"end":{"line":48,"column":55}},"line":48},"8":{"name":"(anonymous_8)","decl":{"start":{"line":51,"column":20},"end":{"line":51,"column":21}},"loc":{"start":{"line":51,"column":32},"end":{"line":89,"column":2}},"line":51},"9":{"name":"(anonymous_9)","decl":{"start":{"line":91,"column":28},"end":{"line":91,"column":29}},"loc":{"start":{"line":91,"column":34},"end":{"line":93,"column":2}},"line":91},"10":{"name":"(anonymous_10)","decl":{"start":{"line":101,"column":46},"end":{"line":101,"column":47}},"loc":{"start":{"line":101,"column":63},"end":{"line":126,"column":1}},"line":101},"11":{"name":"(anonymous_11)","decl":{"start":{"line":104,"column":28},"end":{"line":104,"column":29}},"loc":{"start":{"line":104,"column":40},"end":{"line":124,"column":2}},"line":104},"12":{"name":"(anonymous_12)","decl":{"start":{"line":133,"column":44},"end":{"line":133,"column":45}},"loc":{"start":{"line":133,"column":67},"end":{"line":142,"column":1}},"line":133},"13":{"name":"addToOutGoing","decl":{"start":{"line":134,"column":16},"end":{"line":134,"column":29}},"loc":{"start":{"line":134,"column":32},"end":{"line":140,"column":2}},"line":134},"14":{"name":"(anonymous_14)","decl":{"start":{"line":144,"column":44},"end":{"line":144,"column":45}},"loc":{"start":{"line":144,"column":61},"end":{"line":170,"column":1}},"line":144},"15":{"name":"timeout","decl":{"start":{"line":147,"column":10},"end":{"line":147,"column":17}},"loc":{"start":{"line":147,"column":22},"end":{"line":149,"column":2}},"line":147},"16":{"name":"(anonymous_16)","decl":{"start":{"line":148,"column":21},"end":{"line":148,"column":22}},"loc":{"start":{"line":148,"column":32},"end":{"line":148,"column":55}},"line":148},"17":{"name":"(anonymous_17)","decl":{"start":{"line":151,"column":18},"end":{"line":151,"column":19}},"loc":{"start":{"line":151,"column":30},"end":{"line":165,"column":2}},"line":151},"18":{"name":"(anonymous_18)","decl":{"start":{"line":167,"column":26},"end":{"line":167,"column":27}},"loc":{"start":{"line":167,"column":32},"end":{"line":169,"column":2}},"line":167},"19":{"name":"(anonymous_19)","decl":{"start":{"line":172,"column":46},"end":{"line":172,"column":47}},"loc":{"start":{"line":172,"column":63},"end":{"line":192,"column":1}},"line":172},"20":{"name":"(anonymous_20)","decl":{"start":{"line":175,"column":28},"end":{"line":175,"column":29}},"loc":{"start":{"line":175,"column":40},"end":{"line":189,"column":2}},"line":175},"21":{"name":"(anonymous_21)","decl":{"start":{"line":194,"column":30},"end":{"line":194,"column":31}},"loc":{"start":{"line":194,"column":57},"end":{"line":208,"column":1}},"line":194},"22":{"name":"(anonymous_22)","decl":{"start":{"line":210,"column":42},"end":{"line":210,"column":43}},"loc":{"start":{"line":210,"column":59},"end":{"line":230,"column":1}},"line":210},"23":{"name":"(anonymous_23)","decl":{"start":{"line":211,"column":22},"end":{"line":211,"column":23}},"loc":{"start":{"line":211,"column":34},"end":{"line":228,"column":2}},"line":211}},"branchMap":{"0":{"loc":{"start":{"line":57,"column":3},"end":{"line":85,"column":4}},"type":"if","locations":[{"start":{"line":57,"column":3},"end":{"line":85,"column":4}},{"start":{"line":57,"column":3},"end":{"line":85,"column":4}}],"line":57},"1":{"loc":{"start":{"line":65,"column":4},"end":{"line":68,"column":5}},"type":"if","locations":[{"start":{"line":65,"column":4},"end":{"line":68,"column":5}},{"start":{"line":65,"column":4},"end":{"line":68,"column":5}}],"line":65},"2":{"loc":{"start":{"line":108,"column":3},"end":{"line":120,"column":4}},"type":"if","locations":[{"start":{"line":108,"column":3},"end":{"line":120,"column":4}},{"start":{"line":108,"column":3},"end":{"line":120,"column":4}}],"line":108},"3":{"loc":{"start":{"line":155,"column":3},"end":{"line":161,"column":4}},"type":"if","locations":[{"start":{"line":155,"column":3},"end":{"line":161,"column":4}},{"start":{"line":155,"column":3},"end":{"line":161,"column":4}}],"line":155},"4":{"loc":{"start":{"line":179,"column":3},"end":{"line":185,"column":4}},"type":"if","locations":[{"start":{"line":179,"column":3},"end":{"line":185,"column":4}},{"start":{"line":179,"column":3},"end":{"line":185,"column":4}}],"line":179},"5":{"loc":{"start":{"line":216,"column":3},"end":{"line":219,"column":4}},"type":"if","locations":[{"start":{"line":216,"column":3},"end":{"line":219,"column":4}},{"start":{"line":216,"column":3},"end":{"line":219,"column":4}}],"line":216},"6":{"loc":{"start":{"line":221,"column":3},"end":{"line":224,"column":4}},"type":"if","locations":[{"start":{"line":221,"column":3},"end":{"line":224,"column":4}},{"start":{"line":221,"column":3},"end":{"line":224,"column":4}}],"line":221}},"s":{"0":1,"1":2,"2":2,"3":2,"4":2,"5":2,"6":2,"7":0,"8":2,"9":1,"10":1,"11":1,"12":1,"13":0,"14":1,"15":1,"16":0,"17":0,"18":0,"19":0,"20":0,"21":0,"22":0,"23":0,"24":0,"25":0,"26":0,"27":0,"28":0,"29":0,"30":0,"31":0,"32":0,"33":0,"34":0,"35":0,"36":0,"37":0,"38":0,"39":0,"40":0,"41":1,"42":0,"43":0,"44":0,"45":0,"46":0,"47":0,"48":0,"49":0,"50":0,"51":0,"52":0,"53":0,"54":0,"55":0,"56":1,"57":0,"58":0,"59":0,"60":0,"61":1,"62":0,"63":0,"64":0,"65":0,"66":0,"67":0,"68":0,"69":0,"70":0,"71":0,"72":0,"73":0,"74":0,"75":0,"76":1,"77":0,"78":0,"79":0,"80":0,"81":0,"82":0,"83":0,"84":0,"85":0,"86":0,"87":0,"88":1,"89":1,"90":1,"91":1,"92":0,"93":1,"94":0,"95":0,"96":0,"97":0,"98":0,"99":0,"100":0,"101":0,"102":0,"103":0,"104":0,"105":0,"106":1},"f":{"0":1,"1":2,"2":2,"3":1,"4":1,"5":0,"6":0,"7":0,"8":0,"9":0,"10":0,"11":0,"12":0,"13":0,"14":0,"15":0,"16":0,"17":0,"18":0,"19":0,"20":0,"21":1,"22":0,"23":0},"b":{"0":[0,0],"1":[0,0],"2":[0,0],"3":[0,0],"4":[0,0],"5":[0,0],"6":[0,0]},"_coverageSchema":"332fd63041d2c1bcb487cc26dd0d5f7d97098a6c","hash":"a811f4036095bdbd7df5f289d2c83a797e4dc968","contentHash":"6da76957ad66c22a9f507db4111e7d9d_11.9.0"},"/Users/timbewsey1/Documents/GitHub/aece_ver2/lib/parsers/data_list_parser.js":{"path":"/Users/timbewsey1/Documents/GitHub/aece_ver2/lib/parsers/data_list_parser.js","statementMap":{"0":{"start":{"line":6,"column":1},"end":{"line":6,"column":35}},"1":{"start":{"line":9,"column":0},"end":{"line":77,"column":2}},"2":{"start":{"line":10,"column":21},"end":{"line":10,"column":53}},"3":{"start":{"line":11,"column":13},"end":{"line":11,"column":30}},"4":{"start":{"line":12,"column":17},"end":{"line":12,"column":19}},"5":{"start":{"line":14,"column":1},"end":{"line":14,"column":43}},"6":{"start":{"line":16,"column":26},"end":{"line":74,"column":2}},"7":{"start":{"line":17,"column":2},"end":{"line":73,"column":3}},"8":{"start":{"line":18,"column":15},"end":{"line":18,"column":16}},"9":{"start":{"line":20,"column":3},"end":{"line":20,"column":48}},"10":{"start":{"line":20,"column":31},"end":{"line":20,"column":48}},"11":{"start":{"line":22,"column":3},"end":{"line":68,"column":6}},"12":{"start":{"line":24,"column":21},"end":{"line":24,"column":25}},"13":{"start":{"line":26,"column":4},"end":{"line":30,"column":5}},"14":{"start":{"line":27,"column":5},"end":{"line":27,"column":62}},"15":{"start":{"line":29,"column":5},"end":{"line":29,"column":67}},"16":{"start":{"line":32,"column":21},"end":{"line":42,"column":5}},"17":{"start":{"line":46,"column":4},"end":{"line":50,"column":6}},"18":{"start":{"line":52,"column":4},"end":{"line":65,"column":5}},"19":{"start":{"line":62,"column":5},"end":{"line":62,"column":32}},"20":{"start":{"line":64,"column":5},"end":{"line":64,"column":59}},"21":{"start":{"line":67,"column":4},"end":{"line":67,"column":12}},"22":{"start":{"line":70,"column":3},"end":{"line":70,"column":20}},"23":{"start":{"line":72,"column":3},"end":{"line":72,"column":42}},"24":{"start":{"line":76,"column":1},"end":{"line":76,"column":29}},"25":{"start":{"line":79,"column":0},"end":{"line":118,"column":2}},"26":{"start":{"line":80,"column":21},"end":{"line":80,"column":53}},"27":{"start":{"line":81,"column":15},"end":{"line":81,"column":32}},"28":{"start":{"line":83,"column":17},"end":{"line":83,"column":19}},"29":{"start":{"line":84,"column":15},"end":{"line":84,"column":16}},"30":{"start":{"line":86,"column":26},"end":{"line":116,"column":2}},"31":{"start":{"line":87,"column":2},"end":{"line":115,"column":3}},"32":{"start":{"line":88,"column":3},"end":{"line":109,"column":6}},"33":{"start":{"line":89,"column":17},"end":{"line":89,"column":44}},"34":{"start":{"line":90,"column":4},"end":{"line":90,"column":43}},"35":{"start":{"line":92,"column":4},"end":{"line":103,"column":5}},"36":{"start":{"line":94,"column":5},"end":{"line":94,"column":54}},"37":{"start":{"line":95,"column":5},"end":{"line":95,"column":66}},"38":{"start":{"line":96,"column":5},"end":{"line":96,"column":70}},"39":{"start":{"line":97,"column":5},"end":{"line":97,"column":11}},"40":{"start":{"line":100,"column":5},"end":{"line":100,"column":71}},"41":{"start":{"line":101,"column":5},"end":{"line":101,"column":67}},"42":{"start":{"line":102,"column":5},"end":{"line":102,"column":75}},"43":{"start":{"line":105,"column":4},"end":{"line":105,"column":73}},"44":{"start":{"line":107,"column":4},"end":{"line":107,"column":27}},"45":{"start":{"line":108,"column":4},"end":{"line":108,"column":14}},"46":{"start":{"line":110,"column":3},"end":{"line":110,"column":46}},"47":{"start":{"line":112,"column":3},"end":{"line":112,"column":20}},"48":{"start":{"line":114,"column":3},"end":{"line":114,"column":49}},"49":{"start":{"line":117,"column":1},"end":{"line":117,"column":29}},"50":{"start":{"line":120,"column":0},"end":{"line":120,"column":32}}},"fnMap":{"0":{"name":"DataListParser","decl":{"start":{"line":5,"column":9},"end":{"line":5,"column":23}},"loc":{"start":{"line":5,"column":41},"end":{"line":7,"column":1}},"line":5},"1":{"name":"(anonymous_1)","decl":{"start":{"line":9,"column":33},"end":{"line":9,"column":34}},"loc":{"start":{"line":9,"column":63},"end":{"line":77,"column":1}},"line":9},"2":{"name":"(anonymous_2)","decl":{"start":{"line":16,"column":26},"end":{"line":16,"column":27}},"loc":{"start":{"line":16,"column":38},"end":{"line":74,"column":2}},"line":16},"3":{"name":"(anonymous_3)","decl":{"start":{"line":22,"column":45},"end":{"line":22,"column":46}},"loc":{"start":{"line":22,"column":53},"end":{"line":68,"column":4}},"line":22},"4":{"name":"(anonymous_4)","decl":{"start":{"line":79,"column":41},"end":{"line":79,"column":42}},"loc":{"start":{"line":79,"column":75},"end":{"line":118,"column":1}},"line":79},"5":{"name":"(anonymous_5)","decl":{"start":{"line":86,"column":26},"end":{"line":86,"column":27}},"loc":{"start":{"line":86,"column":38},"end":{"line":116,"column":2}},"line":86},"6":{"name":"(anonymous_6)","decl":{"start":{"line":88,"column":27},"end":{"line":88,"column":28}},"loc":{"start":{"line":88,"column":43},"end":{"line":109,"column":4}},"line":88}},"branchMap":{"0":{"loc":{"start":{"line":20,"column":3},"end":{"line":20,"column":48}},"type":"if","locations":[{"start":{"line":20,"column":3},"end":{"line":20,"column":48}},{"start":{"line":20,"column":3},"end":{"line":20,"column":48}}],"line":20},"1":{"loc":{"start":{"line":26,"column":4},"end":{"line":30,"column":5}},"type":"if","locations":[{"start":{"line":26,"column":4},"end":{"line":30,"column":5}},{"start":{"line":26,"column":4},"end":{"line":30,"column":5}}],"line":26},"2":{"loc":{"start":{"line":52,"column":4},"end":{"line":65,"column":5}},"type":"if","locations":[{"start":{"line":52,"column":4},"end":{"line":65,"column":5}},{"start":{"line":52,"column":4},"end":{"line":65,"column":5}}],"line":52},"3":{"loc":{"start":{"line":53,"column":5},"end":{"line":60,"column":34}},"type":"binary-expr","locations":[{"start":{"line":53,"column":5},"end":{"line":53,"column":34}},{"start":{"line":54,"column":5},"end":{"line":54,"column":34}},{"start":{"line":55,"column":5},"end":{"line":55,"column":34}},{"start":{"line":56,"column":5},"end":{"line":56,"column":34}},{"start":{"line":57,"column":5},"end":{"line":57,"column":34}},{"start":{"line":58,"column":5},"end":{"line":58,"column":34}},{"start":{"line":59,"column":5},"end":{"line":59,"column":34}},{"start":{"line":60,"column":5},"end":{"line":60,"column":34}}],"line":53},"4":{"loc":{"start":{"line":92,"column":4},"end":{"line":103,"column":5}},"type":"switch","locations":[{"start":{"line":93,"column":4},"end":{"line":97,"column":11}},{"start":{"line":98,"column":4},"end":{"line":102,"column":75}}],"line":92}},"s":{"0":1,"1":1,"2":1,"3":1,"4":1,"5":1,"6":1,"7":1,"8":1,"9":1,"10":0,"11":1,"12":0,"13":0,"14":0,"15":0,"16":0,"17":0,"18":0,"19":0,"20":0,"21":0,"22":0,"23":1,"24":1,"25":1,"26":0,"27":0,"28":0,"29":0,"30":0,"31":0,"32":0,"33":0,"34":0,"35":0,"36":0,"37":0,"38":0,"39":0,"40":0,"41":0,"42":0,"43":0,"44":0,"45":0,"46":0,"47":0,"48":0,"49":0,"50":1},"f":{"0":1,"1":1,"2":1,"3":0,"4":0,"5":0,"6":0},"b":{"0":[0,1],"1":[0,0],"2":[0,0],"3":[0
[...]
39,"column":1},"end":{"line":139,"column":57}},"56":{"start":{"line":141,"column":1},"end":{"line":144,"column":4}},"57":{"start":{"line":142,"column":2},"end":{"line":144,"column":4}},"58":{"start":{"line":147,"column":1},"end":{"line":147,"column":56}},"59":{"start":{"line":147,"column":32},"end":{"line":147,"column":56}},"60":{"start":{"line":149,"column":1},"end":{"line":149,"column":60}},"61":{"start":{"line":149,"column":32},"end":{"line":149,"column":60}},"62":{"start":{"line":152,"column":0},"end":{"line":178,"column":2}},"63":{"start":{"line":158,"column":22},"end":{"line":176,"column":2}},"64":{"start":{"line":160,"column":2},"end":{"line":162,"column":3}},"65":{"start":{"line":161,"column":3},"end":{"line":161,"column":23}},"66":{"start":{"line":164,"column":2},"end":{"line":174,"column":3}},"67":{"start":{"line":165,"column":3},"end":{"line":173,"column":4}},"68":{"start":{"line":166,"column":16},"end":{"line":168,"column":6}},"69":{"start":{"line":167,"column":5},"end":{"line":167,"column":49}},"70":{"start":{"line":170,"column":4},"end":{"line":172,"column":5}},"71":{"start":{"line":171,"column":5},"end":{"line":171,"column":50}},"72":{"start":{"line":175,"column":2},"end":{"line":175,"column":22}},"73":{"start":{"line":177,"column":1},"end":{"line":177,"column":25}},"74":{"start":{"line":180,"column":0},"end":{"line":180,"column":31}}},"fnMap":{"0":{"name":"NodeTreeUtils","decl":{"start":{"line":1,"column":9},"end":{"line":1,"column":22}},"loc":{"start":{"line":1,"column":25},"end":{"line":1,"column":27}},"line":1},"1":{"name":"(anonymous_1)","decl":{"start":{"line":10,"column":52},"end":{"line":10,"column":53}},"loc":{"start":{"line":14,"column":2},"end":{"line":77,"column":1}},"line":14},"2":{"name":"(anonymous_2)","decl":{"start":{"line":20,"column":38},"end":{"line":20,"column":39}},"loc":{"start":{"line":20,"column":50},"end":{"line":74,"column":2}},"line":20},"3":{"name":"(anonymous_3)","decl":{"start":{"line":47,"column":34},"end":{"line":47,"column":35}},"loc":{"start":{"line":47,"column":46},"end":{"line":52,"column":4}},"line":47},"4":{"name":"(anonymous_4)","decl":{"start":{"line":70,"column":19},"end":{"line":70,"column":20}},"loc":{"start":{"line":70,"column":31},"end":{"line":72,"column":3}},"line":70},"5":{"name":"(anonymous_5)","decl":{"start":{"line":85,"column":38},"end":{"line":85,"column":39}},"loc":{"start":{"line":89,"column":2},"end":{"line":126,"column":1}},"line":89},"6":{"name":"(anonymous_6)","decl":{"start":{"line":92,"column":24},"end":{"line":92,"column":25}},"loc":{"start":{"line":92,"column":36},"end":{"line":124,"column":2}},"line":92},"7":{"name":"(anonymous_7)","decl":{"start":{"line":94,"column":29},"end":{"line":94,"column":30}},"loc":{"start":{"line":94,"column":37},"end":{"line":96,"column":3}},"line":94},"8":{"name":"(anonymous_8)","decl":{"start":{"line":102,"column":20},"end":{"line":102,"column":21}},"loc":{"start":{"line":102,"column":50},"end":{"line":115,"column":4}},"line":102},"9":{"name":"(anonymous_9)","decl":{"start":{"line":104,"column":30},"end":{"line":104,"column":31}},"loc":{"start":{"line":104,"column":38},"end":{"line":104,"column":65}},"line":104},"10":{"name":"(anonymous_10)","decl":{"start":{"line":128,"column":37},"end":{"line":128,"column":38}},"loc":{"start":{"line":128,"column":68},"end":{"line":130,"column":1}},"line":128},"11":{"name":"(anonymous_11)","decl":{"start":{"line":129,"column":21},"end":{"line":129,"column":22}},"loc":{"start":{"line":129,"column":29},"end":{"line":129,"column":61}},"line":129},"12":{"name":"(anonymous_12)","decl":{"start":{"line":132,"column":41},"end":{"line":132,"column":42}},"loc":{"start":{"line":132,"column":73},"end":{"line":150,"column":1}},"line":132},"13":{"name":"(anonymous_13)","decl":{"start":{"line":152,"column":46},"end":{"line":152,"column":47}},"loc":{"start":{"line":157,"column":2},"end":{"line":178,"column":1}},"line":157},"14":{"name":"(anonymous_14)","decl":{"start":{"line":158,"column":22},"end":{"line":158,"column":23}},"loc":{"start":{"line":158,"column":34},"end":{"line":176,"column":2}},"line":158},"15":{"name":"(anonymous_15)","decl":{"start":{"line":166,"column":29},"end":{"line":166,"column":30}},"loc":{"start":{"line":166,"column":34},"end":{"line":168,"column":5}},"line":166}},"branchMap":{"0":{"loc":{"start":{"line":29,"column":3},"end":{"line":31,"column":4}},"type":"if","locations":[{"start":{"line":29,"column":3},"end":{"line":31,"column":4}},{"start":{"line":29,"column":3},"end":{"line":31,"column":4}}],"line":29},"1":{"loc":{"start":{"line":29,"column":7},"end":{"line":29,"column":45}},"type":"binary-expr","locations":[{"start":{"line":29,"column":7},"end":{"line":29,"column":22}},{"start":{"line":29,"column":26},"end":{"line":29,"column":45}}],"line":29},"2":{"loc":{"start":{"line":49,"column":5},"end":{"line":50,"column":55}},"type":"binary-expr","locations":[{"start":{"line":49,"column":5},"end":{"line":49,"column":37}},{"start":{"line":50,"column":5},"end":{"line":50,"column":55}}],"line":49},"3":{"loc":{"start":{"line":54,"column":3},"end":{"line":67,"column":4}},"type":"if","locations":[{"start":{"line":54,"column":3},"end":{"line":67,"column":4}},{"start":{"line":54,"column":3},"end":{"line":67,"column":4}}],"line":54},"4":{"loc":{"start":{"line":71,"column":3},"end":{"line":71,"column":72}},"type":"if","locations":[{"start":{"line":71,"column":3},"end":{"line":71,"column":72}},{"start":{"line":71,"column":3},"end":{"line":71,"column":72}}],"line":71},"5":{"loc":{"start":{"line":95,"column":10},"end":{"line":95,"column":69}},"type":"binary-expr","locations":[{"start":{"line":95,"column":10},"end":{"line":95,"column":37}},{"start":{"line":95,"column":41},"end":{"line":95,"column":69}}],"line":95},"6":{"loc":{"start":{"line":98,"column":2},"end":{"line":123,"column":3}},"type":"if","locations":[{"start":{"line":98,"column":2},"end":{"line":123,"column":3}},{"start":{"line":98,"column":2},"end":{"line":123,"column":3}}],"line":98},"7":{"loc":{"start":{"line":106,"column":4},"end":{"line":114,"column":5}},"type":"if","locations":[{"start":{"line":106,"column":4},"end":{"line":114,"column":5}},{"start":{"line":106,"column":4},"end":{"line":114,"column":5}}],"line":106},"8":{"loc":{"start":{"line":118,"column":3},"end":{"line":122,"column":4}},"type":"if","locations":[{"start":{"line":118,"column":3},"end":{"line":122,"column":4}},{"start":{"line":118,"column":3},"end":{"line":122,"column":4}}],"line":118},"9":{"loc":{"start":{"line":134,"column":1},"end":{"line":134,"column":67}},"type":"if","locations":[{"start":{"line":134,"column":1},"end":{"line":134,"column":67}},{"start":{"line":134,"column":1},"end":{"line":134,"column":67}}],"line":134},"10":{"loc":{"start":{"line":141,"column":1},"end":{"line":144,"column":4}},"type":"if","locations":[{"start":{"line":141,"column":1},"end":{"line":144,"column":4}},{"start":{"line":141,"column":1},"end":{"line":144,"column":4}}],"line":141},"11":{"loc":{"start":{"line":147,"column":1},"end":{"line":147,"column":56}},"type":"if","locations":[{"start":{"line":147,"column":1},"end":{"line":147,"column":56}},{"start":{"line":147,"column":1},"end":{"line":147,"column":56}}],"line":147},"12":{"loc":{"start":{"line":149,"column":1},"end":{"line":149,"column":60}},"type":"if","locations":[{"start":{"line":149,"column":1},"end":{"line":149,"column":60}},{"start":{"line":149,"column":1},"end":{"line":149,"column":60}}],"line":149},"13":{"loc":{"start":{"line":160,"column":2},"end":{"line":162,"column":3}},"type":"if","locations":[{"start":{"line":160,"column":2},"end":{"line":162,"column":3}},{"start":{"line":160,"column":2},"end":{"line":162,"column":3}}],"line":160},"14":{"loc":{"start":{"line":160,"column":6},"end":{"line":160,"column":46}},"type":"binary-expr","locations":[{"start":{"line":160,"column":6},"end":{"line":160,"column":22}},{"start":{"line":160,"column":26},"end":{"line":160,"column":46}}],"line":160},"15":{"loc":{"start":{"line":164,"column":2},"end":{"line":174,"column":3}},"type":"if","locations":[{"start":{"line":164,"column":2},"end":{"line":174,"column":3}},{"start":{"line":164,"column":2},"end":{"line":174,"column":3}}],"line":164},"16":{"loc":{"start":{"line":165,"column":3},"end":{"line":173,"column":4}},"type":"if","locations":[{"start":{"line":165,"column":3},"end":{"line":173,"column":4}},{"start":{"line":165,"column":3},"end":{"line":173,"column":4}}],"line":165},"17":{"loc":{"start":{"line":167,"column":12},"end":{"line":167,"column":48}},"type":"binary-expr","locations":[{"start":{"line":167,"column":12},"end":{"line":167,"column":26}},{"start":{"line":167,"column":30},"end":{"line":167,"column":48}}],"line":167},"18":{"loc":{"start":{"line":170,"column":4},"end":{"line":172,"column":5}},"type":"if","locations":[{"start":{"line":170,"column":4},"end":{"line":172,"column":5}},{"start":{"line":170,"column":4},"end":{"line":172,"column":5}}],"line":170}},"s":{"0":1,"1":0,"2":0,"3":0,"4":0,"5":0,"6":0,"7":0,"8":0,"9":0,"10":0,"11":0,"12":0,"13":0,"14":0,"15":0,"16":0,"17":0,"18":0,"19":0,"20":0,"21":0,"22":0,"23":0,"24":0,"25":0,"26":0,"27":0,"28":0,"29":1,"30":2,"31":2,"32":2,"33":5,"34":2,"35":2,"36":2,"37":7,"38":56,"39":7,"40":2,"41":2,"42":5,"43":2,"44":2,"45":2,"46":0,"47":2,"48":1,"49":2,"50":2,"51":1,"52":0,"53":0,"54":0,"55":0,"56":0,"57":0,"58":0,"59":0,"60":0,"61":0,"62":1,"63":0,"64":0,"65":0,"66":0,"67":0,"68":0,"69":0,"70":0,"71":0,"72":0,"73":0,"74":1},"f":{"0":1,"1":0,"2":0,"3":0,"4":0,"5":2,"6":2,"7":5,"8":7,"9":56,"10":2,"11":2,"12":0,"13":0,"14":0,"15":0},"b":{"0":[0,0],"1":[0,0],"2":[0,0],"3":[0,0],"4":[0,0],"5":[5,2],"6":[2,0],"7":[2,5],"8":[2,0],"9":[0,0],"10":[0,0],"11":[0,0],"12":[0,0],"13":[0,0],"14":[0,0],"15":[0,0],"16":[0,0],"17":[0,0],"18":[0,0]},"_coverageSchema":"332fd63041d2c1bcb487cc26dd0d5f7d97098a6c","hash":"b86c34ced4b46c1112aa33b4a4bd7668482ca4d1","contentHash":"7db0d8332688b555afbe6b6a8078eca5_11.9.0"},"/Users/timbewsey1/Documents/GitHub/aece_ver2/lib/builders/packet_builder.js":{"path":"/Users/timbewsey1/Documents/GitHub/aece_ver2/lib/builders/packet_builder.js","statementMap":{"0":{"start":{"line":42,"column":20},"end":{"line":46,"column":1}},"1":{"start":{"line":43,"column":21},"end":{"line":43,"column":53}},"2":{"start":{"line":44,"column":1},"end":{"line":44,"column":32}},"3":{"start":{"line":45,"column":1},"end":{"line":45,"column":14}},"4":{"start":{"line":48,"column":0},"end":{"line":57,"column":2}},"5":{"start":{"line":49,"column":1},"end":{"line":49,"column":19}},"6":{"start":{"line":50,"column":1},"end":{"line":50,"column":20}},"7":{"start":{"line":51,"column":1},"end":{"line":51,"column":21}},"8":{"start":{"line":52,"column":1},"end":{"line":52,"column":20}},"9":{"start":{"line":53,"column":1},"end":{"line":53,"column":24}},"10":{"start":{"line":54,"column":1},"end":{"line":54,"column":24}},"11":{"start":{"line":55,"column":1},"end":{"line":55,"column":16}},"12":{"start":{"line":56,"column":1},"end":{"line":56,"column":17}},"13":{"start":{"line":59,"column":0},"end":{"line":64,"column":2}},"14":{"start":{"line":60,"column":12},"end":{"line":60,"column":16}},"15":{"start":{"line":61,"column":1},"end":{"line":61,"column":40}},"16":{"start":{"line":63,"column":1},"end":{"line":63,"column":13}},"17":{"start":{"line":66,"column":0},"end":{"line":71,"column":2}},"18":{"start":{"line":67,"column":12},"end":{"line":67,"column":16}},"19":{"start":{"line":68,"column":1},"end":{"line":68,"column":42}},"20":{"start":{"line":70,"column":1},"end":{"line":70,"column":13}},"21":{"start":{"line":73,"column":0},"end":{"line":78,"column":2}},"22":{"start":{"line":74,"column":12},"end":{"line":74,"column":16}},"23":{"start":{"line":75,"column":1},"end":{"line":75,"column":41}},"24":{"start":{"line":77,"column":1},"end":{"line":77,"column":13}},"25":{"start":{"line":81,"column":0},"end":{"line":85,"column":2}},"26":{"start":{"line":82,"column":22},"end":{"line":82,"column":46}},"27":{"start":{"line":84,"column":1},"end":{"line":84,"column":23}},"28":{"start":{"line":88,"column":0},"end":{"line":92,"column":2}},"29":{"start":{"line":89,"column":20},"end":{"line":89,"column":44}},"30":{"start":{"line":91,"column":1},"end":{"line":91,"column":21}},"31":{"start":{"line":95,"column":0},"end":{"line":100,"column":2}},"32":{"start":{"line":96,"column":18},"end":{"line":96,"column":41}},"33":{"start":{"line":97,"column":15},"end":{"line":97,"column":45}},"34":{"start":{"line":99,"column":1},"end":{"line":99,"column":16}},"35":{"start":{"line":102,"column":0},"end":{"line":110,"column":2}},"36":{"start":{"line":103,"column":12},"end":{"line":103,"column":16}},"37":{"start":{"line":105,"column":1},"end":{"line":105,"column":51}},"38":{"start":{"line":105,"column":30},"end":{"line":105,"column":51}},"39":{"start":{"line":107,"column":1},"end":{"line":107,"column":49}},"40":{"start":{"line":109,"column":1},"end":{"line":109,"column":13}},"41":{"start":{"line":112,"column":0},"end":{"line":120,"column":2}},"42":{"start":{"line":113,"column":12},"end":{"line":113,"column":16}},"43":{"start":{"line":115,"column":1},"end":{"line":115,"column":51}},"44":{"start":{"line":115,"column":30},"end":{"line":115,"column":51}},"45":{"start":{"line":118,"column":1},"end":{"line":118,"column":61}},"46":{"start":{"line":119,"column":1},"end":{"line":119,"column":13}},"47":{"start":{"line":122,"column":0},"end":{"line":145,"column":2}},"48":{"start":{"line":129,"column":2},"end":{"line":131,"column":29}},"49":{"start":{"line":135,"column":1},"end":{"line":138,"column":3}},"50":{"start":{"line":141,"column":14},"end":{"line":141,"column":74}},"51":{"start":{"line":142,"column":1},"end":{"line":142,"column":75}},"52":{"start":{"line":144,"column":1},"end":{"line":144,"column":26}},"53":{"start":{"line":148,"column":13},"end":{"line":148,"column":15}},"54":{"start":{"line":150,"column":1},"end":{"line":152,"column":2}},"55":{"start":{"line":151,"column":2},"end":{"line":151,"column":15}},"56":{"start":{"line":154,"column":1},"end":{"line":154,"column":48}},"57":{"start":{"line":157,"column":0},"end":{"line":157,"column":31}}},"fnMap":{"0":{"name":"(anonymous_0)","decl":{"start":{"line":42,"column":20},"end":{"line":42,"column":21}},"loc":{"start":{"line":42,"column":31},"end":{"line":46,"column":1}},"line":42},"1":{"name":"(anonymous_1)","decl":{"start":{"line":48,"column":32},"end":{"line":48,"column":33}},"loc":{"start":{"line":48,"column":43},"end":{"line":57,"column":1}},"line":48},"2":{"name":"(anonymous_2)","decl":{"start":{"line":59,"column":36},"end":{"line":59,"column":37}},"loc":{"start":{"line":59,"column":51},"end":{"line":64,"column":1}},"line":59},"3":{"name":"(anonymous_3)","decl":{"start":{"line":66,"column":38},"end":{"line":66,"column":39}},"loc":{"start":{"line":66,"column":53},"end":{"line":71,"column":1}},"line":66},"4":{"name":"(anonymous_4)","decl":{"start":{"line":73,"column":37},"end":{"line":73,"column":38}},"loc":{"start":{"line":73,"column":52},"end":{"line":78,"column":1}},"line":73},"5":{"name":"(anonymous_5)","decl":{"start":{"line":81,"column":47},"end":{"line":81,"column":48}},"loc":{"start":{"line":81,"column":62},"end":{"line":85,"column":1}},"line":81},"6":{"name":"(anonymous_6)","decl":{"start":{"line":88,"column":45},"end":{"line":88,"column":46}},"loc":{"start":{"line":88,"column":60},"end":{"line":92,"column":1}},"line":88},"7":{"name":"(anonymous_7)","decl":{"start":{"line":95,"column":40},"end":{"line":95,"column":41}},"loc":{"start":{"line":95,"column":55},"end":{"line":100,"column":1}},"line":95},"8":{"name":"(anonymous_8)","decl":{"start":{"line":102,"column":41},"end":{"line":102,"column":42}},"loc":{"start":{"line":102,"column":56},"end":{"line":110,"column":1}},"line":102},"9":{"name":"(anonymous_9)","decl":{"start":{"line":112,"column":41},"end":{"line":112,"column":42}},"loc":{"start":{"line":112,"column":56},"end":{"line":120,"column":1}},"line":112},"10":{"name":"(anonymous_10)","decl":{"start":{"line":122,"column":32},"end":{"line":122,"column":33}},"loc":{"start":{"line":122,"column":43},"end":{"line":145,"column":1}},"line":122},"11":{"name":"pad","decl":{"start":{"line":147,"column":9},"end":{"line":147,"column":12}},"loc":{"start":{"line":147,"column":23},"end":{"line":155,"column":1}},"line":147}},"branchMap":{"0":{"loc":{"start":{"line":105,"column":1},"end":{"line":105,"column":51}},"type":"if","locations":[{"start":{"line":105,"column":1},"end":{"line":105,"column":51}},{"start":{"line":105,"column":1},"end":{"line":105,"column":51}}],"line":105},"1":{"loc":{"start":{"line":115,"column":1},"end":{"line":115,"column":51}},"type":"if","locations":[{"start":{"line":115,"column":1},"end":{"line":115,"column":51}},{"start":{"line":115,"column":1},"end":{"line":115,"column":51}}],"line":115},"2":{"loc":{"start":{"line":129,"column":2},"end":{"line":131,"column":29}},"type":"cond-expr","locations":[{"start":{"line":130,"column":5},"end":{"line":130,"column":29}},{"start":{"line":131,"column":5},"end":{"line":131,"column":29}}],"line":129}},"s":{"0":1,"1":14,"2":14,"3":14,"4":1,"5":27,"6":27,"7":27,"8":27,"9":27,"10":27,"11":27,"12":27,"13":1,"14":24,"15":24,"16":24,"17":1,"18":24,"19":24,"20":24,"21":1,"22":24,"23":24,"24":24,"25":1,"26":11,"27":11,"28":1,"29":11,"30":11,"31":1,"32":11,"33":11,"34":11,"35":1,"36":41,"37":41,"38":17,"39":41,"40":41,"41":1,"42":11,"43":11,"44":7,"45":11,"46":11,"47":1,"48":25,"49":25,"50":25,"51":25,"52":25,"53":171,"54":171,"55":630,"56":171,"57":1},"f":{"0":14,"1":27,"2":24,"3":24,"4":24,"5":11,"6":11,"7":11,"8":41,"9":11,"10":25,"11":171},"b":{"0":[17,24],"1":[7,4],"2":[7,18]},"_coverageSchema":"332fd63041d2c1bcb487cc26dd0d5f7d97098a6c","hash":"cf90114f4d4e9e9b153548e16fd3d588eabec34a","contentHash":"9b52750e8410053611a100e37f1dd681_11.9.0"},"/Users/timbewsey1/Documents/GitHub/aece_ver2/lib/builders/string_builder.js":{"path":"/Users/timbewsey1/Documents/GitHub/aece_ver2/lib/builders/string_builder.js","statementMap":{"0":{"start":{"line":7,"column":0},"end":{"line":28,"column":2}},"1":{"start":{"line":8,"column":14},"end":{"line":8,"column":18}},"2":{"start":{"line":9,"column":14},"end":{"line":9,"column":18}},"3":{"start":{"line":11,"column":1},"end":{"line":27,"column":3}},"4":{"start":{"line":13,"column":3},"end":{"line":13,"column":33}},"5":{"start":{"line":15,"column":3},"end":{"line":25,"column":5}},"6":{"start":{"line":17,"column":5},"end":{"line":17,"column":19}},"7":{"start":{"line":20,"column":5},"end":{"line":20,"column":41}},"8":{"start":{"line":23,"column":5},"end":{"line":23,"column":17}},"9":{"start":{"line":30,"column":0},"end":{"line":30,"column":31}}},"fnMap":{"0":{"name":"StringBuilder","decl":{"start":{"line":5,"column":9},"end":{"line":5,"column":22}},"loc":{"start":{"line":5,"column":25},"end":{"line":5,"column":27}},"line":5},"1":{"name":"(anonymous_1)","decl":{"start":{"line":7,"column":33},"end":{"line":7,"column":34}},"loc":{"start":{"line":7,"column":54},"end":{"line":28,"column":1}},"line":7},"2":{"name":"(anonymous_2)","decl":{"start":{"line":12,"column":6},"end":{"line":12,"column":7}},"loc":{"start":{"line":12,"column":26},"end":{"line":26,"column":3}},"line":12},"3":{"name":"(anonymous_3)","decl":{"start":{"line":16,"column":14},"end":{"line":16,"column":15}},"loc":{"start":{"line":16,"column":26},"end":{"line":18,"column":5}},"line":16},"4":{"name":"(anonymous_4)","decl":{"start":{"line":19,"column":9},"end":{"line":19,"column":10}},"loc":{"start":{"line":19,"column":25},"end":{"line":21,"column":5}},"line":19},"5":{"name":"(anonymous_5)","decl":{"start":{"line":22,"column":10},"end":{"line":22,"column":11}},"loc":{"start":{"line":22,"column":22},"end":{"line":24,"column":5}},"line":22}},"branchMap":{},"s":{"0":1,"1":22,"2":22,"3":22,"4":22,"5":22,"6":11,"7":11,"8":0,"9":1},"f":{"0":6,"1":22,"2":22,"3":11,"4":11,"5":0},"b":{},"_coverageSchema":"332fd63041d2c1bcb487cc26dd0d5f7d97098a6c","hash":"41de09025b7a85be2d46041fbc03289a9feb14ad","contentHash":"b2fd9f72a5cda30152d0341a91d36f7d_11.9.0"}}