{"/Users/timbewsey1/Documents/GitHub/aece_ver2/server.js":{"path":"/Users/timbewsey1/Documents/GitHub/aece_ver2/server.js","statementMap":{"0":{"start":{"line":5,"column":14},"end":{"line":5,"column":34}},"1":{"start":{"line":6,"column":0},"end":{"line":14,"column":2}},"2":{"start":{"line":16,"column":0},"end":{"line":21,"column":3}},"3":{"start":{"line":17,"column":1},"end":{"line":20,"column":2}},"4":{"start":{"line":18,"column":2},"end":{"line":18,"column":22}},"5":{"start":{"line":19,"column":2},"end":{"line":19,"column":25}}},"fnMap":{"0":{"name":"(anonymous_0)","decl":{"start":{"line":16,"column":39},"end":{"line":16,"column":40}},"loc":{"start":{"line":16,"column":59},"end":{"line":21,"column":1}},"line":16}},"branchMap":{"0":{"loc":{"start":{"line":17,"column":1},"end":{"line":20,"column":2}},"type":"if","locations":[{"start":{"line":17,"column":1},"end":{"line":20,"column":2}},{"start":{"line":17,"column":1},"end":{"line":20,"column":2}}],"line":17}},"s":{"0":1,"1":1,"2":1,"3":1,"4":0,"5":0},"f":{"0":1},"b":{"0":[0,1]},"_coverageSchema":"332fd63041d2c1bcb487cc26dd0d5f7d97098a6c","hash":"fd9946e2eb6a7a3164a98203956e5b4699e62833","contentHash":"9adffcf251301606207ae7ee8dc698fe_11.9.0"},"/Users/timbewsey1/Documents/GitHub/aece_ver2/lib/utils/port_util.js":{"path":"/Users/timbewsey1/Documents/GitHub/aece_ver2/lib/utils/port_util.js","statementMap":{"0":{"start":{"line":6,"column":1},"end":{"line":6,"column":24}},"1":{"start":{"line":9,"column":0},"end":{"line":39,"column":2}},"2":{"start":{"line":10,"column":12},"end":{"line":10,"column":16}},"3":{"start":{"line":11,"column":14},"end":{"line":11,"column":27}},"4":{"start":{"line":13,"column":1},"end":{"line":38,"column":4}},"5":{"start":{"line":14,"column":2},"end":{"line":37,"column":3}},"6":{"start":{"line":15,"column":3},"end":{"line":33,"column":7}},"7":{"start":{"line":18,"column":22},"end":{"line":18,"column":43}},"8":{"start":{"line":20,"column":5},"end":{"line":24,"column":8}},"9":{"start":{"line":26,"column":5},"end":{"line":28,"column":7}},"10":{"start":{"line":29,"column":5},"end":{"line":29,"column":30}},"11":{"start":{"line":32,"column":5},"end":{"line":32,"column":17}},"12":{"start":{"line":36,"column":3},"end":{"line":36,"column":28}},"13":{"start":{"line":41,"column":0},"end":{"line":41,"column":26}}},"fnMap":{"0":{"name":"PortUtil","decl":{"start":{"line":5,"column":9},"end":{"line":5,"column":17}},"loc":{"start":{"line":5,"column":20},"end":{"line":7,"column":1}},"line":5},"1":{"name":"(anonymous_1)","decl":{"start":{"line":9,"column":33},"end":{"line":9,"column":34}},"loc":{"start":{"line":9,"column":50},"end":{"line":39,"column":1}},"line":9},"2":{"name":"(anonymous_2)","decl":{"start":{"line":13,"column":20},"end":{"line":13,"column":21}},"loc":{"start":{"line":13,"column":41},"end":{"line":38,"column":2}},"line":13},"3":{"name":"(anonymous_3)","decl":{"start":{"line":17,"column":10},"end":{"line":17,"column":11}},"loc":{"start":{"line":17,"column":27},"end":{"line":30,"column":5}},"line":17},"4":{"name":"(anonymous_4)","decl":{"start":{"line":31,"column":11},"end":{"line":31,"column":12}},"loc":{"start":{"line":31,"column":25},"end":{"line":33,"column":5}},"line":31}},"branchMap":{"0":{"loc":{"start":{"line":14,"column":2},"end":{"line":37,"column":3}},"type":"if","locations":[{"start":{"line":14,"column":2},"end":{"line":37,"column":3}},{"start":{"line":14,"column":2},"end":{"line":37,"column":3}}],"line":14}},"s":{"0":1,"1":1,"2":7,"3":7,"4":7,"5":7,"6":1,"7":1,"8":1,"9":1,"10":1,"11":0,"12":6,"13":1},"f":{"0":1,"1":7,"2":7,"3":1,"4":0},"b":{"0":[1,6]},"_coverageSchema":"332fd63041d2c1bcb487cc26dd0d5f7d97098a6c","hash":"c708bcbf65228db822dbe177ff6fb58250fa2f7d","contentHash":"0814126cf3548b5ddfde37a29a83169b_11.9.0"},"/Users/timbewsey1/Documents/GitHub/aece_ver2/lib/services/queue_service.js":{"path":"/Users/timbewsey1/Documents/GitHub/aece_ver2/lib/services/queue_service.js","statementMap":{"0":{"start":{"line":8,"column":0},"end":{"line":25,"column":2}},"1":{"start":{"line":9,"column":1},"end":{"line":9,"column":68}},"2":{"start":{"line":11,"column":12},"end":{"line":22,"column":2}},"3":{"start":{"line":12,"column":2},"end":{"line":21,"column":3}},"4":{"start":{"line":15,"column":3},"end":{"line":15,"column":60}},"5":{"start":{"line":16,"column":3},"end":{"line":16,"column":60}},"6":{"start":{"line":18,"column":3},"end":{"line":18,"column":67}},"7":{"start":{"line":20,"column":3},"end":{"line":20,"column":73}},"8":{"start":{"line":24,"column":1},"end":{"line":24,"column":15}},"9":{"start":{"line":32,"column":0},"end":{"line":42,"column":2}},"10":{"start":{"line":33,"column":21},"end":{"line":39,"column":2}},"11":{"start":{"line":34,"column":2},"end":{"line":38,"column":3}},"12":{"start":{"line":35,"column":3},"end":{"line":35,"column":54}},"13":{"start":{"line":37,"column":3},"end":{"line":37,"column":53}},"14":{"start":{"line":41,"column":1},"end":{"line":41,"column":24}},"15":{"start":{"line":44,"column":0},"end":{"line":94,"column":2}},"16":{"start":{"line":45,"column":1},"end":{"line":45,"column":55}},"17":{"start":{"line":47,"column":15},"end":{"line":49,"column":2}},"18":{"start":{"line":48,"column":2},"end":{"line":48,"column":57}},"19":{"start":{"line":48,"column":32},"end":{"line":48,"column":55}},"20":{"start":{"line":51,"column":20},"end":{"line":89,"column":2}},"21":{"start":{"line":52,"column":2},"end":{"line":52,"column":49}},"22":{"start":{"line":54,"column":2},"end":{"line":88,"column":3}},"23":{"start":{"line":55,"column":17},"end":{"line":55,"column":56}},"24":{"start":{"line":57,"column":3},"end":{"line":85,"column":4}},"25":{"start":{"line":58,"column":4},"end":{"line":58,"column":75}},"26":{"start":{"line":59,"column":23},"end":{"line":61,"column":5}},"27":{"start":{"line":63,"column":4},"end":{"line":63,"column":52}},"28":{"start":{"line":65,"column":4},"end":{"line":68,"column":5}},"29":{"start":{"line":66,"column":5},"end":{"line":66,"column":56}},"30":{"start":{"line":67,"column":5},"end":{"line":67,"column":20}},"31":{"start":{"line":70,"column":4},"end":{"line":70,"column":68}},"32":{"start":{"line":72,"column":19},"end":{"line":74,"column":5}},"33":{"start":{"line":77,"column":4},"end":{"line":77,"column":56}},"34":{"start":{"line":79,"column":4},"end":{"line":79,"column":66}},"35":{"start":{"line":80,"column":4},"end":{"line":80,"column":19}},"36":{"start":{"line":83,"column":4},"end":{"line":83,"column":24}},"37":{"start":{"line":84,"column":4},"end":{"line":84,"column":19}},"38":{"start":{"line":87,"column":3},"end":{"line":87,"column":46}},"39":{"start":{"line":91,"column":1},"end":{"line":93,"column":4}},"40":{"start":{"line":92,"column":2},"end":{"line":92,"column":72}},"41":{"start":{"line":101,"column":0},"end":{"line":126,"column":2}},"42":{"start":{"line":102,"column":1},"end":{"line":102,"column":54}},"43":{"start":{"line":104,"column":28},"end":{"line":124,"column":2}},"44":{"start":{"line":105,"column":2},"end":{"line":123,"column":3}},"45":{"start":{"line":106,"column":21},"end":{"line":106,"column":56}},"46":{"start":{"line":108,"column":3},"end":{"line":120,"column":4}},"47":{"start":{"line":109,"column":4},"end":{"line":117,"column":5}},"48":{"start":{"line":110,"column":5},"end":{"line":110,"column":63}},"49":{"start":{"line":111,"column":19},"end":{"line":111,"column":51}},"50":{"start":{"line":113,"column":5},"end":{"line":113,"column":60}},"51":{"start":{"line":114,"column":5},"end":{"line":114,"column":20}},"52":{"start":{"line":116,"column":5},"end":{"line":116,"column":59}},"53":{"start":{"line":119,"column":4},"end":{"line":119,"column":16}},"54":{"start":{"line":122,"column":3},"end":{"line":122,"column":52}},"55":{"start":{"line":125,"column":1},"end":{"line":125,"column":31}},"56":{"start":{"line":133,"column":0},"end":{"line":142,"column":2}},"57":{"start":{"line":135,"column":2},"end":{"line":139,"column":3}},"58":{"start":{"line":136,"column":3},"end":{"line":136,"column":54}},"59":{"start":{"line":138,"column":3},"end":{"line":138,"column":53}},"60":{"start":{"line":141,"column":1},"end":{"line":141,"column":24}},"61":{"start":{"line":144,"column":0},"end":{"line":170,"column":2}},"62":{"start":{"line":145,"column":1},"end":{"line":145,"column":55}},"63":{"start":{"line":148,"column":2},"end":{"line":148,"column":57}},"64":{"start":{"line":148,"column":32},"end":{"line":148,"column":55}},"65":{"start":{"line":151,"column":18},"end":{"line":165,"column":2}},"66":{"start":{"line":152,"column":2},"end":{"line":164,"column":3}},"67":{"start":{"line":153,"column":17},"end":{"line":153,"column":56}},"68":{"start":{"line":155,"column":3},"end":{"line":161,"column":4}},"69":{"start":{"line":156,"column":4},"end":{"line":156,"column":59}},"70":{"start":{"line":157,"column":4},"end":{"line":157,"column":17}},"71":{"start":{"line":159,"column":4},"end":{"line":159,"column":24}},"72":{"start":{"line":160,"column":4},"end":{"line":160,"column":17}},"73":{"start":{"line":163,"column":3},"end":{"line":163,"column":56}},"74":{"start":{"line":167,"column":1},"end":{"line":169,"column":4}},"75":{"start":{"line":168,"column":2},"end":{"line":168,"column":72}},"76":{"start":{"line":172,"column":0},"end":{"line":192,"column":2}},"77":{"start":{"line":173,"column":1},"end":{"line":173,"column":54}},"78":{"start":{"line":175,"column":28},"end":{"line":189,"column":2}},"79":{"start":{"line":176,"column":2},"end":{"line":188,"column":3}},"80":{"start":{"line":177,"column":21},"end":{"line":177,"column":56}},"81":{"start":{"line":179,"column":3},"end":{"line":185,"column":4}},"82":{"start":{"line":180,"column":4},"end":{"line":180,"column":68}},"83":{"start":{"line":182,"column":18},"end":{"line":182,"column":50}},"84":{"start":{"line":183,"column":4},"end":{"line":183,"column":59}},"85":{"start":{"line":184,"column":4},"end":{"line":184,"column":19}},"86":{"start":{"line":187,"column":3},"end":{"line":187,"column":55}},"87":{"start":{"line":191,"column":1},"end":{"line":191,"column":31}},"88":{"start":{"line":194,"column":0},"end":{"line":208,"column":2}},"89":{"start":{"line":195,"column":1},"end":{"line":207,"column":2}},"90":{"start":{"line":196,"column":2},"end":{"line":196,"column":47}},"91":{"start":{"line":204,"column":2},"end":{"line":204,"column":13}},"92":{"start":{"line":206,"column":2},"end":{"line":206,"column":16}},"93":{"start":{"line":210,"column":0},"end":{"line":230,"column":2}},"94":{"start":{"line":211,"column":22},"end":{"line":228,"column":2}},"95":{"start":{"line":212,"column":2},"end":{"line":227,"column":3}},"96":{"start":{"line":213,"column":14},"end":{"line":213,"column":27}},"97":{"start":{"line":214,"column":18},"end":{"line":214,"column":31}},"98":{"start":{"line":216,"column":3},"end":{"line":219,"column":4}},"99":{"start":{"line":217,"column":4},"end":{"line":217,"column":60}},"100":{"start":{"line":218,"column":4},"end":{"line":218,"column":42}},"101":{"start":{"line":221,"column":3},"end":{"line":224,"column":4}},"102":{"start":{"line":222,"column":4},"end":{"line":222,"column":60}},"103":{"start":{"line":223,"column":4},"end":{"line":223,"column":42}},"104":{"start":{"line":226,"column":3},"end":{"line":226,"column":50}},"105":{"start":{"line":229,"column":1},"end":{"line":229,"column":25}},"106":{"start":{"line":232,"column":0},"end":{"line":232,"column":30}}},"fnMap":{"0":{"name":"QueueService","decl":{"start":{"line":1,"column":9},"end":{"line":1,"column":21}},"loc":{"start":{"line":1,"column":24},"end":{"line":1,"column":26}},"line":1},"1":{"name":"(anonymous_1)","decl":{"start":{"line":8,"column":36},"end":{"line":8,"column":37}},"loc":{"start":{"line":8,"column":53},"end":{"line":25,"column":1}},"line":8},"2":{"name":"(anonymous_2)","decl":{"start":{"line":11,"column":12},"end":{"line":11,"column":13}},"loc":{"start":{"line":11,"column":24},"end":{"line":22,"column":2}},"line":11},"3":{"name":"(anonymous_3)","decl":{"start":{"line":32,"column":44},"end":{"line":32,"column":45}},"loc":{"start":{"line":32,"column":67},"end":{"line":42,"column":1}},"line":32},"4":{"name":"(anonymous_4)","decl":{"start":{"line":33,"column":21},"end":{"line":33,"column":22}},"loc":{"start":{"line":33,"column":33},"end":{"line":39,"column":2}},"line":33},"5":{"name":"(anonymous_5)","decl":{"start":{"line":44,"column":44},"end":{"line":44,"column":45}},"loc":{"start":{"line":44,"column":61},"end":{"line":94,"column":1}},"line":44},"6":{"name":"(anonymous_6)","decl":{"start":{"line":47,"column":15},"end":{"line":47,"column":16}},"loc":{"start":{"line":47,"column":21},"end":{"line":49,"column":2}},"line":47},"7":{"name":"(anonymous_7)","decl":{"start":{"line":48,"column":21},"end":{"line":48,"column":22}},"loc":{"start":{"line":48,"column":32},"end":{"line":48,"column":55}},"line":48},"8":{"name":"(anonymous_8)","decl":{"start":{"line":51,"column":20},"end":{"line":51,"column":21}},"loc":{"start":{"line":51,"column":32},"end":{"line":89,"column":2}},"line":51},"9":{"name":"(anonymous_9)","decl":{"start":{"line":91,"column":28},"end":{"line":91,"column":29}},"loc":{"start":{"line":91,"column":34},"end":{"line":93,"column":2}},"line":91},"10":{"name":"(anonymous_10)","decl":{"start":{"line":101,"column":46},"end":{"line":101,"column":47}},"loc":{"start":{"line":101,"column":63},"end":{"line":126,"column":1}},"line":101},"11":{"name":"(anonymous_11)","decl":{"start":{"line":104,"column":28},"end":{"line":104,"column":29}},"loc":{"start":{"line":104,"column":40},"end":{"line":124,"column":2}},"line":104},"12":{"name":"(anonymous_12)","decl":{"start":{"line":133,"column":44},"end":{"line":133,"column":45}},"loc":{"start":{"line":133,"column":67},"end":{"line":142,"column":1}},"line":133},"13":{"name":"addToOutGoing","decl":{"start":{"line":134,"column":16},"end":{"line":134,"column":29}},"loc":{"start":{"line":134,"column":32},"end":{"line":140,"column":2}},"line":134},"14":{"name":"(anonymous_14)","decl":{"start":{"line":144,"column":44},"end":{"line":144,"column":45}},"loc":{"start":{"line":144,"column":61},"end":{"line":170,"column":1}},"line":144},"15":{"name":"timeout","decl":{"start":{"line":147,"column":10},"end":{"line":147,"column":17}},"loc":{"start":{"line":147,"column":22},"end":{"line":149,"column":2}},"line":147},"16":{"name":"(anonymous_16)","decl":{"start":{"line":148,"column":21},"end":{"line":148,"column":22}},"loc":{"start":{"line":148,"column":32},"end":{"line":148,"column":55}},"line":148},"17":{"name":"(anonymous_17)","decl":{"start":{"line":151,"column":18},"end":{"line":151,"column":19}},"loc":{"start":{"line":151,"column":30},"end":{"line":165,"column":2}},"line":151},"18":{"name":"(anonymous_18)","decl":{"start":{"line":167,"column":26},"end":{"line":167,"column":27}},"loc":{"start":{"line":167,"column":32},"end":{"line":169,"column":2}},"line":167},"19":{"name":"(anonymous_19)","decl":{"start":{"line":172,"column":46},"end":{"line":172,"column":47}},"loc":{"start":{"line":172,"column":63},"end":{"line":192,"column":1}},"line":172},"20":{"name":"(anonymous_20)","decl":{"start":{"line":175,"column":28},"end":{"line":175,"column":29}},"loc":{"start":{"line":175,"column":40},"end":{"line":189,"column":2}},"line":175},"21":{"name":"(anonymous_21)","decl":{"start":{"line":194,"column":30},"end":{"line":194,"column":31}},"loc":{"start":{"line":194,"column":57},"end":{"line":208,"column":1}},"line":194},"22":{"name":"(anonymous_22)","decl":{"start":{"line":210,"column":42},"end":{"line":210,"column":43}},"loc":{"start":{"line":210,"column":59},"end":{"line":230,"column":1}},"line":210},"23":{"name":"(anonymous_23)","decl":{"start":{"line":211,"column":22},"end":{"line":211,"column":23}},"loc":{"start":{"line":211,"column":34},"end":{"line":228,"column":2}},"line":211}},"branchMap":{"0":{"loc":{"start":{"line":57,"column":3},"end":{"line":85,"column":4}},"type":"if","locations":[{"start":{"line":57,"column":3},"end":{"line":85,"column":4}},{"start":{"line":57,"column":3},"end":{"line":85,"column":4}}],"line":57},"1":{"loc":{"start":{"line":65,"column":4},"end":{"line":68,"column":5}},"type":"if","locations":[{"start":{"line":65,"column":4},"end":{"line":68,"column":5}},{"start":{"line":65,"column":4},"end":{"line":68,"column":5}}],"line":65},"2":{"loc":{"start":{"line":108,"column":3},"end":{"line":120,"column":4}},"type":"if","locations":[{"start":{"line":108,"column":3},"end":{"line":120,"column":4}},{"start":{"line":108,"column":3},"end":{"line":120,"column":4}}],"line":108},"3":{"loc":{"start":{"line":155,"column":3},"end":{"line":161,"column":4}},"type":"if","locations":[{"start":{"line":155,"column":3},"end":{"line":161,"column":4}},{"start":{"line":155,"column":3},"end":{"line":161,"column":4}}],"line":155},"4":{"loc":{"start":{"line":179,"column":3},"end":{"line":185,"column":4}},"type":"if","locations":[{"start":{"line":179,"column":3},"end":{"line":185,"column":4}},{"start":{"line":179,"column":3},"end":{"line":185,"column":4}}],"line":179},"5":{"loc":{"start":{"line":216,"column":3},"end":{"line":219,"column":4}},"type":"if","locations":[{"start":{"line":216,"column":3},"end":{"line":219,"column":4}},{"start":{"line":216,"column":3},"end":{"line":219,"column":4}}],"line":216},"6":{"loc":{"start":{"line":221,"column":3},"end":{"line":224,"column":4}},"type":"if","locations":[{"start":{"line":221,"column":3},"end":{"line":224,"column":4}},{"start":{"line":221,"column":3},"end":{"line":224,"column":4}}],"line":221}},"s":{"0":1,"1":1,"2":1,"3":1,"4":1,"5":1,"6":1,"7":0,"8":1,"9":1,"10":11,"11":11,"12":11,"13":0,"14":11,"15":1,"16":1,"17":1,"18":28,"19":28,"20":1,"21":36,"22":36,"23":36,"24":36,"25":8,"26":8,"27":8,"28":8,"29":0,"30":0,"31":8,"32":8,"33":8,"34":8,"35":8,"36":28,"37":27,"38":0,"39":1,"40":1,"41":1,"42":36,"43":36,"44":36,"45":36,"46":36,"47":8,"48":8,"49":8,"50":8,"51":8,"52":0,"53":28,"54":0,"55":36,"56":1,"57":4,"58":4,"59":0,"60":4,"61":1,"62":1,"63":28,"64":28,"65":1,"66":34,"67":34,"68":34,"69":6,"70":6,"71":28,"72":27,"73":0,"74":1,"75":1,"76":1,"77":34,"78":34,"79":34,"80":34,"81":34,"82":6,"83":6,"84":6,"85":6,"86":0,"87":34,"88":1,"89":0,"90":0,"91":0,"92":0,"93":1,"94":0,"95":0,"96":0,"97":0,"98":0,"99":0,"100":0,"101":0,"102":0,"103":0,"104":0,"105":0,"106":1},"f":{"0":1,"1":1,"2":1,"3":11,"4":11,"5":1,"6":28,"7":28,"8":36,"9":1,"10":36,"11":36,"12":4,"13":4,"14":1,"15":28,"16":28,"17":34,"18":1,"19":34,"20":34,"21":0,"22":0,"23":0},"b":{"0":[8,28],"1":[0,8],"2":[8,28],"3":[6,28],"4":[6,28],"5":[0,0],"6":[0,0]},"_coverageSchema":"332fd63041d2c1bcb487cc26dd0d5f7d97098a6c","hash":"a811f4036095bdbd7df5f289d2c83a797e4dc968","contentHash":"6da76957ad66c22a9f507db4111e7d9d_11.9.0"},"/Users/timbewsey1/Documents/GitHub/aece_ver2/lib/services/data_service.js":{"path":"/Users/timbewsey1/Documents/GitHub/aece_ver2/lib/services/data_service.js","statementMap":{"0":{"start":{"line":4,"column":23},"end":{"line":4,"column":58}},"1":{"start":{"line":5,"column":1},"end":{"line":5,"column":45}},"2":{"start":{"line":13,"column":0},"end":{"line":32,"column":2}},"3":{"start":{"line":14,"column":24},"end":{"line":14,"column":56}},"4":{"start":{"line":15,"column":18},"end":{"line":15,"column":44}},"5":{"start":{"line":18,"column":2},"end":{"line":28,"column":3}},"6":{"start":{"line":19,"column":3},"end":{"line":27,"column":4}},"7":{"start":{"line":20,"column":23},"end":{"line":20,"column":63}},"8":{"start":{"line":21,"column":17},"end":{"line":21,"column":69}},"9":{"start":{"line":24,"column":4},"end":{"line":24,"column":18}},"10":{"start":{"line":26,"column":4},"end":{"line":26,"column":58}},"11":{"start":{"line":31,"column":1},"end":{"line":31,"column":31}},"12":{"start":{"line":40,"column":0},"end":{"line":171,"column":2}},"13":{"start":{"line":41,"column":14},"end":{"line":41,"column":18}},"14":{"start":{"line":42,"column":24},"end":{"line":42,"column":54}},"15":{"start":{"line":44,"column":16},"end":{"line":44,"column":18}},"16":{"start":{"line":45,"column":15},"end":{"line":45,"column":17}},"17":{"start":{"line":49,"column":2},"end":{"line":61,"column":3}},"18":{"start":{"line":50,"column":3},"end":{"line":50,"column":61}},"19":{"start":{"line":52,"column":3},"end":{"line":58,"column":4}},"20":{"start":{"line":53,"column":4},"end":{"line":57,"column":6}},"21":{"start":{"line":60,"column":3},"end":{"line":60,"column":44}},"22":{"start":{"line":65,"column":2},"end":{"line":78,"column":3}},"23":{"start":{"line":66,"column":3},"end":{"line":75,"column":5}},"24":{"start":{"line":77,"column":3},"end":{"line":77,"column":49}},"25":{"start":{"line":85,"column":2},"end":{"line":97,"column":3}},"26":{"start":{"line":86,"column":19},"end":{"line":90,"column":4}},"27":{"start":{"line":92,"column":3},"end":{"line":92,"column":41}},"28":{"start":{"line":93,"column":3},"end":{"line":93,"column":47}},"29":{"start":{"line":94,"column":3},"end":{"line":94,"column":49}},"30":{"start":{"line":96,"column":3},"end":{"line":96,"column":57}},"31":{"start":{"line":103,"column":2},"end":{"line":111,"column":3}},"32":{"start":{"line":104,"column":19},"end":{"line":107,"column":4}},"33":{"start":{"line":108,"column":3},"end":{"line":108,"column":35}},"34":{"start":{"line":110,"column":3},"end":{"line":110,"column":42}},"35":{"start":{"line":119,"column":2},"end":{"line":127,"column":3}},"36":{"start":{"line":120,"column":3},"end":{"line":124,"column":4}},"37":{"start":{"line":121,"column":4},"end":{"line":121,"column":11}},"38":{"start":{"line":123,"column":4},"end":{"line":123,"column":70}},"39":{"start":{"line":126,"column":3},"end":{"line":126,"column":49}},"40":{"start":{"line":132,"column":2},"end":{"line":140,"column":3}},"41":{"start":{"line":133,"column":3},"end":{"line":137,"column":4}},"42":{"start":{"line":134,"column":4},"end":{"line":134,"column":11}},"43":{"start":{"line":136,"column":4},"end":{"line":136,"column":65}},"44":{"start":{"line":139,"column":3},"end":{"line":139,"column":41}},"45":{"start":{"line":145,"column":2},"end":{"line":153,"column":3}},"46":{"start":{"line":146,"column":3},"end":{"line":150,"column":4}},"47":{"start":{"line":147,"column":4},"end":{"line":147,"column":11}},"48":{"start":{"line":149,"column":4},"end":{"line":149,"column":69}},"49":{"start":{"line":152,"column":3},"end":{"line":152,"column":50}},"50":{"start":{"line":157,"column":2},"end":{"line":167,"column":3}},"51":{"start":{"line":158,"column":3},"end":{"line":158,"column":26}},"52":{"start":{"line":159,"column":3},"end":{"line":159,"column":29}},"53":{"start":{"line":160,"column":3},"end":{"line":160,"column":26}},"54":{"start":{"line":161,"column":3},"end":{"line":161,"column":33}},"55":{"start":{"line":162,"column":3},"end":{"line":162,"column":30}},"56":{"start":{"line":163,"column":3},"end":{"line":163,"column":30}},"57":{"start":{"line":164,"column":3},"end":{"line":164,"column":31}},"58":{"start":{"line":166,"column":3},"end":{"line":166,"column":43}},"59":{"start":{"line":170,"column":1},"end":{"line":170,"column":24}},"60":{"start":{"line":178,"column":0},"end":{"line":231,"column":2}},"61":{"start":{"line":180,"column":2},"end":{"line":228,"column":3}},"62":{"start":{"line":181,"column":18},"end":{"line":181,"column":50}},"63":{"start":{"line":183,"column":13},"end":{"line":185,"column":5}},"64":{"start":{"line":184,"column":4},"end":{"line":184,"column":29}},"65":{"start":{"line":187,"column":14},"end":{"line":189,"column":5}},"66":{"start":{"line":188,"column":4},"end":{"line":188,"column":29}},"67":{"start":{"line":191,"column":16},"end":{"line":193,"column":5}},"68":{"start":{"line":192,"column":4},"end":{"line":192,"column":29}},"69":{"start":{"line":195,"column":17},"end":{"line":195,"column":22}},"70":{"start":{"line":196,"column":21},"end":{"line":196,"column":23}},"71":{"start":{"line":198,"column":3},"end":{"line":203,"column":4}},"72":{"start":{"line":199,"column":4},"end":{"line":199,"column":35}},"73":{"start":{"line":200,"column":4},"end":{"line":200,"column":29}},"74":{"start":{"line":202,"column":4},"end":{"line":202,"column":28}},"75":{"start":{"line":205,"column":3},"end":{"line":224,"column":4}},"76":{"start":{"line":206,"column":4},"end":{"line":217,"column":7}},"77":{"start":{"line":207,"column":5},"end":{"line":207,"column":48}},"78":{"start":{"line":208,"column":5},"end":{"line":208,"column":34}},"79":{"start":{"line":210,"column":5},"end":{"line":216,"column":9}},"80":{"start":{"line":212,"column":7},"end":{"line":212,"column":40}},"81":{"start":{"line":215,"column":7},"end":{"line":215,"column":61}},"82":{"start":{"line":218,"column":10},"end":{"line":224,"column":4}},"83":{"start":{"line":219,"column":4},"end":{"line":219,"column":35}},"84":{"start":{"line":221,"column":4},"end":{"line":223,"column":7}},"85":{"start":{"line":222,"column":5},"end":{"line":222,"column":59}},"86":{"start":{"line":225,"column":3},"end":{"line":225,"column":19}},"87":{"start":{"line":227,"column":3},"end":{"line":227,"column":51}},"88":{"start":{"line":230,"column":1},"end":{"line":230,"column":25}},"89":{"start":{"line":233,"column":0},"end":{"line":271,"column":2}},"90":{"start":{"line":238,"column":12},"end":{"line":238,"column":16}},"91":{"start":{"line":247,"column":16},"end":{"line":247,"column":20}},"92":{"start":{"line":250,"column":2},"end":{"line":267,"column":3}},"93":{"start":{"line":251,"column":3},"end":{"line":266,"column":4}},"94":{"start":{"line":252,"column":4},"end":{"line":259,"column":5}},"95":{"start":{"line":254,"column":5},"end":{"line":254,"column":53}},"96":{"start":{"line":258,"column":5},"end":{"line":258,"column":31}},"97":{"start":{"line":261,"column":18},"end":{"line":261,"column":71}},"98":{"start":{"line":262,"column":4},"end":{"line":262,"column":45}},"99":{"start":{"line":262,"column":26},"end":{"line":262,"column":45}},"100":{"start":{"line":264,"column":4},"end":{"line":264,"column":51}},"101":{"start":{"line":265,"column":4},"end":{"line":265,"column":50}},"102":{"start":{"line":270,"column":1},"end":{"line":270,"column":25}},"103":{"start":{"line":273,"column":0},"end":{"line":299,"column":2}},"104":{"start":{"line":274,"column":14},"end":{"line":274,"column":27}},"105":{"start":{"line":277,"column":2},"end":{"line":295,"column":3}},"106":{"start":{"line":283,"column":3},"end":{"line":292,"column":4}},"107":{"start":{"line":285,"column":16},"end":{"line":285,"column":48}},"108":{"start":{"line":286,"column":17},"end":{"line":286,"column":55}},"109":{"start":{"line":289,"column":4},"end":{"line":289,"column":18}},"110":{"start":{"line":291,"column":4},"end":{"line":291,"column":50}},"111":{"start":{"line":294,"column":3},"end":{"line":294,"column":15}},"112":{"start":{"line":298,"column":1},"end":{"line":298,"column":18}},"113":{"start":{"line":301,"column":0},"end":{"line":321,"column":2}},"114":{"start":{"line":306,"column":12},"end":{"line":306,"column":16}},"115":{"start":{"line":309,"column":2},"end":{"line":318,"column":3}},"116":{"start":{"line":310,"column":3},"end":{"line":317,"column":4}},"117":{"start":{"line":311,"column":4},"end":{"line":313,"column":5}},"118":{"start":{"line":312,"column":5},"end":{"line":312,"column":59}},"119":{"start":{"line":315,"column":4},"end":{"line":315,"column":50}},"120":{"start":{"line":316,"column":4},"end":{"line":316,"column":49}},"121":{"start":{"line":320,"column":1},"end":{"line":320,"column":30}},"122":{"start":{"line":323,"column":0},"end":{"line":352,"column":2}},"123":{"start":{"line":328,"column":12},"end":{"line":328,"column":16}},"124":{"start":{"line":331,"column":2},"end":{"line":348,"column":3}},"125":{"start":{"line":332,"column":3},"end":{"line":347,"column":4}},"126":{"start":{"line":334,"column":4},"end":{"line":336,"column":5}},"127":{"start":{"line":335,"column":5},"end":{"line":335,"column":35}},"128":{"start":{"line":339,"column":4},"end":{"line":341,"column":5}},"129":{"start":{"line":340,"column":5},"end":{"line":340,"column":24}},"130":{"start":{"line":343,"column":4},"end":{"line":343,"column":58}},"131":{"start":{"line":345,"column":4},"end":{"line":345,"column":58}},"132":{"start":{"line":346,"column":4},"end":{"line":346,"column":57}},"133":{"start":{"line":351,"column":1},"end":{"line":351,"column":29}},"134":{"start":{"line":354,"column":0},"end":{"line":365,"column":2}},"135":{"start":{"line":356,"column":2},"end":{"line":361,"column":3}},"136":{"start":{"line":357,"column":15},"end":{"line":357,"column":53}},"137":{"start":{"line":358,"column":3},"end":{"line":358,"column":42}},"138":{"start":{"line":360,"column":3},"end":{"line":360,"column":53}},"139":{"start":{"line":364,"column":1},"end":{"line":364,"column":23}},"140":{"start":{"line":373,"column":0},"end":{"line":398,"column":2}},"141":{"start":{"line":377,"column":2},"end":{"line":393,"column":5}},"142":{"start":{"line":378,"column":3},"end":{"line":392,"column":4}},"143":{"start":{"line":379,"column":4},"end":{"line":391,"column":7}},"144":{"start":{"line":382,"column":5},"end":{"line":390,"column":6}},"145":{"start":{"line":389,"column":6},"end":{"line":389,"column":52}},"146":{"start":{"line":395,"column":2},"end":{"line":395,"column":21}},"147":{"start":{"line":397,"column":1},"end":{"line":397,"column":25}},"148":{"start":{"line":406,"column":0},"end":{"line":424,"column":2}},"149":{"start":{"line":407,"column":14},"end":{"line":407,"column":76}},"150":{"start":{"line":408,"column":16},"end":{"line":408,"column":20}},"151":{"start":{"line":410,"column":1},"end":{"line":412,"column":2}},"152":{"start":{"line":411,"column":2},"end":{"line":411,"column":23}},"153":{"start":{"line":414,"column":1},"end":{"line":423,"column":2}},"154":{"start":{"line":416,"column":2},"end":{"line":416,"column":35}},"155":{"start":{"line":417,"column":2},"end":{"line":417,"column":28}},"156":{"start":{"line":418,"column":2},"end":{"line":418,"column":8}},"157":{"start":{"line":420,"column":2},"end":{"line":420,"column":35}},"158":{"start":{"line":421,"column":2},"end":{"line":421,"column":8}},"159":{"start":{"line":426,"column":0},"end":{"line":426,"column":29}}},"fnMap":{"0":{"name":"DataService","decl":{"start":{"line":3,"column":9},"end":{"line":3,"column":20}},"loc":{"start":{"line":3,"column":23},"end":{"line":6,"column":1}},"line":3},"1":{"name":"(anonymous_1)","decl":{"start":{"line":13,"column":40},"end":{"line":13,"column":41}},"loc":{"start":{"line":13,"column":68},"end":{"line":32,"column":1}},"line":13},"2":{"name":"insertPacketArrAsync","decl":{"start":{"line":17,"column":16},"end":{"line":17,"column":36}},"loc":{"start":{"line":17,"column":39},"end":{"line":29,"column":2}},"line":17},"3":{"name":"(anonymous_3)","decl":{"start":{"line":40,"column":42},"end":{"line":40,"column":43}},"loc":{"start":{"line":40,"column":68},"end":{"line":171,"column":1}},"line":40},"4":{"name":"buildTreeAsync","decl":{"start":{"line":48,"column":16},"end":{"line":48,"column":30}},"loc":{"start":{"line":48,"column":33},"end":{"line":62,"column":2}},"line":48},"5":{"name":"buildContextAsync","decl":{"start":{"line":64,"column":16},"end":{"line":64,"column":33}},"loc":{"start":{"line":64,"column":36},"end":{"line":79,"column":2}},"line":64},"6":{"name":"checkTreeAsync","decl":{"start":{"line":81,"column":16},"end":{"line":81,"column":30}},"loc":{"start":{"line":81,"column":33},"end":{"line":98,"column":2}},"line":81},"7":{"name":"reorderWindowIdsAsync","decl":{"start":{"line":100,"column":16},"end":{"line":100,"column":37}},"loc":{"start":{"line":100,"column":40},"end":{"line":112,"column":2}},"line":100},"8":{"name":"performUpdateAsync","decl":{"start":{"line":114,"column":16},"end":{"line":114,"column":34}},"loc":{"start":{"line":114,"column":37},"end":{"line":128,"column":2}},"line":114},"9":{"name":"performInsertAsync","decl":{"start":{"line":130,"column":16},"end":{"line":130,"column":34}},"loc":{"start":{"line":130,"column":37},"end":{"line":141,"column":2}},"line":130},"10":{"name":"performMissingAsync","decl":{"start":{"line":143,"column":16},"end":{"line":143,"column":35}},"loc":{"start":{"line":143,"column":38},"end":{"line":154,"column":2}},"line":143},"11":{"name":"processUpsert","decl":{"start":{"line":156,"column":16},"end":{"line":156,"column":29}},"loc":{"start":{"line":156,"column":32},"end":{"line":168,"column":2}},"line":156},"12":{"name":"(anonymous_12)","decl":{"start":{"line":178,"column":36},"end":{"line":178,"column":37}},"loc":{"start":{"line":178,"column":69},"end":{"line":231,"column":1}},"line":178},"13":{"name":"buildTreeAsync","decl":{"start":{"line":179,"column":16},"end":{"line":179,"column":30}},"loc":{"start":{"line":179,"column":33},"end":{"line":229,"column":2}},"line":179},"14":{"name":"(anonymous_14)","decl":{"start":{"line":183,"column":27},"end":{"line":183,"column":28}},"loc":{"start":{"line":183,"column":35},"end":{"line":185,"column":4}},"line":183},"15":{"name":"(anonymous_15)","decl":{"start":{"line":187,"column":30},"end":{"line":187,"column":31}},"loc":{"start":{"line":187,"column":38},"end":{"line":189,"column":4}},"line":187},"16":{"name":"(anonymous_16)","decl":{"start":{"line":191,"column":32},"end":{"line":191,"column":33}},"loc":{"start":{"line":191,"column":40},"end":{"line":193,"column":4}},"line":191},"17":{"name":"(anonymous_17)","decl":{"start":{"line":206,"column":17},"end":{"line":206,"column":18}},"loc":{"start":{"line":206,"column":24},"end":{"line":217,"column":5}},"line":206},"18":{"name":"(anonymous_18)","decl":{"start":{"line":211,"column":14},"end":{"line":211,"column":15}},"loc":{"start":{"line":211,"column":23},"end":{"line":213,"column":7}},"line":211},"19":{"name":"(anonymous_19)","decl":{"start":{"line":214,"column":15},"end":{"line":214,"column":16}},"loc":{"start":{"line":214,"column":24},"end":{"line":216,"column":7}},"line":214},"20":{"name":"(anonymous_20)","decl":{"start":{"line":221,"column":19},"end":{"line":221,"column":20}},"loc":{"start":{"line":221,"column":28},"end":{"line":223,"column":5}},"line":221},"21":{"name":"(anonymous_21)","decl":{"start":{"line":233,"column":41},"end":{"line":233,"column":42}},"loc":{"start":{"line":237,"column":2},"end":{"line":271,"column":1}},"line":237},"22":{"name":"insertNewAsync","decl":{"start":{"line":249,"column":16},"end":{"line":249,"column":30}},"loc":{"start":{"line":249,"column":33},"end":{"line":268,"column":2}},"line":249},"23":{"name":"(anonymous_23)","decl":{"start":{"line":273,"column":37},"end":{"line":273,"column":38}},"loc":{"start":{"line":273,"column":72},"end":{"line":299,"column":1}},"line":273},"24":{"name":"insNode","decl":{"start":{"line":276,"column":16},"end":{"line":276,"column":23}},"loc":{"start":{"line":276,"column":26},"end":{"line":296,"column":2}},"line":276},"25":{"name":"(anonymous_25)","decl":{"start":{"line":301,"column":46},"end":{"line":301,"column":47}},"loc":{"start":{"line":305,"column":2},"end":{"line":321,"column":1}},"line":305},"26":{"name":"updateExistingAsync","decl":{"start":{"line":308,"column":16},"end":{"line":308,"column":35}},"loc":{"start":{"line":308,"column":38},"end":{"line":319,"column":2}},"line":308},"27":{"name":"(anonymous_27)","decl":{"start":{"line":323,"column":45},"end":{"line":323,"column":46}},"loc":{"start":{"line":327,"column":2},"end":{"line":352,"column":1}},"line":327},"28":{"name":"updateMissingAsync","decl":{"start":{"line":330,"column":16},"end":{"line":330,"column":34}},"loc":{"start":{"line":330,"column":37},"end":{"line":349,"column":2}},"line":330},"29":{"name":"(anonymous_29)","decl":{"start":{"line":354,"column":37},"end":{"line":354,"column":38}},"loc":{"start":{"line":354,"column":72},"end":{"line":365,"column":1}},"line":354},"30":{"name":"updateNodeAS","decl":{"start":{"line":355,"column":16},"end":{"line":355,"column":28}},"loc":{"start":{"line":355,"column":31},"end":{"line":362,"column":2}},"line":355},"31":{"name":"(anonymous_31)","decl":{"start":{"line":373,"column":45},"end":{"line":373,"column":46}},"loc":{"start":{"line":373,"column":76},"end":{"line":398,"column":1}},"line":373},"32":{"name":"reshuffleAsync","decl":{"start":{"line":376,"column":16},"end":{"line":376,"column":30}},"loc":{"start":{"line":376,"column":33},"end":{"line":396,"column":2}},"line":376},"33":{"name":"(anonymous_33)","decl":{"start":{"line":377,"column":18},"end":{"line":377,"column":19}},"loc":{"start":{"line":377,"column":34},"end":{"line":393,"column":3}},"line":377},"34":{"name":"(anonymous_34)","decl":{"start":{"line":379,"column":24},"end":{"line":379,"column":25}},"loc":{"start":{"line":379,"column":38},"end":{"line":391,"column":5}},"line":379},"35":{"name":"(anonymous_35)","decl":{"start":{"line":406,"column":38},"end":{"line":406,"column":39}},"loc":{"start":{"line":406,"column":69},"end":{"line":424,"column":1}},"line":406}},"branchMap":{"0":{"loc":{"start":{"line":52,"column":3},"end":{"line":58,"column":4}},"type":"if","locations":[{"start":{"line":52,"column":3},"end":{"line":58,"column":4}},{"start":{"line":52,"column":3},"end":{"line":58,"column":4}}],"line":52},"1":{"loc":{"start":{"line":120,"column":3},"end":{"line":124,"column":4}},"type":"if","locations":[{"start":{"line":120,"column":3},"end":{"line":124,"column":4}},{"start":{"line":120,"column":3},"end":{"line":124,"column":4}}],"line":120},"2":{"loc":{"start":{"line":133,"column":3},"end":{"line":137,"column":4}},"type":"if","locations":[{"start":{"line":133,"column":3},"end":{"line":137,"column":4}},{"start":{"line":133,"column":3},"end":{"line":137,"column":4}}],"line":133},"3":{"loc":{"start":{"line":146,"column":3},"end":{"line":150,"column":4}},"type":"if","locations":[{"start":{"line":146,"column":3},"end":{"line":150,"column":4}},{"start":{"line":146,"column":3},"end":{"line":150,"column":4}}],"line":146},"4":{"loc":{"start":{"line":198,"column":3},"end":{"line":203,"column":4}},"type":"if","locations":[{"start":{"line":198,"column":3},"end":{"line":203,"column":4}},{"start":{"line":198,"column":3},"end":{"line":203,"column":4}}],"line":198},"5":{"loc":{"start":{"line":205,"column":3},"end":{"line":224,"column":4}},"type":"if","locations":[{"start":{"line":205,"column":3},"end":{"line":224,"column":4}},{"start":{"line":205,"column":3},"end":{"line":224,"column":4}}],"line":205},"6":{"loc":{"start":{"line":218,"column":10},"end":{"line":224,"column":4}},"type":"if","locations":[{"start":{"line":218,"column":10},"end":{"line":224,"column":4}},{"start":{"line":218,"column":10},"end":{"line":224,"column":4}}],"line":218},"7":{"loc":{"start":{"line":252,"column":4},"end":{"line":259,"column":5}},"type":"if","locations":[{"start":{"line":252,"column":4},"end":{"line":259,"column":5}},{"start":{"line":252,"column":4},"end":{"line":259,"column":5}}],"line":252},"8":{"loc":{"start":{"line":252,"column":8},"end":{"line":252,"column":57}},"type":"binary-expr","locations":[{"start":{"line":252,"column":8},"end":{"line":252,"column":27}},{"start":{"line":252,"column":31},"end":{"line":252,"column":57}}],"line":252},"9":{"loc":{"start":{"line":262,"column":4},"end":{"line":262,"column":45}},"type":"if","locations":[{"start":{"line":262,"column":4},"end":{"line":262,"column":45}},{"start":{"line":262,"column":4},"end":{"line":262,"column":45}}],"line":262},"10":{"loc":{"start":{"line":277,"column":2},"end":{"line":295,"column":3}},"type":"if","locations":[{"start":{"line":277,"column":2},"end":{"line":295,"column":3}},{"start":{"line":277,"column":2},"end":{"line":295,"column":3}}],"line":277},"11":{"loc":{"start":{"line":278,"column":3},"end":{"line":281,"column":77}},"type":"binary-expr","locations":[{"start":{"line":278,"column":3},"end":{"line":278,"column":22}},{"start":{"line":279,"column":3},"end":{"line":279,"column":48}},{"start":{"line":280,"column":3},"end":{"line":280,"column":39}},{"start":{"line":281,"column":4},"end":{"line":281,"column":31}},{"start":{"line":281,"column":36},"end":{"line":281,"column":53}},{"start":{"line":281,"column":57},"end":{"line":281,"column":75}}],"line":278},"12":{"loc":{"start":{"line":311,"column":4},"end":{"line":313,"column":5}},"type":"if","locations":[{"start":{"line":311,"column":4},"end":{"line":313,"column":5}},{"start":{"line":311,"column":4},"end":{"line":313,"column":5}}],"line":311},"13":{"loc":{"start":{"line":334,"column":4},"end":{"line":336,"column":5}},"type":"if","locations":[{"start":{"line":334,"column":4},"end":{"line":336,"column":5}},{"start":{"line":334,"column":4},"end":{"line":336,"column":5}}],"line":334},"14":{"loc":{"start":{"line":339,"column":4},"end":{"line":341,"column":5}},"type":"if","locations":[{"start":{"line":339,"column":4},"end":{"line":341,"column":5}},{"start":{"line":339,"column":4},"end":{"line":341,"column":5}}],"line":339},"15":{"loc":{"start":{"line":378,"column":3},"end":{"line":392,"column":4}},"type":"if","locations":[{"start":{"line":378,"column":3},"end":{"line":392,"column":4}},{"start":{"line":378,"column":3},"end":{"line":392,"column":4}}],"line":378},"16":{"loc":{"start":{"line":382,"column":5},"end":{"line":390,"column":6}},"type":"if","locations":[{"start":{"line":382,"column":5},"end":{"line":390,"column":6}},{"start":{"line":382,"column":5},"end":{"line":390,"column":6}}],"line":382},"17":{"loc":{"start":{"line":383,"column":6},"end":{"line":384,"column":66}},"type":"binary-expr","locations":[{"start":{"line":383,"column":6},"end":{"line":383,"column":48}},{"start":{"line":384,"column":6},"end":{"line":384,"column":66}}],"line":383},"18":{"loc":{"start":{"line":410,"column":1},"end":{"line":412,"column":2}},"type":"if","locations":[{"start":{"line":410,"column":1},"end":{"line":412,"column":2}},{"start":{"line":410,"column":1},"end":{"line":412,"column":2}}],"line":410},"19":{"loc":{"start":{"line":414,"column":1},"end":{"line":423,"column":2}},"type":"switch","locations":[{"start":{"line":415,"column":1},"end":{"line":418,"column":8}},{"start":{"line":419,"column":1},"end":{"line":421,"column":8}},{"start":{"line":422,"column":1},"end":{"line":422,"column":9}}],"line":414}},"s":{"0":1,"1":1,"2":1,"3":8,"4":8,"5":8,"6":8,"7":8,"8":8,"9":8,"10":0,"11":8,"12":1,"13":8,"14":8,"15":8,"16":8,"17":8,"18":8,"19":8,"20":3,"21":0,"22":8,"23":8,"24":0,"25":8,"26":8,"27":8,"28":8,"29":8,"30":0,"31":8,"32":8,"33":8,"34":0,"35":8,"36":8,"37":5,"38":3,"39":0,"40":8,"41":8,"42":3,"43":5,"44":0,"45":8,"46":8,"47":8,"48":0,"49":0,"50":8,"51":8,"52":8,"53":8,"54":8,"55":8,"56":8,"57":8,"58":0,"59":8,"60":1,"61":8,"62":8,"63":8,"64":3,"65":8,"66":3,"67":8,"68":3,"69":8,"70":8,"71":8,"72":3,"73":3,"74":5,"75":8,"76":0,"77":0,"78":0,"79":0,"80":0,"81":0,"82":8,"83":0,"84":0,"85":0,"86":8,"87":0,"88":8,"89":1,"90":5,"91":5,"92":5,"93":8,"94":8,"95":0,"96":8,"97":8,"98":8,"99":5,"100":0,"101":0,"102":5,"103":1,"104":8,"105":8,"106":8,"107":8,"108":8,"109":8,"110":0,"111":0,"112":8,"113":1,"114":3,"115":3,"116":3,"117":3,"118":3,"119":0,"120":0,"121":3,"122":1,"123":0,"124":0,"125":0,"126":0,"127":0,"128":0,"129":0,"130":0,"131":0,"132":0,"133":0,"134":1,"135":3,"136":3,"137":3,"138":0,"139":3,"140":1,"141":8,"142":11,"143":0,"144":0,"145":0,"146":8,"147":8,"148":1,"149":0,"150":0,"151":0,"152":0,"153":0,"154":0,"155":0,"156":0,"157":0,"158":0,"159":1},"f":{"0":1,"1":8,"2":8,"3":8,"4":8,"5":8,"6":8,"7":8,"8":8,"9":8,"10":8,"11":8,"12":8,"13":8,"14":3,"15":3,"16":3,"17":0,"18":0,"19":0,"20":0,"21":5,"22":5,"23":8,"24":8,"25":3,"26":3,"27":0,"28":0,"29":3,"30":3,"31":8,"32":8,"33":11,"34":0,"35":0},"b":{"0":[3,5],"1":[5,3],"2":[3,5],"3":[8,0],"4":[3,5],"5":[0,8],"6":[0,8],"7":[0,8],"8":[8,8],"9":[5,3],"10":[8,0],"11":[8,8,8,8,0,0],"12":[3,0],"13":[0,0],"14":[0,0],"15":[0,11],"16":[0,0],"17":[0,0],"18":[0,0],"19":[0,0,0]},"_coverageSchema":"332fd63041d2c1bcb487cc26dd0d5f7d97098a6c","hash":"5248c685589ba643b537809f2a46dbd137f14a37","contentHash":"7c75023deb74bfb26f20091b648f7f7f_11.9.0"},"/Users/timbewsey1/Documents/GitHub/aece_ver2/lib/repositories/packet_repository.js":{"path":"/Users/timbewsey1/Documents/GitHub/aece_ver2/lib/repositories/packet_repository.js","statementMap":{"0":{"start":{"line":7,"column":0},"end":{"line":28,"column":2}},"1":{"start":{"line":8,"column":27},"end":{"line":8,"column":71}},"2":{"start":{"line":9,"column":1},"end":{"line":9,"column":66}},"3":{"start":{"line":11,"column":14},"end":{"line":11,"column":27}},"4":{"start":{"line":12,"column":1},"end":{"line":27,"column":4}},"5":{"start":{"line":13,"column":2},"end":{"line":26,"column":3}},"6":{"start":{"line":14,"column":3},"end":{"line":14,"column":58}},"7":{"start":{"line":15,"column":3},"end":{"line":15,"column":57}},"8":{"start":{"line":16,"column":3},"end":{"line":16,"column":72}},"9":{"start":{"line":18,"column":3},"end":{"line":18,"column":13}},"10":{"start":{"line":20,"column":3},"end":{"line":23,"column":5}},"11":{"start":{"line":25,"column":3},"end":{"line":25,"column":15}},"12":{"start":{"line":30,"column":0},"end":{"line":49,"column":2}},"13":{"start":{"line":31,"column":19},"end":{"line":46,"column":2}},"14":{"start":{"line":33,"column":2},"end":{"line":45,"column":3}},"15":{"start":{"line":34,"column":20},"end":{"line":34,"column":54}},"16":{"start":{"line":35,"column":16},"end":{"line":38,"column":4}},"17":{"start":{"line":39,"column":3},"end":{"line":39,"column":63}},"18":{"start":{"line":40,"column":3},"end":{"line":40,"column":24}},"19":{"start":{"line":41,"column":3},"end":{"line":41,"column":26}},"20":{"start":{"line":43,"column":3},"end":{"line":43,"column":49}},"21":{"start":{"line":44,"column":3},"end":{"line":44,"column":24}},"22":{"start":{"line":48,"column":1},"end":{"line":48,"column":22}},"23":{"start":{"line":51,"column":0},"end":{"line":61,"column":2}},"24":{"start":{"line":52,"column":20},"end":{"line":58,"column":2}},"25":{"start":{"line":53,"column":2},"end":{"line":57,"column":3}},"26":{"start":{"line":54,"column":3},"end":{"line":54,"column":65}},"27":{"start":{"line":56,"column":3},"end":{"line":56,"column":52}},"28":{"start":{"line":60,"column":1},"end":{"line":60,"column":23}},"29":{"start":{"line":63,"column":0},"end":{"line":63,"column":34}}},"fnMap":{"0":{"name":"PacketRepository","decl":{"start":{"line":5,"column":9},"end":{"line":5,"column":25}},"loc":{"start":{"line":5,"column":28},"end":{"line":5,"column":30}},"line":5},"1":{"name":"(anonymous_1)","decl":{"start":{"line":7,"column":40},"end":{"line":7,"column":41}},"loc":{"start":{"line":7,"column":57},"end":{"line":28,"column":1}},"line":7},"2":{"name":"(anonymous_2)","decl":{"start":{"line":12,"column":20},"end":{"line":12,"column":21}},"loc":{"start":{"line":12,"column":41},"end":{"line":27,"column":2}},"line":12},"3":{"name":"(anonymous_3)","decl":{"start":{"line":30,"column":45},"end":{"line":30,"column":46}},"loc":{"start":{"line":30,"column":74},"end":{"line":49,"column":1}},"line":30},"4":{"name":"(anonymous_4)","decl":{"start":{"line":31,"column":19},"end":{"line":31,"column":20}},"loc":{"start":{"line":31,"column":31},"end":{"line":46,"column":2}},"line":31},"5":{"name":"(anonymous_5)","decl":{"start":{"line":51,"column":45},"end":{"line":51,"column":46}},"loc":{"start":{"line":51,"column":62},"end":{"line":61,"column":1}},"line":51},"6":{"name":"(anonymous_6)","decl":{"start":{"line":52,"column":20},"end":{"line":52,"column":21}},"loc":{"start":{"line":52,"column":32},"end":{"line":58,"column":2}},"line":52}},"branchMap":{},"s":{"0":1,"1":1,"2":1,"3":1,"4":1,"5":1,"6":1,"7":1,"8":1,"9":1,"10":0,"11":0,"12":1,"13":8,"14":8,"15":8,"16":8,"17":8,"18":8,"19":8,"20":0,"21":0,"22":8,"23":1,"24":8,"25":8,"26":8,"27":0,"28":8,"29":1},"f":{"0":1,"1":1,"2":1,"3":8,"4":8,"5":8,"6":8},"b":{},"_coverageSchema":"332fd63041d2c1bcb487cc26dd0d5f7d97098a6c","hash":"caed4fe9d9c69842bcd6312e6a1bd876bd8a556e","contentHash":"2162b382c4da68b231c977b124594d22_11.9.0"},"/Users/timbewsey1/Documents/GitHub/aece_ver2/lib/repositories/node_repository.js":{"path":"/Users/timbewsey1/Documents/GitHub/aece_ver2/lib/repositories/node_repository.js","statementMap":{"0":{"start":{"line":7,"column":0},"end":{"line":22,"column":2}},"1":{"start":{"line":8,"column":27},"end":{"line":8,"column":71}},"2":{"start":{"line":9,"column":1},"end":{"line":9,"column":63}},"3":{"start":{"line":10,"column":14},"end":{"line":10,"column":27}},"4":{"start":{"line":12,"column":12},"end":{"line":20,"column":2}},"5":{"start":{"line":13,"column":2},"end":{"line":19,"column":3}},"6":{"start":{"line":14,"column":3},"end":{"line":14,"column":58}},"7":{"start":{"line":15,"column":3},"end":{"line":15,"column":57}},"8":{"start":{"line":16,"column":3},"end":{"line":16,"column":69}},"9":{"start":{"line":18,"column":3},"end":{"line":18,"column":70}},"10":{"start":{"line":21,"column":1},"end":{"line":21,"column":15}},"11":{"start":{"line":24,"column":0},"end":{"line":38,"column":2}},"12":{"start":{"line":25,"column":15},"end":{"line":36,"column":2}},"13":{"start":{"line":27,"column":2},"end":{"line":35,"column":3}},"14":{"start":{"line":28,"column":20},"end":{"line":28,"column":54}},"15":{"start":{"line":29,"column":17},"end":{"line":29,"column":71}},"16":{"start":{"line":30,"column":3},"end":{"line":30,"column":24}},"17":{"start":{"line":31,"column":3},"end":{"line":31,"column":18}},"18":{"start":{"line":33,"column":3},"end":{"line":33,"column":47}},"19":{"start":{"line":34,"column":3},"end":{"line":34,"column":24}},"20":{"start":{"line":37,"column":1},"end":{"line":37,"column":18}},"21":{"start":{"line":40,"column":0},"end":{"line":66,"column":2}},"22":{"start":{"line":41,"column":20},"end":{"line":64,"column":2}},"23":{"start":{"line":42,"column":2},"end":{"line":63,"column":3}},"24":{"start":{"line":43,"column":20},"end":{"line":43,"column":54}},"25":{"start":{"line":45,"column":15},"end":{"line":53,"column":27}},"26":{"start":{"line":55,"column":16},"end":{"line":58,"column":5}},"27":{"start":{"line":60,"column":3},"end":{"line":60,"column":17}},"28":{"start":{"line":62,"column":3},"end":{"line":62,"column":40}},"29":{"start":{"line":65,"column":1},"end":{"line":65,"column":23}},"30":{"start":{"line":68,"column":0},"end":{"line":84,"column":2}},"31":{"start":{"line":69,"column":14},"end":{"line":81,"column":2}},"32":{"start":{"line":72,"column":2},"end":{"line":80,"column":3}},"33":{"start":{"line":73,"column":3},"end":{"line":73,"column":51}},"34":{"start":{"line":74,"column":17},"end":{"line":74,"column":62}},"35":{"start":{"line":75,"column":3},"end":{"line":75,"column":24}},"36":{"start":{"line":76,"column":3},"end":{"line":76,"column":46}},"37":{"start":{"line":78,"column":3},"end":{"line":78,"column":44}},"38":{"start":{"line":79,"column":3},"end":{"line":79,"column":24}},"39":{"start":{"line":83,"column":1},"end":{"line":83,"column":17}},"40":{"start":{"line":86,"column":0},"end":{"line":111,"column":2}},"41":{"start":{"line":87,"column":15},"end":{"line":108,"column":2}},"42":{"start":{"line":89,"column":2},"end":{"line":107,"column":3}},"43":{"start":{"line":90,"column":3},"end":{"line":90,"column":51}},"44":{"start":{"line":93,"column":15},"end":{"line":99,"column":34}},"45":{"start":{"line":101,"column":17},"end":{"line":101,"column":72}},"46":{"start":{"line":102,"column":3},"end":{"line":102,"column":24}},"47":{"start":{"line":103,"column":3},"end":{"line":103,"column":18}},"48":{"start":{"line":105,"column":3},"end":{"line":105,"column":54}},"49":{"start":{"line":106,"column":3},"end":{"line":106,"column":24}},"50":{"start":{"line":110,"column":1},"end":{"line":110,"column":18}},"51":{"start":{"line":114,"column":0},"end":{"line":165,"column":2}},"52":{"start":{"line":115,"column":18},"end":{"line":162,"column":2}},"53":{"start":{"line":117,"column":2},"end":{"line":161,"column":3}},"54":{"start":{"line":118,"column":20},"end":{"line":118,"column":54}},"55":{"start":{"line":120,"column":15},"end":{"line":153,"column":27}},"56":{"start":{"line":155,"column":16},"end":{"line":155,"column":45}},"57":{"start":{"line":156,"column":3},"end":{"line":156,"column":24}},"58":{"start":{"line":157,"column":3},"end":{"line":157,"column":26}},"59":{"start":{"line":159,"column":3},"end":{"line":159,"column":49}},"60":{"start":{"line":160,"column":3},"end":{"line":160,"column":24}},"61":{"start":{"line":164,"column":1},"end":{"line":164,"column":21}},"62":{"start":{"line":168,"column":0},"end":{"line":238,"column":2}},"63":{"start":{"line":169,"column":18},"end":{"line":236,"column":2}},"64":{"start":{"line":171,"column":2},"end":{"line":235,"column":3}},"65":{"start":{"line":172,"column":3},"end":{"line":172,"column":51}},"66":{"start":{"line":174,"column":15},"end":{"line":207,"column":30}},"67":{"start":{"line":211,"column":16},"end":{"line":211,"column":45}},"68":{"start":{"line":214,"column":3},"end":{"line":228,"column":4}},"69":{"start":{"line":215,"column":4},"end":{"line":215,"column":46}},"70":{"start":{"line":218,"column":5},"end":{"line":218,"column":63}},"71":{"start":{"line":219,"column":4},"end":{"line":219,"column":42}},"72":{"start":{"line":222,"column":5},"end":{"line":222,"column":90}},"73":{"start":{"line":223,"column":4},"end":{"line":223,"column":49}},"74":{"start":{"line":226,"column":5},"end":{"line":226,"column":93}},"75":{"start":{"line":227,"column":4},"end":{"line":227,"column":52}},"76":{"start":{"line":230,"column":3},"end":{"line":230,"column":24}},"77":{"start":{"line":231,"column":3},"end":{"line":231,"column":17}},"78":{"start":{"line":233,"column":3},"end":{"line":233,"column":49}},"79":{"start":{"line":234,"column":3},"end":{"line":234,"column":24}},"80":{"start":{"line":237,"column":1},"end":{"line":237,"column":21}},"81":{"start":{"line":240,"column":0},"end":{"line":255,"column":2}},"82":{"start":{"line":241,"column":19},"end":{"line":253,"column":2}},"83":{"start":{"line":243,"column":2},"end":{"line":252,"column":3}},"84":{"start":{"line":244,"column":20},"end":{"line":244,"column":54}},"85":{"start":{"line":245,"column":16},"end":{"line":245,"column":59}},"86":{"start":{"line":246,"column":3},"end":{"line":246,"column":41}},"87":{"start":{"line":247,"column":3},"end":{"line":247,"column":24}},"88":{"start":{"line":248,"column":3},"end":{"line":248,"column":17}},"89":{"start":{"line":250,"column":3},"end":{"line":250,"column":49}},"90":{"start":{"line":251,"column":3},"end":{"line":251,"column":24}},"91":{"start":{"line":254,"column":1},"end":{"line":254,"column":22}},"92":{"start":{"line":257,"column":0},"end":{"line":276,"column":2}},"93":{"start":{"line":258,"column":14},"end":{"line":274,"column":2}},"94":{"start":{"line":260,"column":2},"end":{"line":273,"column":3}},"95":{"start":{"line":261,"column":3},"end":{"line":261,"column":51}},"96":{"start":{"line":262,"column":17},"end":{"line":264,"column":4}},"97":{"start":{"line":265,"column":3},"end":{"line":265,"column":24}},"98":{"start":{"line":266,"column":3},"end":{"line":268,"column":4}},"99":{"start":{"line":267,"column":4},"end":{"line":267,"column":64}},"100":{"start":{"line":269,"column":3},"end":{"line":269,"column":21}},"101":{"start":{"line":271,"column":3},"end":{"line":271,"column":48}},"102":{"start":{"line":272,"column":3},"end":{"line":272,"column":24}},"103":{"start":{"line":275,"column":1},"end":{"line":275,"column":17}},"104":{"start":{"line":278,"column":0},"end":{"line":294,"column":2}},"105":{"start":{"line":279,"column":14},"end":{"line":292,"column":2}},"106":{"start":{"line":281,"column":2},"end":{"line":291,"column":3}},"107":{"start":{"line":282,"column":3},"end":{"line":282,"column":51}},"108":{"start":{"line":283,"column":17},"end":{"line":285,"column":4}},"109":{"start":{"line":286,"column":3},"end":{"line":286,"column":24}},"110":{"start":{"line":287,"column":3},"end":{"line":287,"column":18}},"111":{"start":{"line":289,"column":3},"end":{"line":289,"column":48}},"112":{"start":{"line":290,"column":3},"end":{"line":290,"column":24}},"113":{"start":{"line":293,"column":1},"end":{"line":293,"column":17}},"114":{"start":{"line":296,"column":0},"end":{"line":306,"column":2}},"115":{"start":{"line":297,"column":20},"end":{"line":303,"column":2}},"116":{"start":{"line":298,"column":2},"end":{"line":302,"column":3}},"117":{"start":{"line":299,"column":3},"end":{"line":299,"column":65}},"118":{"start":{"line":301,"column":3},"end":{"line":301,"column":52}},"119":{"start":{"line":305,"column":1},"end":{"line":305,"column":23}},"120":{"start":{"line":308,"column":0},"end":{"line":308,"column":32}}},"fnMap":{"0":{"name":"NodeRepository","decl":{"start":{"line":5,"column":9},"end":{"line":5,"column":23}},"loc":{"start":{"line":5,"column":26},"end":{"line":5,"column":28}},"line":5},"1":{"name":"(anonymous_1)","decl":{"start":{"line":7,"column":38},"end":{"line":7,"column":39}},"loc":{"start":{"line":7,"column":55},"end":{"line":22,"column":1}},"line":7},"2":{"name":"(anonymous_2)","decl":{"start":{"line":12,"column":12},"end":{"line":12,"column":13}},"loc":{"start":{"line":12,"column":24},"end":{"line":20,"column":2}},"line":12},"3":{"name":"(anonymous_3)","decl":{"start":{"line":24,"column":39},"end":{"line":24,"column":40}},"loc":{"start":{"line":24,"column":56},"end":{"line":38,"column":1}},"line":24},"4":{"name":"(anonymous_4)","decl":{"start":{"line":25,"column":15},"end":{"line":25,"column":16}},"loc":{"start":{"line":25,"column":27},"end":{"line":36,"column":2}},"line":25},"5":{"name":"(anonymous_5)","decl":{"start":{"line":40,"column":44},"end":{"line":40,"column":45}},"loc":{"start":{"line":40,"column":77},"end":{"line":66,"column":1}},"line":40},"6":{"name":"(anonymous_6)","decl":{"start":{"line":41,"column":20},"end":{"line":41,"column":21}},"loc":{"start":{"line":41,"column":32},"end":{"line":64,"column":2}},"line":41},"7":{"name":"(anonymous_7)","decl":{"start":{"line":68,"column":37},"end":{"line":68,"column":38}},"loc":{"start":{"line":68,"column":54},"end":{"line":84,"column":1}},"line":68},"8":{"name":"(anonymous_8)","decl":{"start":{"line":69,"column":14},"end":{"line":69,"column":15}},"loc":{"start":{"line":69,"column":26},"end":{"line":81,"column":2}},"line":69},"9":{"name":"(anonymous_9)","decl":{"start":{"line":86,"column":51},"end":{"line":86,"column":52}},"loc":{"start":{"line":86,"column":68},"end":{"line":111,"column":1}},"line":86},"10":{"name":"(anonymous_10)","decl":{"start":{"line":87,"column":15},"end":{"line":87,"column":16}},"loc":{"start":{"line":87,"column":27},"end":{"line":108,"column":2}},"line":87},"11":{"name":"(anonymous_11)","decl":{"start":{"line":114,"column":42},"end":{"line":114,"column":43}},"loc":{"start":{"line":114,"column":73},"end":{"line":165,"column":1}},"line":114},"12":{"name":"(anonymous_12)","decl":{"start":{"line":115,"column":18},"end":{"line":115,"column":19}},"loc":{"start":{"line":115,"column":30},"end":{"line":162,"column":2}},"line":115},"13":{"name":"(anonymous_13)","decl":{"start":{"line":168,"column":42},"end":{"line":168,"column":43}},"loc":{"start":{"line":168,"column":69},"end":{"line":238,"column":1}},"line":168},"14":{"name":"(anonymous_14)","decl":{"start":{"line":169,"column":18},"end":{"line":169,"column":19}},"loc":{"start":{"line":169,"column":30},"end":{"line":236,"column":2}},"line":169},"15":{"name":"(anonymous_15)","decl":{"start":{"line":240,"column":42},"end":{"line":240,"column":43}},"loc":{"start":{"line":240,"column":59},"end":{"line":255,"column":1}},"line":240},"16":{"name":"(anonymous_16)","decl":{"start":{"line":241,"column":19},"end":{"line":241,"column":20}},"loc":{"start":{"line":241,"column":31},"end":{"line":253,"column":2}},"line":241},"17":{"name":"(anonymous_17)","decl":{"start":{"line":257,"column":41},"end":{"line":257,"column":42}},"loc":{"start":{"line":257,"column":58},"end":{"line":276,"column":1}},"line":257},"18":{"name":"(anonymous_18)","decl":{"start":{"line":258,"column":14},"end":{"line":258,"column":15}},"loc":{"start":{"line":258,"column":26},"end":{"line":274,"column":2}},"line":258},"19":{"name":"(anonymous_19)","decl":{"start":{"line":278,"column":41},"end":{"line":278,"column":42}},"loc":{"start":{"line":278,"column":58},"end":{"line":294,"column":1}},"line":278},"20":{"name":"(anonymous_20)","decl":{"start":{"line":279,"column":14},"end":{"line":279,"column":15}},"loc":{"start":{"line":279,"column":26},"end":{"line":292,"column":2}},"line":279},"21":{"name":"(anonymous_21)","decl":{"start":{"line":296,"column":43},"end":{"line":296,"column":44}},"loc":{"start":{"line":296,"column":60},"end":{"line":306,"column":1}},"line":296},"22":{"name":"(anonymous_22)","decl":{"start":{"line":297,"column":20},"end":{"line":297,"column":21}},"loc":{"start":{"line":297,"column":32},"end":{"line":303,"column":2}},"line":297}},"branchMap":{"0":{"loc":{"start":{"line":214,"column":3},"end":{"line":228,"column":4}},"type":"if","locations":[{"start":{"line":214,"column":3},"end":{"line":228,"column":4}},{"start":{"line":214,"column":3},"end":{"line":228,"column":4}}],"line":214},"1":{"loc":{"start":{"line":214,"column":7},"end":{"line":214,"column":57}},"type":"binary-expr","locations":[{"start":{"line":214,"column":7},"end":{"line":214,"column":28}},{"start":{"line":214,"column":32},"end":{"line":214,"column":57}}],"line":214},"2":{"loc":{"start":{"line":266,"column":3},"end":{"line":268,"column":4}},"type":"if","locations":[{"start":{"line":266,"column":3},"end":{"line":268,"column":4}},{"start":{"line":266,"column":3},"end":{"line":268,"column":4}}],"line":266}},"s":{"0":1,"1":1,"2":1,"3":1,"4":1,"5":1,"6":1,"7":1,"8":1,"9":0,"10":1,"11":1,"12":0,"13":0,"14":0,"15":0,"16":0,"17":0,"18":0,"19":0,"20":0,"21":1,"22":0,"23":0,"24":0,"25":0,"26":0,"27":0,"28":0,"29":0,"30":1,"31":8,"32":8,"33":8,"34":8,"35":8,"36":8,"37":0,"38":0,"39":8,"40":1,"41":0,"42":0,"43":0,"44":0,"45":0,"46":0,"47":0,"48":0,"49":0,"50":0,"51":1,"52":8,"53":8,"54":8,"55":8,"56":8,"57":8,"58":8,"59":0,"60":0,"61":8,"62":1,"63":3,"64":3,"65":3,"66":3,"67":3,"68":3,"69":0,"70":0,"71":0,"72":0,"73":0,"74":0,"75":0,"76":3,"77":3,"78":0,"79":0,"80":3,"81":1,"82":0,"83":0,"84":0,"85":0,"86":0,"87":0,"88":0,"89":0,"90":0,"91":0,"92":1,"93":4,"94":4,"95":4,"96":4,"97":4,"98":4,"99":0,"100":4,"101":0,"102":0,"103":4,"104":1,"105":4,"106":4,"107":4,"108":4,"109":4,"110":4,"111":0,"112":0,"113":4,"114":1,"115":27,"116":27,"117":27,"118":0,"119":27,"120":1},"f":{"0":1,"1":1,"2":1,"3":0,"4":0,"5":0,"6":0,"7":8,"8":8,"9":0,"10":0,"11":8,"12":8,"13":3,"14":3,"15":0,"16":0,"17":4,"18":4,"19":4,"20":4,"21":27,"22":27},"b":{"0":[0,3],"1":[3,3],"2":[0,4]},"_coverageSchema":"332fd63041d2c1bcb487cc26dd0d5f7d97098a6c","hash":"8fbd72ff96d89e0dc2543ccc49ccf3456ce47132","contentHash":"a1b979b1b8b09036f43cbd433da7355f_11.9.0"},"/Users/timbewsey1/Documents/GitHub/aece_ver2/lib/services/transmission_service.js":{"path":"/Users/timbewsey1/Documents/GitHub/aece_ver2/lib/services/transmission_service.js","statementMap":{"0":{"start":{"line":3,"column":0},"end":{"line":56,"column":2}},"1":{"start":{"line":4,"column":1},"end":{"line":4,"column":57}},"2":{"start":{"line":12,"column":15},"end":{"line":49,"column":2}},"3":{"start":{"line":13,"column":2},"end":{"line":46,"column":3}},"4":{"start":{"line":14,"column":18},"end":{"line":14,"column":31}},"5":{"start":{"line":15,"column":19},"end":{"line":15,"column":25}},"6":{"start":{"line":17,"column":3},"end":{"line":17,"column":53}},"7":{"start":{"line":19,"column":3},"end":{"line":19,"column":36}},"8":{"start":{"line":20,"column":19},"end":{"line":20,"column":71}},"9":{"start":{"line":21,"column":3},"end":{"line":21,"column":55}},"10":{"start":{"line":24,"column":3},"end":{"line":24,"column":64}},"11":{"start":{"line":26,"column":3},"end":{"line":26,"column":23}},"12":{"start":{"line":27,"column":20},"end":{"line":27,"column":72}},"13":{"start":{"line":29,"column":3},"end":{"line":29,"column":57}},"14":{"start":{"line":31,"column":3},"end":{"line":34,"column":4}},"15":{"start":{"line":33,"column":4},"end":{"line":33,"column":66}},"16":{"start":{"line":36,"column":3},"end":{"line":36,"column":23}},"17":{"start":{"line":38,"column":3},"end":{"line":41,"column":4}},"18":{"start":{"line":40,"column":4},"end":{"line":40,"column":66}},"19":{"start":{"line":43,"column":3},"end":{"line":43,"column":23}},"20":{"start":{"line":45,"column":3},"end":{"line":45,"column":51}},"21":{"start":{"line":48,"column":2},"end":{"line":48,"column":12}},"22":{"start":{"line":52,"column":2},"end":{"line":52,"column":57}},"23":{"start":{"line":52,"column":32},"end":{"line":52,"column":55}},"24":{"start":{"line":55,"column":1},"end":{"line":55,"column":18}},"25":{"start":{"line":58,"column":0},"end":{"line":77,"column":2}},"26":{"start":{"line":63,"column":13},"end":{"line":74,"column":2}},"27":{"start":{"line":64,"column":2},"end":{"line":73,"column":3}},"28":{"start":{"line":65,"column":16},"end":{"line":68,"column":4}},"29":{"start":{"line":69,"column":3},"end":{"line":69,"column":68}},"30":{"start":{"line":70,"column":3},"end":{"line":70,"column":65}},"31":{"start":{"line":72,"column":3},"end":{"line":72,"column":49}},"32":{"start":{"line":76,"column":1},"end":{"line":76,"column":16}},"33":{"start":{"line":79,"column":0},"end":{"line":79,"column":37}}},"fnMap":{"0":{"name":"TransmissionService","decl":{"start":{"line":1,"column":9},"end":{"line":1,"column":28}},"loc":{"start":{"line":1,"column":31},"end":{"line":1,"column":33}},"line":1},"1":{"name":"(anonymous_1)","decl":{"start":{"line":3,"column":43},"end":{"line":3,"column":44}},"loc":{"start":{"line":3,"column":60},"end":{"line":56,"column":1}},"line":3},"2":{"name":"(anonymous_2)","decl":{"start":{"line":12,"column":15},"end":{"line":12,"column":16}},"loc":{"start":{"line":12,"column":27},"end":{"line":49,"column":2}},"line":12},"3":{"name":"timeout","decl":{"start":{"line":51,"column":10},"end":{"line":51,"column":17}},"loc":{"start":{"line":51,"column":22},"end":{"line":53,"column":2}},"line":51},"4":{"name":"(anonymous_4)","decl":{"start":{"line":52,"column":21},"end":{"line":52,"column":22}},"loc":{"start":{"line":52,"column":32},"end":{"line":52,"column":55}},"line":52},"5":{"name":"(anonymous_5)","decl":{"start":{"line":58,"column":51},"end":{"line":58,"column":52}},"loc":{"start":{"line":62,"column":2},"end":{"line":77,"column":1}},"line":62},"6":{"name":"(anonymous_6)","decl":{"start":{"line":63,"column":13},"end":{"line":63,"column":14}},"loc":{"start":{"line":63,"column":25},"end":{"line":74,"column":2}},"line":63}},"branchMap":{},"s":{"0":1,"1":1,"2":1,"3":4,"4":4,"5":4,"6":4,"7":4,"8":4,"9":4,"10":4,"11":4,"12":4,"13":4,"14":4,"15":0,"16":4,"17":3,"18":0,"19":3,"20":0,"21":3,"22":11,"23":11,"24":1,"25":1,"26":4,"27":4,"28":4,"29":4,"30":4,"31":0,"32":4,"33":1},"f":{"0":1,"1":1,"2":4,"3":11,"4":11,"5":4,"6":4},"b":{},"_coverageSchema":"332fd63041d2c1bcb487cc26dd0d5f7d97098a6c","hash":"f9be3aea32e06562d50acbef23d088e3ffab749a","contentHash":"02f8efd6490f975829f55ffd00345f75_11.9.0"},"/Users/timbewsey1/Documents/GitHub/aece_ver2/lib/services/packet_simulator_service.js":{"path":"/Users/timbewsey1/Documents/GitHub/aece_ver2/lib/services/packet_simulator_service.js","statementMap":{"0":{"start":{"line":5,"column":20},"end":{"line":5,"column":57}},"1":{"start":{"line":6,"column":20},"end":{"line":6,"column":57}},"2":{"start":{"line":10,"column":0},"end":{"line":70,"column":2}},"3":{"start":{"line":11,"column":12},"end":{"line":11,"column":16}},"4":{"start":{"line":12,"column":13},"end":{"line":12,"column":29}},"5":{"start":{"line":14,"column":1},"end":{"line":14,"column":56}},"6":{"start":{"line":14,"column":38},"end":{"line":14,"column":56}},"7":{"start":{"line":16,"column":1},"end":{"line":67,"column":40}},"8":{"start":{"line":17,"column":2},"end":{"line":66,"column":4}},"9":{"start":{"line":20,"column":5},"end":{"line":28,"column":9}},"10":{"start":{"line":23,"column":7},"end":{"line":23,"column":28}},"11":{"start":{"line":24,"column":7},"end":{"line":24,"column":12}},"12":{"start":{"line":27,"column":7},"end":{"line":27,"column":15}},"13":{"start":{"line":31,"column":19},"end":{"line":31,"column":63}},"14":{"start":{"line":32,"column":5},"end":{"line":32,"column":24}},"15":{"start":{"line":36,"column":5},"end":{"line":39,"column":8}},"16":{"start":{"line":37,"column":6},"end":{"line":37,"column":31}},"17":{"start":{"line":37,"column":15},"end":{"line":37,"column":31}},"18":{"start":{"line":38,"column":6},"end":{"line":38,"column":12}},"19":{"start":{"line":42,"column":5},"end":{"line":58,"column":8}},"20":{"start":{"line":43,"column":22},"end":{"line":43,"column":60}},"21":{"start":{"line":46,"column":6},"end":{"line":57,"column":9}},"22":{"start":{"line":47,"column":7},"end":{"line":47,"column":32}},"23":{"start":{"line":47,"column":16},"end":{"line":47,"column":32}},"24":{"start":{"line":49,"column":27},"end":{"line":49,"column":63}},"25":{"start":{"line":52,"column":7},"end":{"line":56,"column":10}},"26":{"start":{"line":53,"column":8},"end":{"line":53,"column":33}},"27":{"start":{"line":53,"column":17},"end":{"line":53,"column":33}},"28":{"start":{"line":60,"column":5},"end":{"line":60,"column":11}},"29":{"start":{"line":64,"column":4},"end":{"line":64,"column":35}},"30":{"start":{"line":64,"column":13},"end":{"line":64,"column":35}},"31":{"start":{"line":69,"column":1},"end":{"line":69,"column":12}},"32":{"start":{"line":72,"column":0},"end":{"line":127,"column":2}},"33":{"start":{"line":73,"column":13},"end":{"line":73,"column":29}},"34":{"start":{"line":75,"column":1},"end":{"line":126,"column":4}},"35":{"start":{"line":76,"column":2},"end":{"line":125,"column":4}},"36":{"start":{"line":79,"column":5},"end":{"line":90,"column":9}},"37":{"start":{"line":86,"column":7},"end":{"line":86,"column":31}},"38":{"start":{"line":89,"column":7},"end":{"line":89,"column":32}},"39":{"start":{"line":93,"column":5},"end":{"line":93,"column":46}},"40":{"start":{"line":94,"column":5},"end":{"line":104,"column":9}},"41":{"start":{"line":100,"column":7},"end":{"line":100,"column":27}},"42":{"start":{"line":103,"column":7},"end":{"line":103,"column":32}},"43":{"start":{"line":107,"column":5},"end":{"line":107,"column":47}},"44":{"start":{"line":108,"column":5},"end":{"line":117,"column":9}},"45":{"start":{"line":111,"column":7},"end":{"line":111,"column":48}},"46":{"start":{"line":112,"column":7},"end":{"line":112,"column":13}},"47":{"start":{"line":115,"column":7},"end":{"line":115,"column":45}},"48":{"start":{"line":116,"column":7},"end":{"line":116,"column":32}},"49":{"start":{"line":121,"column":4},"end":{"line":121,"column":32}},"50":{"start":{"line":121,"column":13},"end":{"line":121,"column":32}},"51":{"start":{"line":123,"column":4},"end":{"line":123,"column":20}},"52":{"start":{"line":129,"column":0},"end":{"line":185,"column":2}},"53":{"start":{"line":130,"column":12},"end":{"line":130,"column":16}},"54":{"start":{"line":132,"column":1},"end":{"line":184,"column":4}},"55":{"start":{"line":133,"column":2},"end":{"line":183,"column":3}},"56":{"start":{"line":134,"column":11},"end":{"line":134,"column":12}},"57":{"start":{"line":135,"column":13},"end":{"line":135,"column":15}},"58":{"start":{"line":137,"column":3},"end":{"line":143,"column":4}},"59":{"start":{"line":138,"column":17},"end":{"line":138,"column":52}},"60":{"start":{"line":139,"column":4},"end":{"line":142,"column":5}},"61":{"start":{"line":140,"column":5},"end":{"line":140,"column":22}},"62":{"start":{"line":141,"column":5},"end":{"line":141,"column":9}},"63":{"start":{"line":145,"column":13},"end":{"line":151,"column":4}},"64":{"start":{"line":153,"column":3},"end":{"line":178,"column":4}},"65":{"start":{"line":155,"column":14},"end":{"line":161,"column":5}},"66":{"start":{"line":163,"column":21},"end":{"line":163,"column":65}},"67":{"start":{"line":165,"column":4},"end":{"line":175,"column":5}},"68":{"start":{"line":167,"column":17},"end":{"line":172,"column":6}},"69":{"start":{"line":174,"column":5},"end":{"line":174,"column":30}},"70":{"start":{"line":177,"column":4},"end":{"line":177,"column":27}},"71":{"start":{"line":180,"column":3},"end":{"line":180,"column":16}},"72":{"start":{"line":182,"column":3},"end":{"line":182,"column":15}},"73":{"start":{"line":187,"column":0},"end":{"line":209,"column":2}},"74":{"start":{"line":188,"column":21},"end":{"line":188,"column":40}},"75":{"start":{"line":189,"column":21},"end":{"line":189,"column":40}},"76":{"start":{"line":191,"column":15},"end":{"line":191,"column":16}},"77":{"start":{"line":193,"column":1},"end":{"line":196,"column":29}},"78":{"start":{"line":198,"column":16},"end":{"line":198,"column":59}},"79":{"start":{"line":199,"column":18},"end":{"line":199,"column":55}},"80":{"start":{"line":200,"column":15},"end":{"line":200,"column":68}},"81":{"start":{"line":202,"column":18},"end":{"line":206,"column":13}},"82":{"start":{"line":208,"column":1},"end":{"line":208,"column":57}},"83":{"start":{"line":211,"column":0},"end":{"line":213,"column":2}},"84":{"start":{"line":212,"column":1},"end":{"line":212,"column":34}},"85":{"start":{"line":215,"column":0},"end":{"line":230,"column":2}},"86":{"start":{"line":216,"column":21},"end":{"line":216,"column":40}},"87":{"start":{"line":218,"column":15},"end":{"line":218,"column":43}},"88":{"start":{"line":220,"column":1},"end":{"line":223,"column":29}},"89":{"start":{"line":225,"column":1},"end":{"line":227,"column":4}},"90":{"start":{"line":226,"column":2},"end":{"line":226,"column":45}},"91":{"start":{"line":229,"column":1},"end":{"line":229,"column":30}},"92":{"start":{"line":232,"column":0},"end":{"line":270,"column":2}},"93":{"start":{"line":233,"column":21},"end":{"line":233,"column":40}},"94":{"start":{"line":234,"column":21},"end":{"line":234,"column":40}},"95":{"start":{"line":236,"column":15},"end":{"line":236,"column":16}},"96":{"start":{"line":238,"column":1},"end":{"line":241,"column":26}},"97":{"start":{"line":243,"column":22},"end":{"line":243,"column":57}},"98":{"start":{"line":244,"column":24},"end":{"line":244,"column":61}},"99":{"start":{"line":245,"column":21},"end":{"line":245,"column":58}},"100":{"start":{"line":247,"column":24},"end":{"line":251,"column":13}},"101":{"start":{"line":253,"column":1},"end":{"line":253,"column":48}},"102":{"start":{"line":255,"column":1},"end":{"line":267,"column":4}},"103":{"start":{"line":256,"column":17},"end":{"line":256,"column":63}},"104":{"start":{"line":257,"column":19},"end":{"line":257,"column":56}},"105":{"start":{"line":258,"column":16},"end":{"line":258,"column":55}},"106":{"start":{"line":260,"column":19},"end":{"line":264,"column":14}},"107":{"start":{"line":266,"column":2},"end":{"line":266,"column":43}},"108":{"start":{"line":269,"column":1},"end":{"line":269,"column":30}},"109":{"start":{"line":272,"column":0},"end":{"line":298,"column":2}},"110":{"start":{"line":278,"column":1},"end":{"line":297,"column":5}},"111":{"start":{"line":283,"column":3},"end":{"line":292,"column":7}},"112":{"start":{"line":287,"column":5},"end":{"line":287,"column":23}},"113":{"start":{"line":291,"column":5},"end":{"line":291,"column":26}},"114":{"start":{"line":295,"column":3},"end":{"line":295,"column":46}},"115":{"start":{"line":296,"column":3},"end":{"line":296,"column":24}},"116":{"start":{"line":300,"column":0},"end":{"line":300,"column":40}}},"fnMap":{"0":{"name":"PacketSimulatorService","decl":{"start":{"line":8,"column":9},"end":{"line":8,"column":31}},"loc":{"start":{"line":8,"column":34},"end":{"line":8,"column":36}},"line":8},"1":{"name":"(anonymous_1)","decl":{"start":{"line":10,"column":46},"end":{"line":10,"column":47}},"loc":{"start":{"line":10,"column":73},"end":{"line":70,"column":1}},"line":10},"2":{"name":"(anonymous_2)","decl":{"start":{"line":16,"column":13},"end":{"line":16,"column":14}},"loc":{"start":{"line":16,"column":24},"end":{"line":67,"column":2}},"line":16},"3":{"name":"(anonymous_3)","decl":{"start":{"line":19,"column":4},"end":{"line":19,"column":5}},"loc":{"start":{"line":19,"column":17},"end":{"line":29,"column":5}},"line":19},"4":{"name":"(anonymous_4)","decl":{"start":{"line":22,"column":12},"end":{"line":22,"column":13}},"loc":{"start":{"line":22,"column":29},"end":{"line":25,"column":7}},"line":22},"5":{"name":"(anonymous_5)","decl":{"start":{"line":26,"column":13},"end":{"line":26,"column":14}},"loc":{"start":{"line":26,"column":27},"end":{"line":28,"column":7}},"line":26},"6":{"name":"(anonymous_6)","decl":{"start":{"line":30,"column":4},"end":{"line":30,"column":5}},"loc":{"start":{"line":30,"column":18},"end":{"line":33,"column":5}},"line":30},"7":{"name":"(anonymous_7)","decl":{"start":{"line":34,"column":4},"end":{"line":34,"column":5}},"loc":{"start":{"line":34,"column":27},"end":{"line":40,"column":5}},"line":34},"8":{"name":"(anonymous_8)","decl":{"start":{"line":36,"column":48},"end":{"line":36,"column":49}},"loc":{"start":{"line":36,"column":62},"end":{"line":39,"column":6}},"line":36},"9":{"name":"(anonymous_9)","decl":{"start":{"line":41,"column":4},"end":{"line":41,"column":5}},"loc":{"start":{"line":41,"column":18},"end":{"line":61,"column":5}},"line":41},"10":{"name":"(anonymous_10)","decl":{"start":{"line":42,"column":34},"end":{"line":42,"column":35}},"loc":{"start":{"line":42,"column":50},"end":{"line":58,"column":6}},"line":42},"11":{"name":"(anonymous_11)","decl":{"start":{"line":46,"column":51},"end":{"line":46,"column":52}},"loc":{"start":{"line":46,"column":65},"end":{"line":57,"column":7}},"line":46},"12":{"name":"(anonymous_12)","decl":{"start":{"line":52,"column":56},"end":{"line":52,"column":57}},"loc":{"start":{"line":52,"column":70},"end":{"line":56,"column":8}},"line":52},"13":{"name":"(anonymous_13)","decl":{"start":{"line":63,"column":3},"end":{"line":63,"column":4}},"loc":{"start":{"line":63,"column":17},"end":{"line":65,"column":4}},"line":63},"14":{"name":"(anonymous_14)","decl":{"start":{"line":72,"column":48},"end":{"line":72,"column":49}},"loc":{"start":{"line":72,"column":73},"end":{"line":127,"column":1}},"line":72},"15":{"name":"(anonymous_15)","decl":{"start":{"line":75,"column":20},"end":{"line":75,"column":21}},"loc":{"start":{"line":75,"column":46},"end":{"line":126,"column":2}},"line":75},"16":{"name":"(anonymous_16)","decl":{"start":{"line":78,"column":4},"end":{"line":78,"column":5}},"loc":{"start":{"line":78,"column":18},"end":{"line":91,"column":5}},"line":78},"17":{"name":"(anonymous_17)","decl":{"start":{"line":81,"column":12},"end":{"line":81,"column":13}},"loc":{"start":{"line":81,"column":35},"end":{"line":87,"column":7}},"line":81},"18":{"name":"(anonymous_18)","decl":{"start":{"line":88,"column":13},"end":{"line":88,"column":14}},"loc":{"start":{"line":88,"column":27},"end":{"line":90,"column":7}},"line":88},"19":{"name":"(anonymous_19)","decl":{"start":{"line":92,"column":4},"end":{"line":92,"column":5}},"loc":{"start":{"line":92,"column":32},"end":{"line":105,"column":5}},"line":92},"20":{"name":"(anonymous_20)","decl":{"start":{"line":96,"column":12},"end":{"line":96,"column":13}},"loc":{"start":{"line":96,"column":31},"end":{"line":101,"column":7}},"line":96},"21":{"name":"(anonymous_21)","decl":{"start":{"line":102,"column":13},"end":{"line":102,"column":14}},"loc":{"start":{"line":102,"column":27},"end":{"line":104,"column":7}},"line":102},"22":{"name":"(anonymous_22)","decl":{"start":{"line":106,"column":4},"end":{"line":106,"column":5}},"loc":{"start":{"line":106,"column":28},"end":{"line":118,"column":5}},"line":106},"23":{"name":"(anonymous_23)","decl":{"start":{"line":110,"column":12},"end":{"line":110,"column":13}},"loc":{"start":{"line":110,"column":23},"end":{"line":113,"column":7}},"line":110},"24":{"name":"(anonymous_24)","decl":{"start":{"line":114,"column":13},"end":{"line":114,"column":14}},"loc":{"start":{"line":114,"column":27},"end":{"line":117,"column":7}},"line":114},"25":{"name":"(anonymous_25)","decl":{"start":{"line":120,"column":3},"end":{"line":120,"column":4}},"loc":{"start":{"line":120,"column":25},"end":{"line":124,"column":4}},"line":120},"26":{"name":"(anonymous_26)","decl":{"start":{"line":129,"column":54},"end":{"line":129,"column":55}},"loc":{"start":{"line":129,"column":65},"end":{"line":185,"column":1}},"line":129},"27":{"name":"(anonymous_27)","decl":{"start":{"line":132,"column":20},"end":{"line":132,"column":21}},"loc":{"start":{"line":132,"column":46},"end":{"line":184,"column":2}},"line":132},"28":{"name":"(anonymous_28)","decl":{"start
[...]
":1,"10":0,"11":0,"12":0,"13":0,"14":0,"15":0,"16":1,"17":15,"18":15,"19":15,"20":15,"21":0,"22":15,"23":112,"24":15,"25":0,"26":0,"27":15,"28":15,"29":15,"30":15,"31":112,"32":112,"33":896,"34":454,"35":442,"36":896,"37":15,"38":15,"39":15,"40":15,"41":15,"42":1,"43":106,"44":106,"45":425,"46":106,"47":1,"48":8,"49":8,"50":8,"51":8,"52":8,"53":8,"54":8,"55":8,"56":8,"57":8,"58":8,"59":1,"60":11,"61":11,"62":11,"63":11,"64":11,"65":11,"66":7,"67":7,"68":4,"69":4,"70":11,"71":11,"72":11,"73":11,"74":11,"75":0,"76":11,"77":11,"78":1,"79":0,"80":0,"81":0,"82":0,"83":0,"84":0,"85":0,"86":0,"87":1,"88":7,"89":7,"90":7,"91":7,"92":7,"93":7,"94":7,"95":7,"96":1,"97":7,"98":7,"99":7,"100":7,"101":0,"102":7,"103":1,"104":7,"105":56,"106":56,"107":2072,"108":2072,"109":2072,"110":336,"111":1,"112":0,"113":0,"114":0,"115":0,"116":0,"117":0,"118":0,"119":0,"120":1,"121":11,"122":1,"123":11,"124":1,"125":3,"126":3,"127":6,"128":0,"129":3,"130":1,"131":4,"132":4,"133":4,"134":4,"135":4,"136":4,"137":4,"138":4,"139":4,"140":28,"141":1},"f":{"0":39,"1":8,"2":79,"3":0,"4":15,"5":112,"6":106,"7":8,"8":8,"9":11,"10":0,"11":7,"12":7,"13":7,"14":0,"15":11,"16":11,"17":3,"18":6,"19":4,"20":28},"b":{"0":[8,0],"1":[79,0],"2":[15,0],"3":[0,15],"4":[454,442],"5":[7,4],"6":[7,0],"7":[0,4],"8":[10,1],"9":[11,0],"10":[0,11],"11":[0,11],"12":[11,11,11,0],"13":[11,0],"14":[7,0,0],"15":[56,0],"16":[2072,0],"17":[336,1736],"18":[0,0],"19":[0,6],"20":[6,1]},"_coverageSchema":"332fd63041d2c1bcb487cc26dd0d5f7d97098a6c","hash":"3fa9b8c23e5529a017efda3ae9847d5db4d4c629","contentHash":"02707ac3fe95aff1e954e6ffd2973e63_11.9.0"},"/Users/timbewsey1/Documents/GitHub/aece_ver2/lib/parsers/data_parser.js":{"path":"/Users/timbewsey1/Documents/GitHub/aece_ver2/lib/parsers/data_parser.js","statementMap":{"0":{"start":{"line":6,"column":1},"end":{"line":6,"column":35}},"1":{"start":{"line":9,"column":0},"end":{"line":39,"column":2}},"2":{"start":{"line":10,"column":19},"end":{"line":10,"column":51}},"3":{"start":{"line":11,"column":13},"end":{"line":11,"column":30}},"4":{"start":{"line":13,"column":17},"end":{"line":13,"column":19}},"5":{"start":{"line":15,"column":26},"end":{"line":37,"column":2}},"6":{"start":{"line":16,"column":2},"end":{"line":36,"column":3}},"7":{"start":{"line":17,"column":3},"end":{"line":17,"column":40}},"8":{"start":{"line":20,"column":16},"end":{"line":30,"column":4}},"9":{"start":{"line":32,"column":3},"end":{"line":32,"column":26}},"10":{"start":{"line":33,"column":3},"end":{"line":33,"column":20}},"11":{"start":{"line":35,"column":3},"end":{"line":35,"column":42}},"12":{"start":{"line":38,"column":1},"end":{"line":38,"column":29}},"13":{"start":{"line":41,"column":0},"end":{"line":69,"column":2}},"14":{"start":{"line":42,"column":19},"end":{"line":42,"column":51}},"15":{"start":{"line":43,"column":13},"end":{"line":43,"column":30}},"16":{"start":{"line":45,"column":17},"end":{"line":45,"column":19}},"17":{"start":{"line":46,"column":15},"end":{"line":46,"column":16}},"18":{"start":{"line":48,"column":26},"end":{"line":67,"column":2}},"19":{"start":{"line":49,"column":2},"end":{"line":66,"column":3}},"20":{"start":{"line":50,"column":3},"end":{"line":61,"column":6}},"21":{"start":{"line":51,"column":17},"end":{"line":51,"column":44}},"22":{"start":{"line":53,"column":4},"end":{"line":53,"column":53}},"23":{"start":{"line":54,"column":4},"end":{"line":54,"column":73}},"24":{"start":{"line":55,"column":4},"end":{"line":55,"column":66}},"25":{"start":{"line":56,"column":4},"end":{"line":56,"column":65}},"26":{"start":{"line":57,"column":4},"end":{"line":57,"column":69}},"27":{"start":{"line":59,"column":4},"end":{"line":59,"column":27}},"28":{"start":{"line":60,"column":4},"end":{"line":60,"column":14}},"29":{"start":{"line":63,"column":3},"end":{"line":63,"column":20}},"30":{"start":{"line":65,"column":3},"end":{"line":65,"column":49}},"31":{"start":{"line":68,"column":1},"end":{"line":68,"column":29}},"32":{"start":{"line":71,"column":0},"end":{"line":71,"column":28}}},"fnMap":{"0":{"name":"DataParser","decl":{"start":{"line":5,"column":9},"end":{"line":5,"column":19}},"loc":{"start":{"line":5,"column":37},"end":{"line":7,"column":1}},"line":5},"1":{"name":"(anonymous_1)","decl":{"start":{"line":9,"column":29},"end":{"line":9,"column":30}},"loc":{"start":{"line":9,"column":59},"end":{"line":39,"column":1}},"line":9},"2":{"name":"(anonymous_2)","decl":{"start":{"line":15,"column":26},"end":{"line":15,"column":27}},"loc":{"start":{"line":15,"column":38},"end":{"line":37,"column":2}},"line":15},"3":{"name":"(anonymous_3)","decl":{"start":{"line":41,"column":37},"end":{"line":41,"column":38}},"loc":{"start":{"line":41,"column":71},"end":{"line":69,"column":1}},"line":41},"4":{"name":"(anonymous_4)","decl":{"start":{"line":48,"column":26},"end":{"line":48,"column":27}},"loc":{"start":{"line":48,"column":38},"end":{"line":67,"column":2}},"line":48},"5":{"name":"(anonymous_5)","decl":{"start":{"line":50,"column":27},"end":{"line":50,"column":28}},"loc":{"start":{"line":50,"column":43},"end":{"line":61,"column":4}},"line":50}},"branchMap":{},"s":{"0":14,"1":1,"2":7,"3":7,"4":7,"5":7,"6":7,"7":7,"8":7,"9":7,"10":7,"11":0,"12":7,"13":1,"14":7,"15":7,"16":7,"17":7,"18":7,"19":7,"20":7,"21":7,"22":7,"23":7,"24":7,"25":7,"26":7,"27":7,"28":7,"29":7,"30":0,"31":7,"32":1},"f":{"0":14,"1":7,"2":7,"3":7,"4":7,"5":7},"b":{},"_coverageSchema":"332fd63041d2c1bcb487cc26dd0d5f7d97098a6c","hash":"801385d7975c2517cc11a2279c394b77cbd3c05e","contentHash":"81d1d0d121100b77ce178b72003e2d55_11.9.0"},"/Users/timbewsey1/Documents/GitHub/aece_ver2/lib/parsers/serial_list_parser.js":{"path":"/Users/timbewsey1/Documents/GitHub/aece_ver2/lib/parsers/serial_list_parser.js","statementMap":{"0":{"start":{"line":6,"column":1},"end":{"line":6,"column":35}},"1":{"start":{"line":9,"column":0},"end":{"line":69,"column":2}},"2":{"start":{"line":10,"column":17},"end":{"line":10,"column":19}},"3":{"start":{"line":11,"column":11},"end":{"line":11,"column":12}},"4":{"start":{"line":13,"column":21},"end":{"line":13,"column":53}},"5":{"start":{"line":14,"column":13},"end":{"line":14,"column":30}},"6":{"start":{"line":16,"column":18},"end":{"line":67,"column":2}},"7":{"start":{"line":17,"column":2},"end":{"line":17,"column":46}},"8":{"start":{"line":20,"column":15},"end":{"line":30,"column":3}},"9":{"start":{"line":32,"column":2},"end":{"line":66,"column":3}},"10":{"start":{"line":33,"column":3},"end":{"line":33,"column":32}},"11":{"start":{"line":35,"column":3},"end":{"line":37,"column":4}},"12":{"start":{"line":36,"column":4},"end":{"line":36,"column":21}},"13":{"start":{"line":40,"column":20},"end":{"line":40,"column":53}},"14":{"start":{"line":41,"column":3},"end":{"line":60,"column":4}},"15":{"start":{"line":42,"column":4},"end":{"line":42,"column":10}},"16":{"start":{"line":44,"column":17},"end":{"line":55,"column":5}},"17":{"start":{"line":57,"column":4},"end":{"line":59,"column":5}},"18":{"start":{"line":58,"column":5},"end":{"line":58,"column":28}},"19":{"start":{"line":62,"column":3},"end":{"line":62,"column":32}},"20":{"start":{"line":63,"column":3},"end":{"line":63,"column":20}},"21":{"start":{"line":65,"column":3},"end":{"line":65,"column":37}},"22":{"start":{"line":68,"column":1},"end":{"line":68,"column":21}},"23":{"start":{"line":71,"column":0},"end":{"line":128,"column":2}},"24":{"start":{"line":72,"column":19},"end":{"line":72,"column":51}},"25":{"start":{"line":73,"column":13},"end":{"line":73,"column":30}},"26":{"start":{"line":75,"column":17},"end":{"line":75,"column":19}},"27":{"start":{"line":76,"column":15},"end":{"line":76,"column":16}},"28":{"start":{"line":78,"column":26},"end":{"line":125,"column":2}},"29":{"start":{"line":79,"column":2},"end":{"line":124,"column":3}},"30":{"start":{"line":80,"column":3},"end":{"line":119,"column":4}},"31":{"start":{"line":81,"column":17},"end":{"line":81,"column":44}},"32":{"start":{"line":83,"column":4},"end":{"line":115,"column":5}},"33":{"start":{"line":85,"column":5},"end":{"line":85,"column":54}},"34":{"start":{"line":86,"column":5},"end":{"line":86,"column":50}},"35":{"start":{"line":87,"column":5},"end":{"line":87,"column":54}},"36":{"start":{"line":88,"column":5},"end":{"line":88,"column":57}},"37":{"start":{"line":89,"column":5},"end":{"line":89,"column":11}},"38":{"start":{"line":91,"column":5},"end":{"line":91,"column":66}},"39":{"start":{"line":92,"column":5},"end":{"line":95,"column":43}},"40":{"start":{"line":96,"column":5},"end":{"line":96,"column":67}},"41":{"start":{"line":97,"column":5},"end":{"line":97,"column":70}},"42":{"start":{"line":98,"column":5},"end":{"line":101,"column":15}},"43":{"start":{"line":102,"column":5},"end":{"line":102,"column":11}},"44":{"start":{"line":104,"column":5},"end":{"line":104,"column":66}},"45":{"start":{"line":105,"column":5},"end":{"line":108,"column":43}},"46":{"start":{"line":109,"column":5},"end":{"line":109,"column":67}},"47":{"start":{"line":110,"column":5},"end":{"line":110,"column":70}},"48":{"start":{"line":111,"column":5},"end":{"line":114,"column":15}},"49":{"start":{"line":117,"column":4},"end":{"line":117,"column":27}},"50":{"start":{"line":118,"column":4},"end":{"line":118,"column":14}},"51":{"start":{"line":121,"column":3},"end":{"line":121,"column":20}},"52":{"start":{"line":123,"column":3},"end":{"line":123,"column":49}},"53":{"start":{"line":127,"column":1},"end":{"line":127,"column":29}},"54":{"start":{"line":130,"column":0},"end":{"line":130,"column":34}}},"fnMap":{"0":{"name":"SerialListParser","decl":{"start":{"line":5,"column":9},"end":{"line":5,"column":25}},"loc":{"start":{"line":5,"column":43},"end":{"line":7,"column":1}},"line":5},"1":{"name":"(anonymous_1)","decl":{"start":{"line":9,"column":35},"end":{"line":9,"column":36}},"loc":{"start":{"line":9,"column":65},"end":{"line":69,"column":1}},"line":9},"2":{"name":"(anonymous_2)","decl":{"start":{"line":16,"column":18},"end":{"line":16,"column":19}},"loc":{"start":{"line":16,"column":30},"end":{"line":67,"column":2}},"line":16},"3":{"name":"(anonymous_3)","decl":{"start":{"line":71,"column":43},"end":{"line":71,"column":44}},"loc":{"start":{"line":71,"column":77},"end":{"line":128,"column":1}},"line":71},"4":{"name":"(anonymous_4)","decl":{"start":{"line":78,"column":26},"end":{"line":78,"column":27}},"loc":{"start":{"line":78,"column":38},"end":{"line":125,"column":2}},"line":78}},"branchMap":{"0":{"loc":{"start":{"line":35,"column":3},"end":{"line":37,"column":4}},"type":"if","locations":[{"start":{"line":35,"column":3},"end":{"line":37,"column":4}},{"start":{"line":35,"column":3},"end":{"line":37,"column":4}}],"line":35},"1":{"loc":{"start":{"line":57,"column":4},"end":{"line":59,"column":5}},"type":"if","locations":[{"start":{"line":57,"column":4},"end":{"line":59,"column":5}},{"start":{"line":57,"column":4},"end":{"line":59,"column":5}}],"line":57},"2":{"loc":{"start":{"line":83,"column":4},"end":{"line":115,"column":5}},"type":"switch","locations":[{"start":{"line":84,"column":4},"end":{"line":89,"column":11}},{"start":{"line":90,"column":4},"end":{"line":102,"column":11}},{"start":{"line":103,"column":4},"end":{"line":114,"column":15}}],"line":83},"3":{"loc":{"start":{"line":93,"column":7},"end":{"line":95,"column":42}},"type":"cond-expr","locations":[{"start":{"line":94,"column":10},"end":{"line":94,"column":68}},{"start":{"line":95,"column":10},"end":{"line":95,"column":42}}],"line":93},"4":{"loc":{"start":{"line":99,"column":7},"end":{"line":101,"column":14}},"type":"cond-expr","locations":[{"start":{"line":100,"column":10},"end":{"line":100,"column":41}},{"start":{"line":101,"column":10},"end":{"line":101,"column":14}}],"line":99},"5":{"loc":{"start":{"line":106,"column":7},"end":{"line":108,"column":42}},"type":"cond-expr","locations":[{"start":{"line":107,"column":10},"end":{"line":107,"column":68}},{"start":{"line":108,"column":10},"end":{"line":108,"column":42}}],"line":106},"6":{"loc":{"start":{"line":112,"column":7},"end":{"line":114,"column":14}},"type":"cond-expr","locations":[{"start":{"line":113,"column":10},"end":{"line":113,"column":41}},{"start":{"line":114,"column":10},"end":{"line":114,"column":14}}],"line":112}},"s":{"0":2,"1":1,"2":1,"3":1,"4":1,"5":1,"6":1,"7":1,"8":1,"9":1,"10":1,"11":1,"12":0,"13":1,"14":1,"15":3,"16":3,"17":3,"18":3,"19":1,"20":1,"21":0,"22":1,"23":1,"24":1,"25":1,"26":1,"27":1,"28":1,"29":1,"30":1,"31":4,"32":4,"33":1,"34":1,"35":1,"36":1,"37":1,"38":1,"39":1,"40":1,"41":1,"42":1,"43":1,"44":2,"45":2,"46":2,"47":2,"48":2,"49":4,"50":4,"51":1,"52":0,"53":1,"54":1},"f":{"0":2,"1":1,"2":1,"3":1,"4":1},"b":{"0":[0,1],"1":[3,0],"2":[1,1,2],"3":[0,1],"4":[0,1],"5":[0,2],"6":[0,2]},"_coverageSchema":"332fd63041d2c1bcb487cc26dd0d5f7d97098a6c","hash":"07f8d8e3033a294e74eed0c919169cf95cb19aa2","contentHash":"76709bc09e13c4e8770c3e9aa7d3b816_11.9.0"},"/Users/timbewsey1/Documents/GitHub/aece_ver2/lib/parsers/data_list_parser.js":{"path":"/Users/timbewsey1/Documents/GitHub/aece_ver2/lib/parsers/data_list_parser.js","statementMap":{"0":{"start":{"line":6,"column":1},"end":{"line":6,"column":35}},"1":{"start":{"line":9,"column":0},"end":{"line":77,"column":2}},"2":{"start":{"line":10,"column":21},"end":{"line":10,"column":53}},"3":{"start":{"line":11,"column":13},"end":{"line":11,"column":30}},"4":{"start":{"line":12,"column":17},"end":{"line":12,"column":19}},"5":{"start":{"line":14,"column":1},"end":{"line":14,"column":43}},"6":{"start":{"line":16,"column":26},"end":{"line":74,"column":2}},"7":{"start":{"line":17,"column":2},"end":{"line":73,"column":3}},"8":{"start":{"line":18,"column":15},"end":{"line":18,"column":16}},"9":{"start":{"line":20,"column":3},"end":{"line":20,"column":48}},"10":{"start":{"line":20,"column":31},"end":{"line":20,"column":48}},"11":{"start":{"line":22,"column":3},"end":{"line":68,"column":6}},"12":{"start":{"line":24,"column":21},"end":{"line":24,"column":25}},"13":{"start":{"line":26,"column":4},"end":{"line":30,"column":5}},"14":{"start":{"line":27,"column":5},"end":{"line":27,"column":62}},"15":{"start":{"line":29,"column":5},"end":{"line":29,"column":67}},"16":{"start":{"line":32,"column":21},"end":{"line":42,"column":5}},"17":{"start":{"line":46,"column":4},"end":{"line":50,"column":6}},"18":{"start":{"line":52,"column":4},"end":{"line":65,"column":5}},"19":{"start":{"line":62,"column":5},"end":{"line":62,"column":32}},"20":{"start":{"line":64,"column":5},"end":{"line":64,"column":59}},"21":{"start":{"line":67,"column":4},"end":{"line":67,"column":12}},"22":{"start":{"line":70,"column":3},"end":{"line":70,"column":20}},"23":{"start":{"line":72,"column":3},"end":{"line":72,"column":42}},"24":{"start":{"line":76,"column":1},"end":{"line":76,"column":29}},"25":{"start":{"line":79,"column":0},"end":{"line":118,"column":2}},"26":{"start":{"line":80,"column":21},"end":{"line":80,"column":53}},"27":{"start":{"line":81,"column":15},"end":{"line":81,"column":32}},"28":{"start":{"line":83,"column":17},"end":{"line":83,"column":19}},"29":{"start":{"line":84,"column":15},"end":{"line":84,"column":16}},"30":{"start":{"line":86,"column":26},"end":{"line":116,"column":2}},"31":{"start":{"line":87,"column":2},"end":{"line":115,"column":3}},"32":{"start":{"line":88,"column":3},"end":{"line":109,"column":6}},"33":{"start":{"line":89,"column":17},"end":{"line":89,"column":44}},"34":{"start":{"line":90,"column":4},"end":{"line":90,"column":43}},"35":{"start":{"line":92,"column":4},"end":{"line":103,"column":5}},"36":{"start":{"line":94,"column":5},"end":{"line":94,"column":54}},"37":{"start":{"line":95,"column":5},"end":{"line":95,"column":66}},"38":{"start":{"line":96,"column":5},"end":{"line":96,"column":70}},"39":{"start":{"line":97,"column":5},"end":{"line":97,"column":11}},"40":{"start":{"line":100,"column":5},"end":{"line":100,"column":71}},"41":{"start":{"line":101,"column":5},"end":{"line":101,"column":67}},"42":{"start":{"line":102,"column":5},"end":{"line":102,"column":75}},"43":{"start":{"line":105,"column":4},"end":{"line":105,"column":73}},"44":{"start":{"line":107,"column":4},"end":{"line":107,"column":27}},"45":{"start":{"line":108,"column":4},"end":{"line":108,"column":14}},"46":{"start":{"line":110,"column":3},"end":{"line":110,"column":46}},"47":{"start":{"line":112,"column":3},"end":{"line":112,"column":20}},"48":{"start":{"line":114,"column":3},"end":{"line":114,"column":49}},"49":{"start":{"line":117,"column":1},"end":{"line":117,"column":29}},"50":{"start":{"line":120,"column":0},"end":{"line":120,"column":32}}},"fnMap":{"0":{"name":"DataListParser","decl":{"start":{"line":5,"column":9},"end":{"line":5,"column":23}},"loc":{"start":{"line":5,"column":41},"end":{"line":7,"column":1}},"line":5},"1":{"name":"(anonymous_1)","decl":{"start":{"line":9,"column":33},"end":{"line":9,"column":34}},"loc":{"start":{"line":9,"column":63},"end":{"line":77,"column":1}},"line":9},"2":{"name":"(anonymous_2)","decl":{"start":{"line":16,"column":26},"end":{"line":16,"column":27}},"loc":{"start":{"line":16,"column":38},"end":{"line":74,"column":2}},"line":16},"3":{"name":"(anonymous_3)","decl":{"start":{"line":22,"column":45},"end":{"line":22,"column":46}},"loc":{"start":{"line":22,"column":53},"end":{"line":68,"column":4}},"line":22},"4":{"name":"(anonymous_4)","decl":{"start":{"line":79,"column":41},"end":{"line":79,"column":42}},"loc":{"start":{"line":79,"column":75},"end":{"line":118,"column":1}},"line":79},"5":{"name":"(anonymous_5)","decl":{"start":{"line":86,"column":26},"end":{"line":86,"column":27}},"loc":{"start":{"line":86,"column":38},"end":{"line":116,"column":2}},"line":86},"6":{"name":"(anonymous_6)","decl":{"start":{"line":88,"column":27},"end":{"line":88,"column":28}},"loc":{"start":{"line":88,"column":43},"end":{"line":109,"column":4}},"line":88}},"branchMap":{"0":{"loc":{"start":{"line":20,"column":3},"end":{"line":20,"column":48}},"type":"if","locations":[{"start":{"line":20,"column":3},"end":{"line":20,"column":48}},{"start":{"line":20,"column":3},"end":{"line":20,"column":48}}],"line":20},"1":{"loc":{"start":{"line":26,"column":4},"end":{"line":30,"column":5}},"type":"if","locations":[{"start":{"line":26,"column":4},"end":{"line":30,"column":5}},{"start":{"line":26,"column":4},"end":{"line":30,"column":5}}],"line":26},"2":{"loc":{"start":{"line":52,"column":4},"end":{"line":65,"column":5}},"type":"if","locations":[{"start":{"line":52,"column":4},"end":{"line":65,"column":5}},{"start":{"line":52,"column":4},"end":{"line":65,"column":5}}],"line":52},"3":{"loc":{"start":{"line":53,"column":5},"end":{"line":60,"column":34}},"type":"binary-expr","locations":[{"start":{"line":53,"column":5},"end":{"line":53,"column":34}},{"start":{"line":54,"column":5},"end":{"line":54,"column":34}},{"start":{"line":55,"column":5},"end":{"line":55,"column":34}},{"start":{"line":56,"column":5},"end":{"line":56,"column":34}},{"start":{"line":57,"column":5},"end":{"line":57,"column":34}},{"start":{"line":58,"column":5},"end":{"line":58,"column":34}},{"start":{"line":59,"column":5},"end":{"line":59,"column":34}},{"start":{"line":60,"column":5},"end":{"line":60,"column":34}}],"line":53},"4":{"loc":{"start":{"line":92,"column":4},"end":{"line":103,"column":5}},"type":"switch","locations":[{"start":{"line":93,"column":4},"end":{"line":97,"column":11}},{"start":{"line":98,"column":4},"end":{"line":102,"column":75}}],"line":92}},"s":{"0":0,"1":1,"2":0,"3":0,"4":0,"5":0,"6":0,"7":0,"8":0,"9":0,"10":0,"11":0,"12":0,"13":0,"14":0,"15":0,"16":0,"17":0,"18":0,"19":0,"20":0,"21":0,"22":0,"23":0,"24":0,"25":1,"26":0,"27":0,"28":0,"29":0,"30":0,"31":0,"32":0,"33":0,"34":0,"35":0,"36":0,"37":0,"38":0,"39":0,"40":0,"41":0,"42":0,"43":0,"44":0,"45":0,"46":0,"47":0,"48":0,"49":0,"50":1},"f":{"0":0,"1":0,"2":0,"3":0,"4":0,"5":0,"6":0},"b":{"0":[0,0],"1":[0,0],"2":[0,0],"3":[0,0,0,0,0,0,0,0],"4":[0,0]},"_coverageSchema":"332fd63041d2c1bcb487cc26dd0d5f7d97098a6c","hash":"3c9d031921bf01539b88658878ca26448b23f3ca","contentHash":"63fda8b2ed65d2b0c09502e732ad068e_11.9.0"}}