{"c:\\Users\\Quanga\\Documents\\GitHub\\aece-ver2a\\aece_ver2\\app.js":{"path":"c:\\Users\\Quanga\\Documents\\GitHub\\aece-ver2a\\aece_ver2\\app.js","statementMap":{"0":{"start":{"line":7,"column":0},"end":{"line":45,"column":2}},"1":{"start":{"line":8,"column":1},"end":{"line":8,"column":27}},"2":{"start":{"line":11,"column":12},"end":{"line":13,"column":2}},"3":{"start":{"line":12,"column":2},"end":{"line":12,"column":30}},"4":{"start":{"line":15,"column":1},"end":{"line":44,"column":4}},"5":{"start":{"line":16,"column":2},"end":{"line":43,"column":6}},"6":{"start":{"line":18,"column":4},"end":{"line":18,"column":52}},"7":{"start":{"line":21,"column":4},"end":{"line":21,"column":57}},"8":{"start":{"line":24,"column":4},"end":{"line":24,"column":55}},"9":{"start":{"line":27,"column":4},"end":{"line":27,"column":61}},"10":{"start":{"line":30,"column":4},"end":{"line":30,"column":61}},"11":{"start":{"line":33,"column":4},"end":{"line":33,"column":60}},"12":{"start":{"line":36,"column":4},"end":{"line":36,"column":30}},"13":{"start":{"line":37,"column":4},"end":{"line":37,"column":14}},"14":{"start":{"line":40,"column":4},"end":{"line":40,"column":41}},"15":{"start":{"line":41,"column":4},"end":{"line":41,"column":16}},"16":{"start":{"line":42,"column":4},"end":{"line":42,"column":14}},"17":{"start":{"line":48,"column":0},"end":{"line":48,"column":21}}},"fnMap":{"0":{"name":"App","decl":{"start":{"line":5,"column":9},"end":{"line":5,"column":12}},"loc":{"start":{"line":5,"column":15},"end":{"line":5,"column":17}},"line":5},"1":{"name":"(anonymous_1)","decl":{"start":{"line":7,"column":22},"end":{"line":7,"column":23}},"loc":{"start":{"line":7,"column":40},"end":{"line":45,"column":1}},"line":7},"2":{"name":"(anonymous_2)","decl":{"start":{"line":11,"column":12},"end":{"line":11,"column":13}},"loc":{"start":{"line":11,"column":27},"end":{"line":13,"column":2}},"line":11},"3":{"name":"(anonymous_3)","decl":{"start":{"line":15,"column":20},"end":{"line":15,"column":21}},"loc":{"start":{"line":15,"column":41},"end":{"line":44,"column":2}},"line":15},"4":{"name":"(anonymous_4)","decl":{"start":{"line":17,"column":9},"end":{"line":17,"column":10}},"loc":{"start":{"line":17,"column":15},"end":{"line":19,"column":4}},"line":17},"5":{"name":"(anonymous_5)","decl":{"start":{"line":20,"column":9},"end":{"line":20,"column":10}},"loc":{"start":{"line":20,"column":15},"end":{"line":22,"column":4}},"line":20},"6":{"name":"(anonymous_6)","decl":{"start":{"line":23,"column":9},"end":{"line":23,"column":10}},"loc":{"start":{"line":23,"column":15},"end":{"line":25,"column":4}},"line":23},"7":{"name":"(anonymous_7)","decl":{"start":{"line":26,"column":9},"end":{"line":26,"column":10}},"loc":{"start":{"line":26,"column":15},"end":{"line":28,"column":4}},"line":26},"8":{"name":"(anonymous_8)","decl":{"start":{"line":29,"column":9},"end":{"line":29,"column":10}},"loc":{"start":{"line":29,"column":21},"end":{"line":31,"column":4}},"line":29},"9":{"name":"(anonymous_9)","decl":{"start":{"line":32,"column":9},"end":{"line":32,"column":10}},"loc":{"start":{"line":32,"column":21},"end":{"line":34,"column":4}},"line":32},"10":{"name":"(anonymous_10)","decl":{"start":{"line":35,"column":9},"end":{"line":35,"column":10}},"loc":{"start":{"line":35,"column":15},"end":{"line":38,"column":4}},"line":35},"11":{"name":"(anonymous_11)","decl":{"start":{"line":39,"column":10},"end":{"line":39,"column":11}},"loc":{"start":{"line":39,"column":19},"end":{"line":43,"column":4}},"line":39}},"branchMap":{"0":{"loc":{"start":{"line":12,"column":15},"end":{"line":12,"column":28}},"type":"binary-expr","locations":[{"start":{"line":12,"column":15},"end":{"line":12,"column":23}},{"start":{"line":12,"column":27},"end":{"line":12,"column":28}}],"line":12}},"s":{"0":0,"1":0,"2":0,"3":0,"4":0,"5":0,"6":0,"7":0,"8":0,"9":0,"10":0,"11":0,"12":0,"13":0,"14":0,"15":0,"16":0,"17":0},"f":{"0":0,"1":0,"2":0,"3":0,"4":0,"5":0,"6":0,"7":0,"8":0,"9":0,"10":0,"11":0},"b":{"0":[0,0]}},"c:\\Users\\Quanga\\Documents\\GitHub\\aece-ver2a\\aece_ver2\\config.js":{"path":"c:\\Users\\Quanga\\Documents\\GitHub\\aece-ver2a\\aece_ver2\\config.js","statementMap":{"0":{"start":{"line":5,"column":13},"end":{"line":5,"column":28}},"1":{"start":{"line":6,"column":11},"end":{"line":6,"column":24}},"2":{"start":{"line":7,"column":18},"end":{"line":7,"column":41}},"3":{"start":{"line":15,"column":0},"end":{"line":17,"column":3}},"4":{"start":{"line":23,"column":0},"end":{"line":24,"column":56}},"5":{"start":{"line":24,"column":1},"end":{"line":24,"column":56}},"6":{"start":{"line":26,"column":0},"end":{"line":27,"column":56}},"7":{"start":{"line":27,"column":1},"end":{"line":27,"column":56}},"8":{"start":{"line":33,"column":0},"end":{"line":217,"column":2}},"9":{"start":{"line":115,"column":6},"end":{"line":115,"column":25}},"10":{"start":{"line":115,"column":15},"end":{"line":115,"column":25}},"11":{"start":{"line":135,"column":6},"end":{"line":135,"column":25}},"12":{"start":{"line":135,"column":15},"end":{"line":135,"column":25}},"13":{"start":{"line":178,"column":4},"end":{"line":178,"column":26}},"14":{"start":{"line":183,"column":4},"end":{"line":183,"column":30}},"15":{"start":{"line":190,"column":4},"end":{"line":190,"column":37}},"16":{"start":{"line":199,"column":4},"end":{"line":199,"column":29}},"17":{"start":{"line":208,"column":4},"end":{"line":208,"column":34}},"18":{"start":{"line":213,"column":4},"end":{"line":213,"column":32}}},"fnMap":{"0":{"name":"(anonymous_0)","decl":{"start":{"line":114,"column":12},"end":{"line":114,"column":13}},"loc":{"start":{"line":114,"column":27},"end":{"line":116,"column":6}},"line":114},"1":{"name":"(anonymous_1)","decl":{"start":{"line":134,"column":12},"end":{"line":134,"column":13}},"loc":{"start":{"line":134,"column":27},"end":{"line":136,"column":6}},"line":134},"2":{"name":"(anonymous_2)","decl":{"start":{"line":177,"column":15},"end":{"line":177,"column":16}},"loc":{"start":{"line":177,"column":41},"end":{"line":179,"column":4}},"line":177},"3":{"name":"(anonymous_3)","decl":{"start":{"line":182,"column":15},"end":{"line":182,"column":16}},"loc":{"start":{"line":182,"column":45},"end":{"line":184,"column":4}},"line":182},"4":{"name":"(anonymous_4)","decl":{"start":{"line":189,"column":15},"end":{"line":189,"column":16}},"loc":{"start":{"line":189,"column":52},"end":{"line":191,"column":4}},"line":189},"5":{"name":"(anonymous_5)","decl":{"start":{"line":198,"column":15},"end":{"line":198,"column":16}},"loc":{"start":{"line":198,"column":44},"end":{"line":200,"column":4}},"line":198},"6":{"name":"(anonymous_6)","decl":{"start":{"line":207,"column":15},"end":{"line":207,"column":16}},"loc":{"start":{"line":207,"column":49},"end":{"line":209,"column":4}},"line":207},"7":{"name":"(anonymous_7)","decl":{"start":{"line":212,"column":15},"end":{"line":212,"column":16}},"loc":{"start":{"line":212,"column":47},"end":{"line":214,"column":4}},"line":212}},"branchMap":{"0":{"loc":{"start":{"line":23,"column":0},"end":{"line":24,"column":56}},"type":"if","locations":[{"start":{"line":23,"column":0},"end":{"line":24,"column":56}},{"start":{"line":23,"column":0},"end":{"line":24,"column":56}}],"line":23},"1":{"loc":{"start":{"line":26,"column":0},"end":{"line":27,"column":56}},"type":"if","locations":[{"start":{"line":26,"column":0},"end":{"line":27,"column":56}},{"start":{"line":26,"column":0},"end":{"line":27,"column":56}}],"line":26},"2":{"loc":{"start":{"line":63,"column":13},"end":{"line":72,"column":9}},"type":"cond-expr","locations":[{"start":{"line":63,"column":65},"end":{"line":72,"column":2}},{"start":{"line":72,"column":5},"end":{"line":72,"column":9}}],"line":63},"3":{"loc":{"start":{"line":115,"column":6},"end":{"line":115,"column":25}},"type":"if","locations":[{"start":{"line":115,"column":6},"end":{"line":115,"column":25}},{"start":{"line":115,"column":6},"end":{"line":115,"column":25}}],"line":115},"4":{"loc":{"start":{"line":135,"column":6},"end":{"line":135,"column":25}},"type":"if","locations":[{"start":{"line":135,"column":6},"end":{"line":135,"column":25}},{"start":{"line":135,"column":6},"end":{"line":135,"column":25}}],"line":135}},"s":{"0":0,"1":0,"2":0,"3":0,"4":0,"5":0,"6":0,"7":0,"8":0,"9":0,"10":0,"11":0,"12":0,"13":0,"14":0,"15":0,"16":0,"17":0,"18":0},"f":{"0":0,"1":0,"2":0,"3":0,"4":0,"5":0,"6":0,"7":0},"b":{"0":[0,0],"1":[0,0],"2":[0,0],"3":[0,0],"4":[0,0]}},"c:\\Users\\Quanga\\Documents\\GitHub\\aece-ver2a\\aece_ver2\\happner.js":{"path":"c:\\Users\\Quanga\\Documents\\GitHub\\aece-ver2a\\aece_ver2\\happner.js","statementMap":{"0":{"start":{"line":1,"column":0},"end":{"line":70,"column":2}}},"fnMap":{},"branchMap":{},"s":{"0":0},"f":{},"b":{}},"c:\\Users\\Quanga\\Documents\\GitHub\\aece-ver2a\\aece_ver2\\lib\\builders\\packet_builder.js":{"path":"c:\\Users\\Quanga\\Documents\\GitHub\\aece-ver2a\\aece_ver2\\lib\\builders\\packet_builder.js","statementMap":{"0":{"start":{"line":43,"column":20},"end":{"line":47,"column":1}},"1":{"start":{"line":44,"column":21},"end":{"line":44,"column":53}},"2":{"start":{"line":45,"column":1},"end":{"line":45,"column":32}},"3":{"start":{"line":46,"column":1},"end":{"line":46,"column":14}},"4":{"start":{"line":49,"column":0},"end":{"line":58,"column":2}},"5":{"start":{"line":50,"column":1},"end":{"line":50,"column":19}},"6":{"start":{"line":51,"column":1},"end":{"line":51,"column":20}},"7":{"start":{"line":52,"column":1},"end":{"line":52,"column":21}},"8":{"start":{"line":53,"column":1},"end":{"line":53,"column":20}},"9":{"start":{"line":54,"column":1},"end":{"line":54,"column":24}},"10":{"start":{"line":55,"column":1},"end":{"line":55,"column":24}},"11":{"start":{"line":56,"column":1},"end":{"line":56,"column":16}},"12":{"start":{"line":57,"column":1},"end":{"line":57,"column":17}},"13":{"start":{"line":60,"column":0},"end":{"line":65,"column":2}},"14":{"start":{"line":61,"column":12},"end":{"line":61,"column":16}},"15":{"start":{"line":62,"column":1},"end":{"line":62,"column":40}},"16":{"start":{"line":63,"column":1},"end":{"line":63,"column":37}},"17":{"start":{"line":64,"column":1},"end":{"line":64,"column":13}},"18":{"start":{"line":67,"column":0},"end":{"line":72,"column":2}},"19":{"start":{"line":68,"column":12},"end":{"line":68,"column":16}},"20":{"start":{"line":69,"column":1},"end":{"line":69,"column":42}},"21":{"start":{"line":70,"column":1},"end":{"line":70,"column":41}},"22":{"start":{"line":71,"column":1},"end":{"line":71,"column":13}},"23":{"start":{"line":74,"column":0},"end":{"line":79,"column":2}},"24":{"start":{"line":75,"column":12},"end":{"line":75,"column":16}},"25":{"start":{"line":76,"column":1},"end":{"line":76,"column":41}},"26":{"start":{"line":77,"column":1},"end":{"line":77,"column":39}},"27":{"start":{"line":78,"column":1},"end":{"line":78,"column":13}},"28":{"start":{"line":82,"column":0},"end":{"line":86,"column":2}},"29":{"start":{"line":83,"column":22},"end":{"line":83,"column":46}},"30":{"start":{"line":84,"column":1},"end":{"line":84,"column":47}},"31":{"start":{"line":85,"column":1},"end":{"line":85,"column":23}},"32":{"start":{"line":89,"column":0},"end":{"line":93,"column":2}},"33":{"start":{"line":90,"column":20},"end":{"line":90,"column":44}},"34":{"start":{"line":91,"column":1},"end":{"line":91,"column":43}},"35":{"start":{"line":92,"column":1},"end":{"line":92,"column":21}},"36":{"start":{"line":96,"column":0},"end":{"line":101,"column":2}},"37":{"start":{"line":97,"column":18},"end":{"line":97,"column":41}},"38":{"start":{"line":98,"column":15},"end":{"line":98,"column":45}},"39":{"start":{"line":99,"column":1},"end":{"line":99,"column":37}},"40":{"start":{"line":100,"column":1},"end":{"line":100,"column":16}},"41":{"start":{"line":103,"column":0},"end":{"line":112,"column":2}},"42":{"start":{"line":104,"column":12},"end":{"line":104,"column":16}},"43":{"start":{"line":106,"column":1},"end":{"line":107,"column":23}},"44":{"start":{"line":107,"column":2},"end":{"line":107,"column":23}},"45":{"start":{"line":109,"column":1},"end":{"line":109,"column":49}},"46":{"start":{"line":110,"column":1},"end":{"line":110,"column":48}},"47":{"start":{"line":111,"column":1},"end":{"line":111,"column":13}},"48":{"start":{"line":114,"column":0},"end":{"line":123,"column":2}},"49":{"start":{"line":115,"column":12},"end":{"line":115,"column":16}},"50":{"start":{"line":117,"column":1},"end":{"line":118,"column":23}},"51":{"start":{"line":118,"column":2},"end":{"line":118,"column":23}},"52":{"start":{"line":120,"column":1},"end":{"line":120,"column":37}},"53":{"start":{"line":121,"column":1},"end":{"line":121,"column":61}},"54":{"start":{"line":122,"column":1},"end":{"line":122,"column":13}},"55":{"start":{"line":125,"column":0},"end":{"line":144,"column":2}},"56":{"start":{"line":133,"column":12},"end":{"line":133,"column":89}},"57":{"start":{"line":134,"column":1},"end":{"line":134,"column":30}},"58":{"start":{"line":137,"column":1},"end":{"line":137,"column":89}},"59":{"start":{"line":140,"column":14},"end":{"line":140,"column":74}},"60":{"start":{"line":141,"column":1},"end":{"line":141,"column":77}},"61":{"start":{"line":143,"column":1},"end":{"line":143,"column":28}},"62":{"start":{"line":147,"column":13},"end":{"line":147,"column":15}},"63":{"start":{"line":149,"column":1},"end":{"line":151,"column":2}},"64":{"start":{"line":150,"column":2},"end":{"line":150,"column":15}},"65":{"start":{"line":153,"column":1},"end":{"line":153,"column":48}},"66":{"start":{"line":156,"column":0},"end":{"line":156,"column":31}}},"fnMap":{"0":{"name":"(anonymous_0)","decl":{"start":{"line":43,"column":20},"end":{"line":43,"column":21}},"loc":{"start":{"line":43,"column":32},"end":{"line":47,"column":1}},"line":43},"1":{"name":"(anonymous_1)","decl":{"start":{"line":49,"column":32},"end":{"line":49,"column":33}},"loc":{"start":{"line":49,"column":44},"end":{"line":58,"column":1}},"line":49},"2":{"name":"(anonymous_2)","decl":{"start":{"line":60,"column":36},"end":{"line":60,"column":37}},"loc":{"start":{"line":60,"column":52},"end":{"line":65,"column":1}},"line":60},"3":{"name":"(anonymous_3)","decl":{"start":{"line":67,"column":38},"end":{"line":67,"column":39}},"loc":{"start":{"line":67,"column":54},"end":{"line":72,"column":1}},"line":67},"4":{"name":"(anonymous_4)","decl":{"start":{"line":74,"column":37},"end":{"line":74,"column":38}},"loc":{"start":{"line":74,"column":53},"end":{"line":79,"column":1}},"line":74},"5":{"name":"(anonymous_5)","decl":{"start":{"line":82,"column":47},"end":{"line":82,"column":48}},"loc":{"start":{"line":82,"column":63},"end":{"line":86,"column":1}},"line":82},"6":{"name":"(anonymous_6)","decl":{"start":{"line":89,"column":45},"end":{"line":89,"column":46}},"loc":{"start":{"line":89,"column":61},"end":{"line":93,"column":1}},"line":89},"7":{"name":"(anonymous_7)","decl":{"start":{"line":96,"column":40},"end":{"line":96,"column":41}},"loc":{"start":{"line":96,"column":56},"end":{"line":101,"column":1}},"line":96},"8":{"name":"(anonymous_8)","decl":{"start":{"line":103,"column":41},"end":{"line":103,"column":42}},"loc":{"start":{"line":103,"column":57},"end":{"line":112,"column":1}},"line":103},"9":{"name":"(anonymous_9)","decl":{"start":{"line":114,"column":41},"end":{"line":114,"column":42}},"loc":{"start":{"line":114,"column":57},"end":{"line":123,"column":1}},"line":114},"10":{"name":"(anonymous_10)","decl":{"start":{"line":125,"column":32},"end":{"line":125,"column":33}},"loc":{"start":{"line":125,"column":44},"end":{"line":144,"column":1}},"line":125},"11":{"name":"pad","decl":{"start":{"line":146,"column":9},"end":{"line":146,"column":12}},"loc":{"start":{"line":146,"column":23},"end":{"line":154,"column":1}},"line":146}},"branchMap":{"0":{"loc":{"start":{"line":106,"column":1},"end":{"line":107,"column":23}},"type":"if","locations":[{"start":{"line":106,"column":1},"end":{"line":107,"column":23}},{"start":{"line":106,"column":1},"end":{"line":107,"column":23}}],"line":106},"1":{"loc":{"start":{"line":117,"column":1},"end":{"line":118,"column":23}},"type":"if","locations":[{"start":{"line":117,"column":1},"end":{"line":118,"column":23}},{"start":{"line":117,"column":1},"end":{"line":118,"column":23}}],"line":117},"2":{"loc":{"start":{"line":133,"column":12},"end":{"line":133,"column":89}},"type":"cond-expr","locations":[{"start":{"line":133,"column":38},"end":{"line":133,"column":62}},{"start":{"line":133,"column":65},"end":{"line":133,"column":89}}],"line":133}},"s":{"0":0,"1":0,"2":0,"3":0,"4":0,"5":0,"6":0,"7":0,"8":0,"9":0,"10":0,"11":0,"12":0,"13":0,"14":0,"15":0,"16":0,"17":0,"18":0,"19":0,"20":0,"21":0,"22":0,"23":0,"24":0,"25":0,"26":0,"27":0,"28":0,"29":0,"30":0,"31":0,"32":0,"33":0,"34":0,"35":0,"36":0,"37":0,"38":0,"39":0,"40":0,"41":0,"42":0,"43":0,"44":0,"45":0,"46":0,"47":0,"48":0,"49":0,"50":0,"51":0,"52":0,"53":0,"54":0,"55":0,"56":0,"57":0,"58":0,"59":0,"60":0,"61":0,"62":0,"63":0,"64":0,"65":0,"66":0},"f":{"0":0,"1":0,"2":0,"3":0,"4":0,"5":0,"6":0,"7":0,"8":0,"9":0,"10":0,"11":0},"b":{"0":[0,0],"1":[0,0],"2":[0,0]}},"c:\\Users\\Quanga\\Documents\\GitHub\\aece-ver2a\\aece_ver2\\lib\\builders\\string_builder.js":{"path":"c:\\Users\\Quanga\\Documents\\GitHub\\aece-ver2a\\aece_ver2\\lib\\builders\\string_builder.js","statementMap":{"0":{"start":{"line":7,"column":0},"end":{"line":28,"column":2}},"1":{"start":{"line":8,"column":14},"end":{"line":8,"column":18}},"2":{"start":{"line":9,"column":14},"end":{"line":9,"column":18}},"3":{"start":{"line":11,"column":1},"end":{"line":27,"column":3}},"4":{"start":{"line":13,"column":3},"end":{"line":13,"column":33}},"5":{"start":{"line":15,"column":3},"end":{"line":25,"column":5}},"6":{"start":{"line":17,"column":5},"end":{"line":17,"column":19}},"7":{"start":{"line":20,"column":5},"end":{"line":20,"column":41}},"8":{"start":{"line":23,"column":5},"end":{"line":23,"column":17}},"9":{"start":{"line":30,"column":0},"end":{"line":30,"column":31}}},"fnMap":{"0":{"name":"StringBuilder","decl":{"start":{"line":5,"column":9},"end":{"line":5,"column":22}},"loc":{"start":{"line":5,"column":25},"end":{"line":5,"column":27}},"line":5},"1":{"name":"(anonymous_1)","decl":{"start":{"line":7,"column":33},"end":{"line":7,"column":34}},"loc":{"start":{"line":7,"column":54},"end":{"line":28,"column":1}},"line":7},"2":{"name":"(anonymous_2)","decl":{"start":{"line":12,"column":6},"end":{"line":12,"column":7}},"loc":{"start":{"line":12,"column":26},"end":{"line":26,"column":3}},"line":12},"3":{"name":"(anonymous_3)","decl":{"start":{"line":16,"column":14},"end":{"line":16,"column":15}},"loc":{"start":{"line":16,"column":26},"end":{"line":18,"column":5}},"line":16},"4":{"name":"(anonymous_4)","decl":{"start":{"line":19,"column":9},"end":{"line":19,"column":10}},"loc":{"start":{"line":19,"column":25},"end":{"line":21,"column":5}},"line":19},"5":{"name":"(anonymous_5)","decl":{"start":{"line":22,"column":10},"end":{"line":22,"column":11}},"loc":{"start":{"line":22,"column":22},"end":{"line":24,"column":5}},"line":22}},"branchMap":{},"s":{"0":0,"1":0,"2":0,"3":0,"4":0,"5":0,"6":0,"7":0,"8":0,"9":0},"f":{"0":0,"1":0,"2":0,"3":0,"4":0,"5":0},"b":{}},"c:\\Users\\Quanga\\Documents\\GitHub\\aece-ver2a\\aece_ver2\\lib\\constants\\command_constants.js":{"path":"c:\\Users\\Quanga\\Documents\\GitHub\\aece-ver2a\\aece_ver2\\lib\\constants\\command_constants.js","statementMap":{"0":{"start":{"line":6,"column":23},"end":{"line":6,"column":37}},"1":{"start":{"line":8,"column":0},"end":{"line":587,"column":3}},"2":{"start":{"line":21,"column":2},"end":{"line":585,"column":4}},"3":{"start":{"line":589,"column":0},"end":{"line":659,"column":3}},"4":{"start":{"line":602,"column":2},"end":{"line":657,"column":4}},"5":{"start":{"line":661,"column":0},"end":{"line":673,"column":2}},"6":{"start":{"line":663,"column":14},"end":{"line":663,"column":18}},"7":{"start":{"line":664,"column":14},"end":{"line":664,"column":16}},"8":{"start":{"line":666,"column":1},"end":{"line":670,"column":4}},"9":{"start":{"line":667,"column":19},"end":{"line":667,"column":44}},"10":{"start":{"line":668,"column":2},"end":{"line":669,"column":27}},"11":{"start":{"line":669,"column":3},"end":{"line":669,"column":27}},"12":{"start":{"line":672,"column":1},"end":{"line":672,"column":15}},"13":{"start":{"line":675,"column":0},"end":{"line":687,"column":2}},"14":{"start":{"line":677,"column":14},"end":{"line":677,"column":18}},"15":{"start":{"line":678,"column":14},"end":{"line":678,"column":16}},"16":{"start":{"line":680,"column":1},"end":{"line":684,"column":4}},"17":{"start":{"line":681,"column":19},"end":{"line":681,"column":44}},"18":{"start":{"line":682,"column":2},"end":{"line":683,"column":27}},"19":{"start":{"line":683,"column":3},"end":{"line":683,"column":27}},"20":{"start":{"line":686,"column":1},"end":{"line":686,"column":15}},"21":{"start":{"line":689,"column":0},"end":{"line":700,"column":2}},"22":{"start":{"line":690,"column":14},"end":{"line":690,"column":18}},"23":{"start":{"line":691,"column":14},"end":{"line":691,"column":16}},"24":{"start":{"line":693,"column":1},"end":{"line":697,"column":4}},"25":{"start":{"line":694,"column":19},"end":{"line":694,"column":44}},"26":{"start":{"line":695,"column":2},"end":{"line":696,"column":27}},"27":{"start":{"line":696,"column":3},"end":{"line":696,"column":27}},"28":{"start":{"line":699,"column":1},"end":{"line":699,"column":15}},"29":{"start":{"line":702,"column":0},"end":{"line":702,"column":34}}},"fnMap":{"0":{"name":"(anonymous_0)","decl":{"start":{"line":6,"column":23},"end":{"line":6,"column":24}},"loc":{"start":{"line":6,"column":35},"end":{"line":6,"column":37}},"line":6},"1":{"name":"(anonymous_1)","decl":{"start":{"line":10,"column":6},"end":{"line":10,"column":7}},"loc":{"start":{"line":10,"column":18},"end":{"line":586,"column":2}},"line":10},"2":{"name":"(anonymous_2)","decl":{"start":{"line":591,"column":6},"end":{"line":591,"column":7}},"loc":{"start":{"line":591,"column":18},"end":{"line":658,"column":2}},"line":591},"3":{"name":"(anonymous_3)","decl":{"start":{"line":661,"column":52},"end":{"line":661,"column":53}},"loc":{"start":{"line":661,"column":64},"end":{"line":673,"column":1}},"line":661},"4":{"name":"(anonymous_4)","decl":{"start":{"line":666,"column":43},"end":{"line":666,"column":44}},"loc":{"start":{"line":666,"column":58},"end":{"line":670,"column":2}},"line":666},"5":{"name":"(anonymous_5)","decl":{"start":{"line":675,"column":46},"end":{"line":675,"column":47}},"loc":{"start":{"line":675,"column":58},"end":{"line":687,"column":1}},"line":675},"6":{"name":"(anonymous_6)","decl":{"start":{"line":680,"column":43},"end":{"line":680,"column":44}},"loc":{"start":{"line":680,"column":58},"end":{"line":684,"column":2}},"line":680},"7":{"name":"(anonymous_7)","decl":{"start":{"line":689,"column":50},"end":{"line":689,"column":51}},"loc":{"start":{"line":689,"column":62},"end":{"line":700,"column":1}},"line":689},"8":{"name":"(anonymous_8)","decl":{"start":{"line":693,"column":43},"end":{"line":693,"column":44}},"loc":{"start":{"line":693,"column":58},"end":{"line":697,"column":2}},"line":693}},"branchMap":{"0":{"loc":{"start":{"line":668,"column":2},"end":{"line":669,"column":27}},"type":"if","locations":[{"start":{"line":668,"column":2},"end":{"line":669,"column":27}},{"start":{"line":668,"column":2},"end":{"line":669,"column":27}}],"line":668},"1":{"loc":{"start":{"line":682,"column":2},"end":{"line":683,"column":27}},"type":"if","locations":[{"start":{"line":682,"column":2},"end":{"line":683,"column":27}},{"start":{"line":682,"column":2},"end":{"line":683,"column":27}}],"line":682},"2":{"loc":{"start":{"line":695,"column":2},"end":{"line":696,"column":27}},"type":"if","locations":[{"start":{"line":695,"column":2},"end":{"line":696,"column":27}},{"start":{"line":695,"column":2},"end":{"line":696,"column":27}}],"line":695}},"s":{"0":0,"1":0,"2":0,"3":0,"4":0,"5":0,"6":0,"7":0,"8":0,"9":0,"10":0,"11":0,"12":0,"13":0,"14":0,"15":0,"16":0,"17":0,"18":0,"19":0,"20":0,"21":0,"22":0,"23":0,"24":0,"25":0,"26":0,"27":0,"28":0,"29":0},"f":{"0":0,"1":0,"2":0,"3":0,"4":0,"5":0,"6":0,"7":0,"8":0},"b":{"0":[0,0],"1":[0,0],"2":[0,0]}},"c:\\Users\\Quanga\\Documents\\GitHub\\aece-ver2a\\aece_ver2\\lib\\handlers\\message_handlers.js":{"path":"c:\\Users\\Quanga\\Documents\\GitHub\\aece-ver2a\\aece_ver2\\lib\\handlers\\message_handlers.js","statementMap":{"0":{"start":{"line":3,"column":0},"end":{"line":26,"column":2}},"1":{"start":{"line":4,"column":1},"end":{"line":25,"column":4}},"2":{"start":{"line":5,"column":2},"end":{"line":24,"column":3}},"3":{"start":{"line":6,"column":16},"end":{"line":20,"column":4}},"4":{"start":{"line":7,"column":4},"end":{"line":19,"column":8}},"5":{"start":{"line":9,"column":6},"end":{"line":15,"column":10}},"6":{"start":{"line":11,"column":8},"end":{"line":11,"column":61}},"7":{"start":{"line":14,"column":8},"end":{"line":14,"column":69}},"8":{"start":{"line":18,"column":6},"end":{"line":18,"column":65}},"9":{"start":{"line":21,"column":3},"end":{"line":21,"column":19}},"10":{"start":{"line":23,"column":3},"end":{"line":23,"column":15}},"11":{"start":{"line":28,"column":0},"end":{"line":28,"column":33}}},"fnMap":{"0":{"name":"MessageHandlers","decl":{"start":{"line":1,"column":9},"end":{"line":1,"column":24}},"loc":{"start":{"line":1,"column":27},"end":{"line":1,"column":29}},"line":1},"1":{"name":"(anonymous_1)","decl":{"start":{"line":3,"column":56},"end":{"line":3,"column":57}},"loc":{"start":{"line":3,"column":74},"end":{"line":26,"column":1}},"line":3},"2":{"name":"(anonymous_2)","decl":{"start":{"line":4,"column":20},"end":{"line":4,"column":21}},"loc":{"start":{"line":4,"column":41},"end":{"line":25,"column":2}},"line":4},"3":{"name":"(anonymous_3)","decl":{"start":{"line":6,"column":16},"end":{"line":6,"column":17}},"loc":{"start":{"line":6,"column":29},"end":{"line":20,"column":4}},"line":6},"4":{"name":"(anonymous_4)","decl":{"start":{"line":8,"column":11},"end":{"line":8,"column":12}},"loc":{"start":{"line":8,"column":30},"end":{"line":16,"column":6}},"line":8},"5":{"name":"(anonymous_5)","decl":{"start":{"line":10,"column":13},"end":{"line":10,"column":14}},"loc":{"start":{"line":10,"column":25},"end":{"line":12,"column":8}},"line":10},"6":{"name":"(anonymous_6)","decl":{"start":{"line":13,"column":14},"end":{"line":13,"column":15}},"loc":{"start":{"line":13,"column":23},"end":{"line":15,"column":8}},"line":13},"7":{"name":"(anonymous_7)","decl":{"start":{"line":17,"column":12},"end":{"line":17,"column":13}},"loc":{"start":{"line":17,"column":27},"end":{"line":19,"column":6}},"line":17}},"branchMap":{},"s":{"0":0,"1":0,"2":0,"3":0,"4":0,"5":0,"6":0,"7":0,"8":0,"9":0,"10":0,"11":0},"f":{"0":0,"1":0,"2":0,"3":0,"4":0,"5":0,"6":0,"7":0},"b":{}},"c:\\Users\\Quanga\\Documents\\GitHub\\aece-ver2a\\aece_ver2\\lib\\mappers\\data_mapper.js":{"path":"c:\\Users\\Quanga\\Documents\\GitHub\\aece-ver2a\\aece_ver2\\lib\\mappers\\data_mapper.js","statementMap":{"0":{"start":{"line":6,"column":1},"end":{"line":6,"column":24}},"1":{"start":{"line":9,"column":0},"end":{"line":30,"column":2}},"2":{"start":{"line":11,"column":1},"end":{"line":29,"column":4}},"3":{"start":{"line":32,"column":0},"end":{"line":82,"column":2}},"4":{"start":{"line":34,"column":1},"end":{"line":34,"column":34}},"5":{"start":{"line":36,"column":1},"end":{"line":36,"column":78}},"6":{"start":{"line":36,"column":35},"end":{"line":36,"column":78}},"7":{"start":{"line":37,"column":1},"end":{"line":37,"column":108}},"8":{"start":{"line":37,"column":45},"end":{"line":37,"column":108}},"9":{"start":{"line":38,"column":1},"end":{"line":38,"column":109}},"10":{"start":{"line":38,"column":40},"end":{"line":38,"column":109}},"11":{"start":{"line":39,"column":1},"end":{"line":39,"column":90}},"12":{"start":{"line":39,"column":39},"end":{"line":39,"column":90}},"13":{"start":{"line":40,"column":1},"end":{"line":40,"column":90}},"14":{"start":{"line":40,"column":39},"end":{"line":40,"column":90}},"15":{"start":{"line":41,"column":1},"end":{"line":41,"column":90}},"16":{"start":{"line":41,"column":39},"end":{"line":41,"column":90}},"17":{"start":{"line":42,"column":1},"end":{"line":42,"column":102}},"18":{"start":{"line":42,"column":43},"end":{"line":42,"column":102}},"19":{"start":{"line":43,"column":1},"end":{"line":43,"column":90}},"20":{"start":{"line":43,"column":39},"end":{"line":43,"column":90}},"21":{"start":{"line":44,"column":1},"end":{"line":44,"column":90}},"22":{"start":{"line":44,"column":39},"end":{"line":44,"column":90}},"23":{"start":{"line":45,"column":1},"end":{"line":45,"column":96}},"24":{"start":{"line":45,"column":41},"end":{"line":45,"column":96}},"25":{"start":{"line":46,"column":1},"end":{"line":46,"column":105}},"26":{"start":{"line":46,"column":44},"end":{"line":46,"column":105}},"27":{"start":{"line":47,"column":1},"end":{"line":47,"column":108}},"28":{"start":{"line":47,"column":45},"end":{"line":47,"column":108}},"29":{"start":{"line":48,"column":1},"end":{"line":48,"column":99}},"30":{"start":{"line":48,"column":42},"end":{"line":48,"column":99}},"31":{"start":{"line":49,"column":1},"end":{"line":49,"column":108}},"32":{"start":{"line":49,"column":45},"end":{"line":49,"column":108}},"33":{"start":{"line":50,"column":1},"end":{"line":50,"column":135}},"34":{"start":{"line":50,"column":54},"end":{"line":50,"column":135}},"35":{"start":{"line":51,"column":1},"end":{"line":51,"column":120}},"36":{"start":{"line":51,"column":49},"end":{"line":51,"column":120}},"37":{"start":{"line":52,"column":1},"end":{"line":52,"column":108}},"38":{"start":{"line":52,"column":45},"end":{"line":52,"column":108}},"39":{"start":{"line":53,"column":1},"end":{"line":53,"column":129}},"40":{"start":{"line":53,"column":52},"end":{"line":53,"column":129}},"41":{"start":{"line":54,"column":1},"end":{"line":54,"column":72}},"42":{"start":{"line":54,"column":33},"end":{"line":54,"column":72}},"43":{"start":{"line":55,"column":1},"end":{"line":55,"column":78}},"44":{"start":{"line":55,"column":35},"end":{"line":55,"column":78}},"45":{"start":{"line":56,"column":1},"end":{"line":56,"column":90}},"46":{"start":{"line":56,"column":39},"end":{"line":56,"column":90}},"47":{"start":{"line":57,"column":1},"end":{"line":57,"column":72}},"48":{"start":{"line":57,"column":33},"end":{"line":57,"column":72}},"49":{"start":{"line":58,"column":1},"end":{"line":58,"column":78}},"50":{"start":{"line":58,"column":35},"end":{"line":58,"column":78}},"51":{"start":{"line":59,"column":1},"end":{"line":59,"column":90}},"52":{"start":{"line":59,"column":39},"end":{"line":59,"column":90}},"53":{"start":{"line":60,"column":1},"end":{"line":60,"column":84}},"54":{"start":{"line":60,"column":37},"end":{"line":60,"column":84}},"55":{"start":{"line":61,"column":1},"end":{"line":61,"column":75}},"56":{"start":{"line":61,"column":34},"end":{"line":61,"column":75}},"57":{"start":{"line":62,"column":1},"end":{"line":62,"column":99}},"58":{"start":{"line":62,"column":42},"end":{"line":62,"column":99}},"59":{"start":{"line":63,"column":1},"end":{"line":63,"column":90}},"60":{"start":{"line":63,"column":39},"end":{"line":63,"column":90}},"61":{"start":{"line":64,"column":1},"end":{"line":64,"column":84}},"62":{"start":{"line":64,"column":37},"end":{"line":64,"column":84}},"63":{"start":{"line":65,"column":1},"end":{"line":65,"column":96}},"64":{"start":{"line":65,"column":41},"end":{"line":65,"column":96}},"65":{"start":{"line":66,"column":1},"end":{"line":66,"column":90}},"66":{"start":{"line":66,"column":39},"end":{"line":66,"column":90}},"67":{"start":{"line":67,"column":1},"end":{"line":67,"column":99}},"68":{"start":{"line":67,"column":42},"end":{"line":67,"column":99}},"69":{"start":{"line":68,"column":1},"end":{"line":68,"column":84}},"70":{"start":{"line":68,"column":37},"end":{"line":68,"column":84}},"71":{"start":{"line":69,"column":1},"end":{"line":69,"column":72}},"72":{"start":{"line":69,"column":33},"end":{"line":69,"column":72}},"73":{"start":{"line":79,"column":1},"end":{"line":79,"column":75}},"74":{"start":{"line":79,"column":34},"end":{"line":79,"column":75}},"75":{"start":{"line":81,"column":1},"end":{"line":81,"column":29}},"76":{"start":{"line":84,"column":0},"end":{"line":141,"column":2}},"77":{"start":{"line":97,"column":14},"end":{"line":138,"column":2}},"78":{"start":{"line":140,"column":1},"end":{"line":140,"column":24}},"79":{"start":{"line":143,"column":0},"end":{"line":143,"column":28}}},"fnMap":{"0":{"name":"DataMapper","decl":{"start":{"line":5,"column":9},"end":{"line":5,"column":19}},"loc":{"start":{"line":5,"column":22},"end":{"line":7,"column":1}},"line":5},"1":{"name":"(anonymous_1)","decl":{"start":{"line":9,"column":39},"end":{"line":9,"column":40}},"loc":{"start":{"line":9,"column":67},"end":{"line":30,"column":1}},"line":9},"2":{"name":"(anonymous_2)","decl":{"start":{"line":32,"column":37},"end":{"line":32,"column":38}},"loc":{"start":{"line":32,"column":84},"end":{"line":82,"column":1}},"line":32},"3":{"name":"(anonymous_3)","decl":{"start":{"line":84,"column":35},"end":{"line":84,"column":36}},"loc":{"start":{"line":84,"column":102},"end":{"line":141,"column":1}},"line":84}},"branchMap":{"0":{"loc":{"start":{"line":17,"column":20},"end":{"line":17,"column":71}},"type":"cond-expr","locations":[{"start":{"line":17,"column":42},"end":{"line":17,"column":64}},{"start":{"line":17,"column":67},"end":{"line":17,"column":71}}],"line":17},"1":{"loc":{"start":{"line":18,"column":18},"end":{"line":18,"column":67}},"type":"cond-expr","locations":[{"start":{"line":18,"column":40},"end":{"line":18,"column":60}},{"start":{"line":18,"column":63},"end":{"line":18,"column":67}}],"line":18},"2":{"loc":{"start":{"line":19,"column":18},"end":{"line":19,"column":65}},"type":"cond-expr","locations":[{"start":{"line":19,"column":40},"end":{"line":19,"column":58}},{"start":{"line":19,"column":61},"end":{"line":19,"column":65}}],"line":19},"3":{"loc":{"start":{"line":20,"column":18},"end":{"line":20,"column":65}},"type":"cond-expr","locations":[{"start":{"line":20,"column":40},"end":{"line":20,"column":58}},{"start":{"line":20,"column":61},"end":{"line":20,"column":65}}],"line":20},"4":{"loc":{"start":{"line":21,"column":18},"end":{"line":21,"column":65}},"type":"cond-expr","locations":[{"start":{"line":21,"column":40},"end":{"line":21,"column":58}},{"start":{"line":21,"column":61},"end":{"line":21,"column":65}}],"line":21},"5":{"loc":{"start":{"line":22,"column":18},"end":{"line":22,"column":65}},"type":"cond-expr","locations":[{"start":{"line":22,"column":40},"end":{"line":22,"column":58}},{"start":{"line":22,"column":61},"end":{"line":22,"column":65}}],"line":22},"6":{"loc":{"start":{"line":23,"column":18},"end":{"line":23,"column":65}},"type":"cond-expr","locations":[{"start":{"line":23,"column":40},"end":{"line":23,"column":58}},{"start":{"line":23,"column":61},"end":{"line":23,"column":65}}],"line":23},"7":{"loc":{"start":{"line":24,"column":18},"end":{"line":24,"column":65}},"type":"cond-expr","locations":[{"start":{"line":24,"column":40},"end":{"line":24,"column":58}},{"start":{"line":24,"column":61},"end":{"line":24,"column":65}}],"line":24},"8":{"loc":{"start":{"line":25,"column":18},"end":{"line":25,"column":65}},"type":"cond-expr","locations":[{"start":{"line":25,"column":40},"end":{"line":25,"column":58}},{"start":{"line":25,"column":61},"end":{"line":25,"column":65}}],"line":25},"9":{"loc":{"start":{"line":26,"column":18},"end":{"line":26,"column":65}},"type":"cond-expr","locations":[{"start":{"line":26,"column":40},"end":{"line":26,"column":58}},{"start":{"line":26,"column":61},"end":{"line":26,"column":65}}],"line":26},"10":{"loc":{"start":{"line":36,"column":1},"end":{"line":36,"column":78}},"type":"if","locations":[{"start":{"line":36,"column":1},"end":{"line":36,"column":78}},{"start":{"line":36,"column":1},"end":{"line":36,"column":78}}],"line":36},"11":{"loc":{"start":{"line":37,"column":1},"end":{"line":37,"column":108}},"type":"if","locations":[{"start":{"line":37,"column":1},"end":{"line":37,"column":108}},{"start":{"line":37,"column":1},"end":{"line":37,"column":108}}],"line":37},"12":{"loc":{"start":{"line":38,"column":1},"end":{"line":38,"column":109}},"type":"if","locations":[{"start":{"line":38,"column":1},"end":{"line":38,"column":109}},{"start":{"line":38,"column":1},"end":{"line":38,"column":109}}],"line":38},"13":{"loc":{"start":{"line":39,"column":1},"end":{"line":39,"column":90}},"type":"if","locations":[{"start":{"line":39,"column":1},"end":{"line":39,"column":90}},{"start":{"line":39,"column":1},"end":{"line":39,"column":90}}],"line":39},"14":{"loc":{"start":{"line":40,"column":1},"end":{"line":40,"column":90}},"type":"if","locations":[{"start":{"line":40,"column":1},"end":{"line":40,"column":90}},{"start":{"line":40,"column":1},"end":{"line":40,"column":90}}],"line":40},"15":{"loc":{"start":{"line":41,"column":1},"end":{"line":41,"column":90}},"type":"if","locations":[{"start":{"line":41,"column":1},"end":{"line":41,"column":90}},{"start":{"line":41,"column":1},"end":{"line":41,"column":90}}],"line":41},"16":{"loc":{"start":{"line":42,"column":1},"end":{"line":42,"column":102}},"type":"if","locations":[{"start":{"line":42,"column":1},"end":{"line":42,"column":102}},{"start":{"line":42,"column":1},"end":{"line":42,"column":102}}],"line":42},"17":{"loc":{"start":{"line":43,"column":1},"end":{"line":43,"column":90}},"type":"if","locations":[{"start":{"line":43,"column":1},"end":{"line":43,"column":90}},{"start":{"line":43,"column":1},"end":{"line":43,"column":90}}],"line":43},"18":{"loc":{"start":{"line":44,"column":1},"end":{"line":44,"column":90}},"type":"if","locations":[{"start":{"line":44,"column":1},"end":{"line":44,"column":90}},{"start":{"line":44,"column":1},"end":{"line":44,"column":90}}],"line":44},"19":{"loc":{"start":{"line":45,"column":1},"end":{"line":45,"column":96}},"type":"if","locations":[{"start":{"line":45,"column":1},"end":{"line":45,"column":96}},{"start":{"line":45,"column":1},"end":{"line":45,"column":96}}],"line":45},"20":{"loc":{"start":{"line":46,"column":1},"end":{"line":46,"column":105}},"type":"if","locations":[{"start":{"line":46,"column":1},"end":{"line":46,"column":105}},{"start":{"line":46,"column":1},"end":{"line":46,"column":105}}],"line":46},"21":{"loc":{"start":{"line":47,"column":1},"end":{"line":47,"column":108}},"type":"if","locations":[{"start":{"line":47,"column":1},"end":{"line":47,"column":108}},{"start":{"line":47,"column":1},"end":{"line":47,"column":108}}],"line":47},"22":{"loc":{"start":{"line":48,"column":1},"end":{"line":48,"column":99}},"type":"if","locations":[{"start":{"line":48,"column":1},"end":{"line":48,"column":99}},{"start":{"line":48,"column":1},"end":{"line":48,"column":99}}],"line":48},"23":{"loc":{"start":{"line":49,"column":1},"end":{"line":49,"column":108}},"type":"if","locations":[{"start":{"line":49,"column":1},"end":{"line":49,"column":108}},{"start":{"line":49,"column":1},"end":{"line":49,"column":108}}],"line":49},"24":{"loc":{"start":{"line":50,"column":1},"end":{"line":50,"column":135}},"type":"if","locations":[{"start":{"line":50,"column":1},"end":{"line":50,"column":135}},{"start":{"line":50,"column":1},"end":{"line":50,"column":135}}],"line":50},"25":{"loc":{"start":{"line":51,"column":1},"end":{"line":51,"column":120}},"type":"if","locations":[{"start":{"line":51,"column":1},"end":{"line":51,"column":120}},{"start":{"line":51,"column":1},"end":{"line":51,"column":120}}],"line":51},"26":{"loc":{"start":{"line":52,"column":1},"end":{"line":52,"column":108}},"type":"if","locations":[{"start":{"line":52,"column":1},"end":{"line":52,"column":108}},{"start":{"line":52,"column":1},"end":{"line":52,"column":108}}],"line":52},"27":{"loc":{"start":{"line":53,"column":1},"end":{"line":53,"column":129}},"type":"if","locations":[{"start":{"line":53,"column":1},"end":{"line":53,"column":129}},{"start":{"line":53,"column":1},"end":{"line":53,"column":129}}],"line":53},"28":{"loc":{"start":{"line":54,"column":1},"end":{"line":54,"column":72}},"type":"if","locations":[{"start":{"line":54,"column":1},"end":{"line":54,"column":72}},{"start":{"line":54,"column":1},"end":{"line":54,"column":72}}],"line":54},"29":{"loc":{"start":{"line":55,"column":1},"end":{"line":55,"column":78}},"type":"if","locations":[{"start":{"line":55,"column":1},"end":{"line":55,"column":78}},{"start":{"line":55,"column":1},"end":{"line":55,"column":78}}],"line":55},"30":{"loc":{"start":{"line":56,"column":1},"end":{"line":56,"column":90}},"type":"if","locations":[{"start":{"line":56,"column":1},"end":{"line":56,"column":90}},{"start":{"line":56,"column":1},"end":{"line":56,"column":90}}],"line":56},"31":{"loc":{"start":{"line":57,"column":1},"end":{"line":57,"column":72}},"type":"if","locations":[{"start":{"line":57,"column":1},"end":{"line":57,"column":72}},{"start":{"line":57,"column":1},"end":{"line":57,"column":72}}],"line":57},"32":{"loc":{"start":{"line":58,"column":1},"end":{"line":58,"column":78}},"type":"if","locations":[{"start":{"line":58,"column":1},"end":{"line":58,"column":78}},{"start":{"line":58,"column":1},"end":{"line":58,"column":78}}],"line":58},"33":{"loc":{"start":{"line":59,"column":1},"end":{"line":59,"column":90}},"type":"if","locations":[{"start":{"line":59,"column":1},"end":{"line":59,"column":90}},{"start":{"line":59,"column":1},"end":{"line":59,"column":90}}],"line":59},"34":{"loc":{"start":{"line":60,"column":1},"end":{"line":60,"column":84}},"type":"if","locations":[{"start":{"line":60,"column":1},"end":{"line":60,"column":84}},{"start":{"line":60,"column":1},"end":{"line":60,"column":84}}],"line":60},"35":{"loc":{"start":{"line":61,"column":1},"end":{"line":61,"column":75}},"type":"if","locations":[{"start":{"line":61,"column":1},"end":{"line":61,"column":75}},{"start":{"line":61,"column":1},"end":{"line":61,"column":75}}],"line":61},"36":{"loc":{"start":{"line":62,"column":1},"end":{"line":62,"column":99}},"type":"if","locations":[{"start":{"line":62,"column":1},"end":{"line":62,"column":99}},{"start":{"line":62,"column":1},"end":{"line":62,"column":99}}],"line":62},"37":{"loc":{"start":{"line":63,"column":1},"end":{"line":63,"column":90}},"type":"if","locations":[{"start":{"line":63,"column":1},"end":{"line":63,"column":90}},{"start":{"line":63,"column":1},"end":{"line":63,"column":90}}],"line":63},"38":{"loc":{"start":{"line":64,"column":1},"end":{"line":64,"column":84}},"type":"if","locations":[{"start":{"line":64,"column":1},"end":{"line":64,"column":84}},{"start":{"line":64,"column":1},"end":{"line":64,"column":84}}],"line":64},"39":{"loc":{"start":{"line":65,"column":1},"end":{"line":65,"column":96}},"type":"if","locations":[{"start":{"line":65,"column":1},"end":{"line":65,"column":96}},{"start":{"line":65,"column":1},"end":{"line":65,"column":96}}],"line":65},"40":{"loc":{"start":{"line":66,"column":1},"end":{"line":66,"column":90}},"type":"if","locations":[{"start":{"line":66,"column":1},"end":{"line":66,"column":90}},{"start":{"line":66,"column":1},"end":{"line":66,"column":90}}],"line":66},"41":{"loc":{"start":{"line":67,"column":1},"end":{"line":67,"column":99}},"type":"if","locations":[{"start":{"line":67,"column":1},"end":{"line":67,"column":99}},{"start":{"line":67,"column":1},"end":{"line":67,"column":99}}],"line":67},"42":{"loc":{"start":{"line":68,"column":1},"end":{"line":68,"column":84}},"type":"if","locations":[{"start":{"line":68,"column":1},"end":{"line":68,"column":84}},{"start":{"line":68,"column":1},"end":{"line":68,"column":84}}],"line":68},"43":{"loc":{"start":{"line":69,"column":1},"end":{"line":69,"column":72}},"type":"if","locations":[{"start":{"line":69,"column":1},"end":{"line":69,"column":72}},{"start":{"line":69,"column":1},"end":{"line":69,"column":72}}],"line":69},"44":{"loc":{"start":{"line":79,"column":1},"end":{"line":79,"column":75}},"type":"if","locations":[{"start":{"line":79,"column":1},"end":{"line":79,"column":75}},{"start":{"line":79,"column":1},"end":{"line":79,"column":75}}],"line":79}},"s":{"0":0,"1":0,"2":0,"3":0,"4":0,"5":0,"6":0,"7":0,"8":0,"9":0,"10":0,"11":0,"12":0,"13":0,"14":0,"15":0,"16":0,"17":0,"18":0,"19":0,"20":0,"21":0,"22":0,"23":0,"24":0,"25":0,"26":0,"27":0,"28":0,"29":0,"30":0,"31":0,"32":0,"33":0,"34":0,"35":0,"36":0,"37":0,"38":0,"39":0,"40":0,"41":0,"42":0,"43":0,"44":0,"45":0,"46":0,"47":0,"48":0,"49":0,"50":0,"51":0,"52":0,"53":0,"54":0,"55":0,"56":0,"57":0,"58":0,"59":0,"60":0,"61":0,"62":0,"63":0,"64":0,"65":0,"66":0,"67":0,"68":0,"69":0,"70":0,"71":0,"72":0,"73":0,"74":0,"75":0,"76":0,"77":0,"78":0,"79":0},"f":{"0":0,"1":0,"2":0,"3":0},"b":{"0":[0,0],"1":[0,0],"2":[0,0],"3":[0,0],"4":[0,0],"5":[0,0],"6":[0,0],"7":[0,0],"8":[0,0],"9":[0,0],"10":[0,0],"11":[0,0],"12":[0,0],"13":[0,0],"14":[0,0],"15":[0,0],"16":[0,0],"17":[0,0],"18":[0,0],"19":[0,0],"20":[0,0],"21":[0,0],"22":[0,0],"23":[0,0],"24":[0,0],"25":[0,0],"26":[0,0],"27":[0,0],"28":[0,0],"29":[0,0],"30":[0,0],"31":[0,0],"32":[0,0],"33":[0,0],"34":[0,0],"35":[0,0],"36":[0,0],"37":[0,0],"38":[0,0],"39":[0,0],"40":[0,0],"41":[0,0],"42":[0,0],"43":[0,0],"44":[0,0]}},"c:\\Users\\Quanga\\Documents\\GitHub\\aece-ver2a\\aece_ver2\\lib\\parsers\\data_list_parser.js":{"path":"c:\\Users\\Quanga\\Documents\\GitHub\\aece-ver2a\\aece_ver2\\lib\\parsers\\data_list_parser.js","statementMap":{"0":{"start":{"line":6,"column":1},"end":{"line":6,"column":35}},"1":{"start":{"line":9,"column":0},"end":{"line":58,"column":2}},"2":{"start":{"line":11,"column":14},"end":{"line":11,"column":18}},"3":{"start":{"line":12,"column":21},"end":{"line":12,"column":53}},"4":{"start":{"line":13,"column":15},"end":{"line":13,"column":32}},"5":{"start":{"line":15,"column":17},"end":{"line":15,"column":19}},"6":{"start":{"line":17,"column":1},"end":{"line":57,"column":2}},"7":{"start":{"line":19,"column":2},"end":{"line":19,"column":44}},"8":{"start":{"line":21,"column":14},"end":{"line":21,"column":15}},"9":{"start":{"line":23,"column":2},"end":{"line":24,"column":36}},"10":{"start":{"line":24,"column":3},"end":{"line":24,"column":36}},"11":{"start":{"line":26,"column":2},"end":{"line":49,"column":5}},"12":{"start":{"line":30,"column":20},"end":{"line":30,"column":24}},"13":{"start":{"line":32,"column":3},"end":{"line":35,"column":66}},"14":{"start":{"line":33,"column":4},"end":{"line":33,"column":61}},"15":{"start":{"line":35,"column":4},"end":{"line":35,"column":66}},"16":{"start":{"line":37,"column":20},"end":{"line":38,"column":85}},"17":{"start":{"line":40,"column":3},"end":{"line":40,"column":116}},"18":{"start":{"line":42,"column":3},"end":{"line":46,"column":58}},"19":{"start":{"line":44,"column":4},"end":{"line":44,"column":31}},"20":{"start":{"line":46,"column":4},"end":{"line":46,"column":58}},"21":{"start":{"line":48,"column":3},"end":{"line":48,"column":11}},"22":{"start":{"line":53,"column":2},"end":{"line":53,"column":28}},"23":{"start":{"line":55,"column":2},"end":{"line":55,"column":23}},"24":{"start":{"line":56,"column":2},"end":{"line":56,"column":16}},"25":{"start":{"line":60,"column":0},"end":{"line":99,"column":2}},"26":{"start":{"line":62,"column":12},"end":{"line":62,"column":16}},"27":{"start":{"line":63,"column":17},"end":{"line":63,"column":19}},"28":{"start":{"line":64,"column":15},"end":{"line":64,"column":16}},"29":{"start":{"line":66,"column":19},"end":{"line":66,"column":51}},"30":{"start":{"line":67,"column":13},"end":{"line":67,"column":30}},"31":{"start":{"line":69,"column":1},"end":{"line":98,"column":2}},"32":{"start":{"line":70,"column":2},"end":{"line":91,"column":5}},"33":{"start":{"line":72,"column":16},"end":{"line":72,"column":43}},"34":{"start":{"line":74,"column":3},"end":{"line":85,"column":4}},"35":{"start":{"line":76,"column":4},"end":{"line":76,"column":53}},"36":{"start":{"line":77,"column":4},"end":{"line":77,"column":65}},"37":{"start":{"line":78,"column":4},"end":{"line":78,"column":69}},"38":{"start":{"line":79,"column":4},"end":{"line":79,"column":10}},"39":{"start":{"line":82,"column":4},"end":{"line":82,"column":70}},"40":{"start":{"line":83,"column":4},"end":{"line":83,"column":66}},"41":{"start":{"line":84,"column":4},"end":{"line":84,"column":74}},"42":{"start":{"line":87,"column":3},"end":{"line":87,"column":72}},"43":{"start":{"line":89,"column":3},"end":{"line":89,"column":26}},"44":{"start":{"line":90,"column":3},"end":{"line":90,"column":13}},"45":{"start":{"line":93,"column":2},"end":{"line":93,"column":57}},"46":{"start":{"line":95,"column":2},"end":{"line":95,"column":28}},"47":{"start":{"line":97,"column":2},"end":{"line":97,"column":16}},"48":{"start":{"line":101,"column":0},"end":{"line":101,"column":32}}},"fnMap":{"0":{"name":"DataListParser","decl":{"start":{"line":5,"column":9},"end":{"line":5,"column":23}},"loc":{"start":{"line":5,"column":41},"end":{"line":7,"column":1}},"line":5},"1":{"name":"(anonymous_1)","decl":{"start":{"line":9,"column":33},"end":{"line":9,"column":34}},"loc":{"start":{"line":9,"column":74},"end":{"line":58,"column":1}},"line":9},"2":{"name":"(anonymous_2)","decl":{"start":{"line":26,"column":44},"end":{"line":26,"column":45}},"loc":{"start":{"line":26,"column":60},"end":{"line":49,"column":3}},"line":26},"3":{"name":"(anonymous_3)","decl":{"start":{"line":60,"column":41},"end":{"line":60,"column":42}},"loc":{"start":{"line":60,"column":86},"end":{"line":99,"column":1}},"line":60},"4":{"name":"(anonymous_4)","decl":{"start":{"line":70,"column":26},"end":{"line":70,"column":27}},"loc":{"start":{"line":70,"column":50},"end":{"line":91,"column":3}},"line":70}},"branchMap":{"0":{"loc":{"start":{"line":23,"column":2},"end":{"line":24,"column":36}},"type":"if","locations":[{"start":{"line":23,"column":2},"end":{"line":24,"column":36}},{"start":{"line":23,"column":2},"end":{"line":24,"column":36}}],"line":23},"1":{"loc":{"start":{"line":32,"column":3},"end":{"line":35,"column":66}},"type":"if","locations":[{"start":{"line":32,"column":3},"end":{"line":35,"column":66}},{"start":{"line":32,"column":3},"end":{"line":35,"column":66}}],"line":32},"2":{"loc":{"start":{"line":42,"column":3},"end":{"line":46,"column":58}},"type":"if","locations":[{"start":{"line":42,"column":3},"end":{"line":46,"column":58}},{"start":{"line":42,"column":3},"end":{"line":46,"column":58}}],"line":42},"3":{"loc":{"start":{"line":42,"column":7},"end":{"line":43,"column":152}},"type":"binary-expr","locations":[{"start":{"line":42,"column":8},"end":{"line":42,"column":37}},{"start":{"line":42,"column":43},"end":{"line":42,"column":72}},{"start":{"line":42,"column":78},"end":{"line":42,"column":107}},{"start":{"line":42,"column":113},"end":{"line":42,"column":142}},{"start":{"line":43,"column":17},"end":{"line":43,"column":46}},{"start":{"line":43,"column":52},"end":{"line":43,"column":81}},{"start":{"line":43,"column":87},"end":{"line":43,"column":116}},{"start":{"line":43,"column":122},"end":{"line":43,"column":151}}],"line":42},"4":{"loc":{"start":{"line":74,"column":3},"end":{"line":85,"column":4}},"type":"switch","locations":[{"start":{"line":75,"column":3},"end":{"line":79,"column":10}},{"start":{"line":80,"column":3},"end":{"line":84,"column":74}}],"line":74}},"s":{"0":0,"1":0,"2":0,"3":0,"4":0,"5":0,"6":0,"7":0,"8":0,"9":0,"10":0,"11":0,"12":0,"13":0,"14":0,"15":0,"16":0,"17":0,"18":0,"19":0,"20":0,"21":0,"22":0,"23":0,"24":0,"25":0,"26":0,"27":0,"28":0,"29":0,"30":0,"31":0,"32":0,"33":0,"34":0,"35":0,"36":0,"37":0,"38":0,"39":0,"40":0,"41":0,"42":0,"43":0,"44":0,"45":0,"46":0,"47":0,"48":0},"f":{"0":0,"1":0,"2":0,"3":0,"4":0},"b":{"0":[0,0],"1":[0,0],"2":[0,0],"3":[0,0,0,0,0,0,0,0],"4":[0,0]}},"c:\\Users\\Quanga\\Documents\\GitHub\\aece-ver2a\\aece_ver2\\lib\\parsers\\data_parser.js":{"path":"c:\\Users\\Quanga\\Documents\\GitHub\\aece-ver2a\\aece_ver2\\lib\\parsers\\data_parser.js","statementMap":{"0":{"start":{"line":6,"column":1},"end":{"line":6,"column":35}},"1":{"start":{"line":9,"column":0},"end":{"line":32,"column":2}},"2":{"start":{"line":11,"column":17},"end":{"line":11,"column":19}},"3":{"start":{"line":12,"column":12},"end":{"line":12,"column":16}},"4":{"start":{"line":14,"column":19},"end":{"line":14,"column":51}},"5":{"start":{"line":15,"column":13},"end":{"line":15,"column":30}},"6":{"start":{"line":17,"column":1},"end":{"line":31,"column":2}},"7":{"start":{"line":18,"column":2},"end":{"line":18,"column":39}},"8":{"start":{"line":21,"column":15},"end":{"line":23,"column":31}},"9":{"start":{"line":25,"column":2},"end":{"line":25,"column":25}},"10":{"start":{"line":27,"column":2},"end":{"line":27,"column":28}},"11":{"start":{"line":30,"column":2},"end":{"line":30,"column":16}},"12":{"start":{"line":34,"column":0},"end":{"line":64,"column":2}},"13":{"start":{"line":36,"column":12},"end":{"line":36,"column":16}},"14":{"start":{"line":37,"column":17},"end":{"line":37,"column":19}},"15":{"start":{"line":38,"column":15},"end":{"line":38,"column":16}},"16":{"start":{"line":40,"column":19},"end":{"line":40,"column":51}},"17":{"start":{"line":41,"column":13},"end":{"line":41,"column":30}},"18":{"start":{"line":43,"column":1},"end":{"line":63,"column":2}},"19":{"start":{"line":44,"column":2},"end":{"line":56,"column":5}},"20":{"start":{"line":46,"column":16},"end":{"line":46,"column":43}},"21":{"start":{"line":48,"column":3},"end":{"line":48,"column":52}},"22":{"start":{"line":49,"column":3},"end":{"line":49,"column":72}},"23":{"start":{"line":50,"column":3},"end":{"line":50,"column":65}},"24":{"start":{"line":51,"column":3},"end":{"line":51,"column":64}},"25":{"start":{"line":52,"column":3},"end":{"line":52,"column":68}},"26":{"start":{"line":54,"column":3},"end":{"line":54,"column":26}},"27":{"start":{"line":55,"column":3},"end":{"line":55,"column":13}},"28":{"start":{"line":58,"column":2},"end":{"line":58,"column":52}},"29":{"start":{"line":60,"column":2},"end":{"line":60,"column":28}},"30":{"start":{"line":62,"column":2},"end":{"line":62,"column":16}},"31":{"start":{"line":66,"column":0},"end":{"line":66,"column":28}}},"fnMap":{"0":{"name":"DataParser","decl":{"start":{"line":5,"column":9},"end":{"line":5,"column":19}},"loc":{"start":{"line":5,"column":37},"end":{"line":7,"column":1}},"line":5},"1":{"name":"(anonymous_1)","decl":{"start":{"line":9,"column":29},"end":{"line":9,"column":30}},"loc":{"start":{"line":9,"column":70},"end":{"line":32,"column":1}},"line":9},"2":{"name":"(anonymous_2)","decl":{"start":{"line":34,"column":37},"end":{"line":34,"column":38}},"loc":{"start":{"line":34,"column":82},"end":{"line":64,"column":1}},"line":34},"3":{"name":"(anonymous_3)","decl":{"start":{"line":44,"column":26},"end":{"line":44,"column":27}},"loc":{"start":{"line":44,"column":50},"end":{"line":56,"column":3}},"line":44}},"branchMap":{},"s":{"0":0,"1":0,"2":0,"3":0,"4":0,"5":0,"6":0,"7":0,"8":0,"9":0,"10":0,"11":0,"12":0,"13":0,"14":0,"15":0,"16":0,"17":0,"18":0,"19":0,"20":0,"21":0,"22":0,"23":0,"24":0,"25":0,"26":0,"27":0,"28":0,"29":0,"30":0,"31":0},"f":{"0":0,"1":0,"2":0,"3":0},"b":{}},"c:\\Users\\Quanga\\Documents\\GitHub\\aece-ver2a\\aece_ver2\\lib\\parsers\\mock_happn.js":{"path":"c:\\Users\\Quanga\\Documents\\GitHub\\aece-ver2a\\aece_ver2\\lib\\parsers\\mock_happn.js","statementMap":{"0":{"start":{"line":5,"column":11},"end":{"line":5,"column":26}},"1":{"start":{"line":6,"column":0},"end":{"line":8,"column":3}},"2":{"start":{"line":11,"column":16},"end":{"line":13,"column":1}},"3":{"start":{"line":12,"column":1},"end":{"line":12,"column":24}},"4":{"start":{"line":15,"column":0},"end":{"line":27,"column":3}},"5":{"start":{"line":17,"column":2},"end":{"line":25,"column":4}},"6":{"start":{"line":19,"column":4},"end":{"line":19,"column":25}},"7":{"start":{"line":20,"column":4},"end":{"line":20,"column":16}},"8":{"start":{"line":23,"column":4},"end":{"line":23,"column":25}},"9":{"start":{"line":29,"column":0},"end":{"line":50,"column":3}},"10":{"start":{"line":31,"column":2},"end":{"line":48,"column":4}},"11":{"start":{"line":52,"column":0},"end":{"line":133,"column":3}},"12":{"start":{"line":54,"column":13},"end":{"line":54,"column":17}},"13":{"start":{"line":56,"column":2},"end":{"line":131,"column":4}},"14":{"start":{"line":59,"column":5},"end":{"line":62,"column":8}},"15":{"start":{"line":60,"column":6},"end":{"line":60,"column":34}},"16":{"start":{"line":61,"column":6},"end":{"line":61,"column":30}},"17":{"start":{"line":65,"column":5},"end":{"line":67,"column":8}},"18":{"start":{"line":66,"column":6},"end":{"line":66,"column":37}},"19":{"start":{"line":70,"column":5},"end":{"line":72,"column":8}},"20":{"start":{"line":71,"column":6},"end":{"line":71,"column":43}},"21":{"start":{"line":77,"column":5},"end":{"line":77,"column":40}},"22":{"start":{"line":78,"column":5},"end":{"line":78,"column":29}},"23":{"start":{"line":81,"column":5},"end":{"line":81,"column":43}},"24":{"start":{"line":84,"column":5},"end":{"line":86,"column":8}},"25":{"start":{"line":85,"column":6},"end":{"line":85,"column":16}},"26":{"start":{"line":91,"column":5},"end":{"line":93,"column":8}},"27":{"start":{"line":92,"column":6},"end":{"line":92,"column":17}},"28":{"start":{"line":96,"column":5},"end":{"line":98,"column":8}},"29":{"start":{"line":97,"column":6},"end":{"line":97,"column":20}},"30":{"start":{"line":103,"column":5},"end":{"line":107,"column":8}},"31":{"start":{"line":104,"column":6},"end":{"line":106,"column":9}},"32":{"start":{"line":112,"column":5},"end":{"line":119,"column":8}},"33":{"start":{"line":113,"column":6},"end":{"line":118,"column":9}},"34":{"start":{"line":115,"column":8},"end":{"line":115,"column":20}},"35":{"start":{"line":124,"column":5},"end":{"line":128,"column":8}},"36":{"start":{"line":125,"column":6},"end":{"line":127,"column":9}},"37":{"start":{"line":126,"column":7},"end":{"line":126,"column":19}},"38":{"start":{"line":135,"column":0},"end":{"line":135,"column":27}}},"fnMap":{"0":{"name":"(anonymous_0)","decl":{"start":{"line":11,"column":16},"end":{"line":11,"column":17}},"loc":{"start":{"line":11,"column":28},"end":{"line":13,"column":1}},"line":11},"1":{"name":"(anonymous_1)","decl":{"start":{"line":16,"column":6},"end":{"line":16,"column":7}},"loc":{"start":{"line":16,"column":18},"end":{"line":26,"column":2}},"line":16},"2":{"name":"(anonymous_2)","decl":{"start":{"line":18,"column":10},"end":{"line":18,"column":11}},"loc":{"start":{"line":18,"column":34},"end":{"line":21,"column":4}},"line":18},"3":{"name":"(anonymous_3)","decl":{"start":{"line":22,"column":9},"end":{"line":22,"column":10}},"loc":{"start":{"line":22,"column":28},"end":{"line":24,"column":4}},"line":22},"4":{"name":"(anonymous_4)","decl":{"start":{"line":30,"column":6},"end":{"line":30,"column":7}},"loc":{"start":{"line":30,"column":18},"end":{"line":49,"column":2}},"line":30},"5":{"name":"(anonymous_5)","decl":{"start":{"line":53,"column":6},"end":{"line":53,"column":7}},"loc":{"start":{"line":53,"column":18},"end":{"line":132,"column":2}},"line":53},"6":{"name":"(anonymous_6)","decl":{"start":{"line":58,"column":12},"end":{"line":58,"column":13}},"loc":{"start":{"line":58,"column":24},"end":{"line":63,"column":5}},"line":58},"7":{"name":"(anonymous_7)","decl":{"start":{"line":59,"column":24},"end":{"line":59,"column":25}},"loc":{"start":{"line":59,"column":43},"end":{"line":62,"column":6}},"line":59},"8":{"name":"(anonymous_8)","decl":{"start":{"line":64,"column":9},"end":{"line":64,"column":10}},"loc":{"start":{"line":64,"column":21},"end":{"line":68,"column":5}},"line":64},"9":{"name":"(anonymous_9)","decl":{"start":{"line":65,"column":24},"end":{"line":65,"column":25}},"loc":{"start":{"line":65,"column":43},"end":{"line":67,"column":6}},"line":65},"10":{"name":"(anonymous_10)","decl":{"start":{"line":69,"column":10},"end":{"line":69,"column":11}},"loc":{"start":{"line":69,"column":26},"end":{"line":73,"column":5}},"line":69},"11":{"name":"(anonymous_11)","decl":{"start":{"line":70,"column":24},"end":{"line":70,"column":25}},"loc":{"start":{"line":70,"column":43},"end":{"line":72,"column":6}},"line":70},"12":{"name":"(anonymous_12)","decl":{"start":{"line":76,"column":12},"end":{"line":76,"column":13}},"loc":{"start":{"line":76,"column":32},"end":{"line":79,"column":5}},"line":76},"13":{"name":"(anonymous_13)","decl":{"start":{"line":80,"column":9},"end":{"line":80,"column":10}},"loc":{"start":{"line":80,"column":29},"end":{"line":82,"column":5}},"line":80},"14":{"name":"(anonymous_14)","decl":{"start":{"line":83,"column":10},"end":{"line":83,"column":11}},"loc":{"start":{"line":83,"column":26},"end":{"line":87,"column":5}},"line":83},"15":{"name":"(anonymous_15)","decl":{"start":{"line":84,"column":24},"end":{"line":84,"column":25}},"loc":{"start":{"line":84,"column":43},"end":{"line":86,"column":6}},"line":84},"16":{"name":"(anonymous_16)","decl":{"start":{"line":90,"column":21},"end":{"line":90,"column":22}},"loc":{"start":{"line":90,"column":39},"end":{"line":94,"column":5}},"line":90},"17":{"name":"(anonymous_17)","decl":{"start":{"line":91,"column":24},"end":{"line":91,"column":25}},"loc":{"start":{"line":91,"column":43},"end":{"line":93,"column":6}},"line":91},"18":{"name":"(anonymous_18)","decl":{"start":{"line":95,"column":23},"end":{"line":95,"column":24}},"loc":{"start":{"line":95,"column":39},"end":{"line":99,"column":5}},"line":95},"19":{"name":"(anonymous_19)","decl":{"start":{"line":96,"column":24},"end":{"line":96,"column":25}},"loc":{"start":{"line":96,"column":43},"end":{"line":98,"column":6}},"line":96},"20":{"name":"(anonymous_20)","decl":{"start":{"line":102,"column":17},"end":{"line":102,"column":18}},"loc":{"start":{"line":102,"column":36},"end":{"line":108,"column":5}},"line":102},"21":{"name":"(anonymous_21)","decl":{"start":{"line":103,"column":24},"end":{"line":103,"column":25}},"loc":{"start":{"line":103,"column":43},"end":{"line":107,"column":6}},"line":103},"22":{"name":"(anonymous_22)","decl":{"start":{"line":111,"column":17},"end":{"line":111,"column":18}},"loc":{"start":{"line":111,"column":29},"end":{"line":120,"column":5}},"line":111},"23":{"name":"(anonymous_23)","decl":{"start":{"line":112,"column":24},"end":{"line":112,"column":25}},"loc":{"start":{"line":112,"column":43},"end":{"line":119,"column":6}},"line":112},"24":{"name":"(anonymous_24)","decl":{"start":{"line":114,"column":11},"end":{"line":114,"column":12}},"loc":{"start":{"line":114,"column":41},"end":{"line":116,"column":8}},"line":114},"25":{"name":"(anonymous_25)","decl":{"start":{"line":123,"column":33},"end":{"line":123,"column":34}},"loc":{"start":{"line":123,"column":45},"end":{"line":129,"column":5}},"line":123},"26":{"name":"(anonymous_26)","decl":{"start":{"line":124,"column":24},"end":{"line":124,"column":25}},"loc":{"start":{"line":124,"column":43},"end":{"line":128,"column":6}},"line":124},"27":{"name":"(anonymous_27)","decl":{"start":{"line":125,"column":14},"end":{"line":125,"column":15}},"loc":{"start":{"line":125,"column":26},"end":{"line":127,"column":7}},"line":125}},"branchMap":{},"s":{"0":0,"1":0,"2":0,"3":0,"4":0,"5":0,"6":0,"7":0,"8":0,"9":0,"10":0,"11":0,"12":0,"13":0,"14":0,"15":0,"16":0,"17":0,"18":0,"19":0,"20":0,"21":0,"22":0,"23":0,"24":0,"25":0,"26":0,"27":0,"28":0,"29":0,"30":0,"31":0,"32":0,"33":0,"34":0,"35":0,"36":0,"37":0,"38":0},"f":{"0":0,"1":0,"2":0,"3":0,"4":0,"5":0,"6":0,"7":0,"8":0,"9":0,"10":0,"11":0,"12":0,"13":0,"14":0,"15":0,"16":0,"17":0,"18":0,"19":0,"20":0,"21":0,"22":0,"23":0,"24":0,"25":0,"26":0,"27":0},"b":{}},"c:\\Users\\Quanga\\Documents\\GitHub\\aece-ver2a\\aece_ver2\\lib\\parsers\\parser_factory.js":{"path":"c:\\Users\\Quanga\\Documents\\GitHub\\aece-ver2a\\aece_ver2\\lib\\parsers\\parser_factory.js","statementMap":{"0":{"start":{"line":9,"column":19},"end":{"line":9,"column":60}},"1":{"start":{"line":10,"column":1},"end":{"line":10,"column":36}},"2":{"start":{"line":15,"column":0},"end":{"line":50,"column":2}},"3":{"start":{"line":17,"column":1},"end":{"line":49,"column":4}},"4":{"start":{"line":19,"column":27},"end":{"line":19,"column":58}},"5":{"start":{"line":20,"column":25},"end":{"line":20,"column":54}},"6":{"start":{"line":21,"column":24},"end":{"line":21,"column":52}},"7":{"start":{"line":22,"column":28},"end":{"line":22,"column":61}},"8":{"start":{"line":23,"column":21},"end":{"line":23,"column":45}},"9":{"start":{"line":25,"column":2},"end":{"line":48,"column":3}},"10":{"start":{"line":26,"column":25},"end":{"line":26,"column":80}},"11":{"start":{"line":27,"column":16},"end":{"line":27,"column":20}},"12":{"start":{"line":29,"column":3},"end":{"line":44,"column":4}},"13":{"start":{"line":31,"column":4},"end":{"line":31,"column":51}},"14":{"start":{"line":32,"column":4},"end":{"line":32,"column":10}},"15":{"start":{"line":34,"column":4},"end":{"line":34,"column":49}},"16":{"start":{"line":35,"column":4},"end":{"line":35,"column":10}},"17":{"start":{"line":37,"column":4},"end":{"line":37,"column":48}},"18":{"start":{"line":38,"column":4},"end":{"line":38,"column":10}},"19":{"start":{"line":40,"column":4},"end":{"line":40,"column":52}},"20":{"start":{"line":41,"column":4},"end":{"line":41,"column":10}},"21":{"start":{"line":43,"column":4},"end":{"line":43,"column":45}},"22":{"start":{"line":45,"column":3},"end":{"line":45,"column":19}},"23":{"start":{"line":47,"column":3},"end":{"line":47,"column":15}},"24":{"start":{"line":52,"column":0},"end":{"line":52,"column":31}}},"fnMap":{"0":{"name":"ParserFactory","decl":{"start":{"line":8,"column":9},"end":{"line":8,"column":22}},"loc":{"start":{"line":8,"column":25},"end":{"line":11,"column":1}},"line":8},"1":{"name":"(anonymous_1)","decl":{"start":{"line":15,"column":36},"end":{"line":15,"column":37}},"loc":{"start":{"line":15,"column":63},"end":{"line":50,"column":1}},"line":15},"2":{"name":"(anonymous_2)","decl":{"start":{"line":17,"column":20},"end":{"line":17,"column":21}},"loc":{"start":{"line":17,"column":41},"end":{"line":49,"column":2}},"line":17}},"branchMap":{"0":{"loc":{"start":{"line":29,"column":3},"end":{"line":44,"column":4}},"type":"switch","locations":[{"start":{"line":30,"column":3},"end":{"line":32,"column":10}},{"start":{"line":33,"column":3},"end":{"line":35,"column":10}},{"start":{"line":36,"column":3},"end":{"line":38,"column":10}},{"start":{"line":39,"column":3},"end":{"line":41,"column":10}},{"start":{"line":42,"column":3},"end":{"line":43,"column":45}}],"line":29}},"s":{"0":0,"1":0,"2":0,"3":0,"4":0,"5":0,"6":0,"7":0,"8":0,"9":0,"10":0,"11":0,"12":0,"13":0,"14":0,"15":0,"16":0,"17":0,"18":0,"19":0,"20":0,"21":0,"22":0,"23":0,"24":0},"f":{"0":0,"1":0,"2":0},"b":{"0":[0,0,0,0,0]}},"c:\\Users\\Quanga\\Documents\\GitHub\\aece-ver2a\\aece_ver2\\lib\\parsers\\serial_list_parser.js":{"path":"c:\\Users\\Quanga\\Documents\\GitHub\\aece-ver2a\\aece_ver2\\lib\\parsers\\serial_list_parser.js","statementMap":{"0":{"start":{"line":6,"column":1},"end":{"line":6,"column":35}},"1":{"start":{"line":9,"column":0},"end":{"line":55,"column":2}},"2":{"start":{"line":11,"column":14},"end":{"line":11,"column":18}},"3":{"start":{"line":12,"column":17},"end":{"line":12,"column":19}},"4":{"start":{"line":13,"column":11},"end":{"line":13,"column":12}},"5":{"start":{"line":15,"column":21},"end":{"line":15,"column":53}},"6":{"start":{"line":16,"column":13},"end":{"line":16,"column":30}},"7":{"start":{"line":18,"column":1},"end":{"line":53,"column":2}},"8":{"start":{"line":19,"column":2},"end":{"line":19,"column":46}},"9":{"start":{"line":22,"column":15},"end":{"line":23,"column":117}},"10":{"start":{"line":25,"column":2},"end":{"line":25,"column":25}},"11":{"start":{"line":27,"column":2},"end":{"line":28,"column":36}},"12":{"start":{"line":28,"column":3},"end":{"line":28,"column":36}},"13":{"start":{"line":31,"column":2},"end":{"line":43,"column":5}},"14":{"start":{"line":33,"column":3},"end":{"line":33,"column":9}},"15":{"start":{"line":35,"column":16},"end":{"line":36,"column":128}},"16":{"start":{"line":38,"column":3},"end":{"line":40,"column":4}},"17":{"start":{"line":39,"column":4},"end":{"line":39,"column":27}},"18":{"start":{"line":45,"column":2},"end":{"line":45,"column":31}},"19":{"start":{"line":49,"column":2},"end":{"line":49,"column":28}},"20":{"start":{"line":52,"column":2},"end":{"line":52,"column":16}},"21":{"start":{"line":57,"column":0},"end":{"line":103,"column":2}},"22":{"start":{"line":59,"column":12},"end":{"line":59,"column":16}},"23":{"start":{"line":60,"column":17},"end":{"line":60,"column":19}},"24":{"start":{"line":61,"column":15},"end":{"line":61,"column":16}},"25":{"start":{"line":63,"column":19},"end":{"line":63,"column":51}},"26":{"start":{"line":64,"column":13},"end":{"line":64,"column":30}},"27":{"start":{"line":66,"column":1},"end":{"line":102,"column":2}},"28":{"start":{"line":67,"column":2},"end":{"line":95,"column":5}},"29":{"start":{"line":69,"column":16},"end":{"line":69,"column":43}},"30":{"start":{"line":71,"column":3},"end":{"line":91,"column":4}},"31":{"start":{"line":73,"column":4},"end":{"line":73,"column":53}},"32":{"start":{"line":74,"column":4},"end":{"line":74,"column":49}},"33":{"start":{"line":75,"column":4},"end":{"line":75,"column":53}},"34":{"start":{"line":76,"column":4},"end":{"line":76,"column":56}},"35":{"start":{"line":77,"column":4},"end":{"line":77,"column":10}},"36":{"start":{"line":79,"column":4},"end":{"line":79,"column":65}},"37":{"start":{"line":80,"column":4},"end":{"line":80,"column":136}},"38":{"start":{"line":81,"column":4},"end":{"line":81,"column":66}},"39":{"start":{"line":82,"column":4},"end":{"line":82,"column":69}},"40":{"start":{"line":83,"column":4},"end":{"line":83,"column":94}},"41":{"start":{"line":84,"column":4},"end":{"line":84,"column":10}},"42":{"start":{"line":86,"column":4},"end":{"line":86,"column":65}},"43":{"start":{"line":87,"column":4},"end":{"line":87,"column":136}},"44":{"start":{"line":88,"column":4},"end":{"line":88,"column":66}},"45":{"start":{"line":89,"column":4},"end":{"line":89,"column":69}},"46":{"start":{"line":90,"column":4},"end":{"line":90,"column":94}},"47":{"start":{"line":93,"column":3},"end":{"line":93,"column":26}},"48":{"start":{"line":94,"column":3},"end":{"line":94,"column":13}},"49":{"start":{"line":97,"column":2},"end":{"line":97,"column":59}},"50":{"start":{"line":99,"column":2},"end":{"line":99,"column":28}},"51":{"start":{"line":101,"column":2},"end":{"line":101,"column":16}},"52":{"start":{"line":105,"column":0},"end":{"line":105,"column":34}}},"fnMap":{"0":{"name":"SerialListParser","decl":{"start":{"line":5,"column":9},"end":{"line":5,"column":25}},"loc":{"start":{"line":5,"column":43},"end":{"line":7,"column":1}},"line":5},"1":{"name":"(anonymous_1)","decl":{"start":{"line":9,"column":35},"end":{"line":9,"column":36}},"loc":{"start":{"line":9,"column":76},"end":{"line":55,"column":1}},"line":9},"2":{"name":"(anonymous_2)","decl":{"start":{"line":31,"column":44},"end":{"line":31,"column":45}},"loc":{"start":{"line":31,"column":60},"end":{"line":43,"column":3}},"line":31},"3":{"name":"(anonymous_3)","decl":{"start":{"line":57,"column":43},"end":{"line":57,"column":44}},"loc":{"start":{"line":57,"column":88},"end":{"line":103,"column":1}},"line":57},"4":{"name":"(anonymous_4)","decl":{"start":{"line":67,"column":26},"end":{"line":67,"column":27}},"loc":{"start":{"line":67,"column":50},"end":{"line":95,"column":3}},"line":67}},"branchMap":{"0":{"loc":{"start":{"line":27,"column":2},"end":{"line":28,"column":36}},"type":"if","locations":[{"start":{"line":27,"column":2},"end":{"line":28,"column":36}},{"start":{"line":27,"column":2},"end":{"line":28,"column":36}}],"line":27},"1":{"loc":{"start":{"line":38,"column":3},"end":{"line":40,"column":4}},"type":"if","locations":[{"start":{"line":38,"column":3},"end":{"line":40,"column":4}},{"start":{"line":38,"column":3},"end":{"line":40,"column":4}}],"line":38},"2":{"loc":{"start":{"line":71,"column":3},"end":{"line":91,"column":4}},"type":"switch","locations":[{"start":{"line":72,"column":3},"end":{"line":77,"column":10}},{"start":{"line":78,"column":3},"end":{"line":84,"column":10}},{"start":{"line":85,"column":3},"end":{"line":90,"column":94}}],"line":71},"3":{"loc":{"start":{"line":80,"column":20},"end":{"line":80,"column":135}},"type":"cond-expr","locations":[{"start":{"line":80,"column":42},"end":{"line":80,"column":100}},{"start":{"line":80,"column":103},"end":{"line":80,"column":135}}],"line":80},"4":{"loc":{"start":{"line":83,"column":23},"end":{"line":83,"column":93}},"type":"cond-expr","locations":[{"start":{"line":83,"column":55},"end":{"line":83,"column":86}},{"start":{"line":83,"column":89},"end":{"line":83,"column":93}}],"line":83},"5":{"loc":{"start":{"line":87,"column":20},"end":{"line":87,"column":135}},"type":"cond-expr","locations":[{"start":{"line":87,"column":42},"end":{"line":87,"column":100}},{"start":{"line":87,"column":103},"end":{"line":87,"column":135}}],"line":87},"6":{"loc":{"start":{"line":90,"column":23},"end":{"line":90,"column":93}},"type":"cond-expr","locations":[{"start":{"line":90,"column":55},"end":{"line":90,"column":86}},{"start":{"line":90,"column":89},"end":{"line":90,"column":93}}],"line":90}},"s":{"0":0,"1":0,"2":0,"3":0,"4":0,"5":0,"6":0,"7":0,"8":0,"9":0,"10":0,"11":0,"12":0,"13":0,"14":0,"15":0,"16":0,"17":0,"18":0,"19":0,"20":0,"21":0,"22":0,"23":0,"24":0,"25":0,"26":0,"27":0,"28":0,"29":0,"30":0,"31":0,"32":0,"33":0,"34":0,"35":0,"36":0,"37":0,"38":0,"39":0,"40":0,"41":0,"42":0,"43":0,"44":0,"45":0,"46":0,"47":0,"48":0,"49":0,"50":0,"51":0,"52":0},"f":{"0":0,"1":0,"2":0,"3":0,"4":0},"b":{"0":[0,0],"1":[0,0],"2":[0,0,0],"3":[0,0],"4":[0,0],"5":[0,0],"6":[0,0]}},"c:\\Users\\Quanga\\Documents\\GitHub\\aece-ver2a\\aece_ver2\\lib\\parsers\\uid_data_list_parser.js":{"path":"c:\\Users\\Quanga\\Documents\\GitHub\\aece-ver2a\\aece_ver2\\lib\\parsers\\uid_data_list_parser.js","statementMap":{"0":{"start":{"line":6,"column":1},"end":{"line":6,"column":35}},"1":{"start":{"line":9,"column":0},"end":{"line":50,"column":2}},"2":{"start":{"line":11,"column":17},"end":{"line":11,"column":19}},"3":{"start":{"line":12,"column":12},"end":{"line":12,"column":16}},"4":{"start":{"line":14,"column":19},"end":{"line":14,"column":51}},"5":{"start":{"line":15,"column":13},"end":{"line":15,"column":30}},"6":{"start":{"line":17,"column":1},"end":{"line":49,"column":2}},"7":{"start":{"line":19,"column":2},"end":{"line":19,"column":49}},"8":{"start":{"line":21,"column":14},"end":{"line":21,"column":15}},"9":{"start":{"line":23,"column":2},"end":{"line":40,"column":5}},"10":{"start":{"line":27,"column":20},"end":{"line":27,"column":24}},"11":{"start":{"line":28,"column":3},"end":{"line":38,"column":4}},"12":{"start":{"line":29,"column":31},"end":{"line":29,"column":57}},"13":{"start":{"line":30,"column":4},"end":{"line":30,"column":61}},"14":{"start":{"line":31,"column":4},"end":{"line":32,"column":141}},"15":{"start":{"line":34,"column":31},"end":{"line":34,"column":57}},"16":{"start":{"line":35,"column":4},"end":{"line":35,"column":66}},"17":{"start":{"line":36,"column":4},"end":{"line":37,"column":169}},"18":{"start":{"line":39,"column":3},"end":{"line":39,"column":11}},"19":{"start":{"line":44,"column":2},"end":{"line":44,"column":28}},"20":{"start":{"line":47,"column":2},"end":{"line":47,"column":23}},"21":{"start":{"line":48,"column":2},"end":{"line":48,"column":16}},"22":{"start":{"line":52,"column":0},"end":{"line":90,"column":2}},"23":{"start":{"line":54,"column":12},"end":{"line":54,"column":16}},"24":{"start":{"line":55,"column":17},"end":{"line":55,"column":19}},"25":{"start":{"line":56,"column":15},"end":{"line":56,"column":16}},"26":{"start":{"line":58,"column":19},"end":{"line":58,"column":51}},"27":{"start":{"line":59,"column":13},"end":{"line":59,"column":30}},"28":{"start":{"line":61,"column":1},"end":{"line":89,"column":2}},"29":{"start":{"line":62,"column":2},"end":{"line":84,"column":5}},"30":{"start":{"line":64,"column":16},"end":{"line":64,"column":43}},"31":{"start":{"line":66,"column":3},"end":{"line":80,"column":4}},"32":{"start":{"line":68,"column":4},"end":{"line":68,"column":53}},"33":{"start":{"line":69,"column":4},"end":{"line":69,"column":65}},"34":{"start":{"line":70,"column":4},"end":{"line":70,"column":69}},"35":{"start":{"line":71,"column":4},"end":{"line":71,"column":49}},"36":{"start":{"line":72,"column":4},"end":{"line":72,"column":10}},"37":{"start":{"line":75,"column":4},"end":{"line":75,"column":70}},"38":{"start":{"line":76,"column":4},"end":{"line":76,"column":66}},"39":{"start":{"line":77,"column":4},"end":{"line":77,"column":77}},"40":{"start":{"line":78,"column":4},"end":{"line":78,"column":74}},"41":{"start":{"line":79,"column":4},"end":{"line":79,"column":58}},"42":{"start":{"line":81,"column":3},"end":{"line":81,"column":72}},"43":{"start":{"line":82,"column":3},"end":{"line":82,"column":26}},"44":{"start":{"line":83,"column":3},"end":{"line":83,"column":13}},"45":{"start":{"line":85,"column":2},"end":{"line":85,"column":25}},"46":{"start":{"line":86,"column":2},"end":{"line":86,"column":28}},"47":{"start":{"line":88,"column":2},"end":{"line":88,"column":16}},"48":{"start":{"line":92,"column":0},"end":{"line":92,"column":32}}},"fnMap":{"0":{"name":"DataListParser","decl":{"start":{"line":5,"column":9},"end":{"line":5,"column":23}},"loc":{"start":{"line":5,"column":41},"end":{"line":7,"column":1}},"line":5},"1":{"name":"(anonymous_1)","decl":{"start":{"line":9,"column":33},"end":{"line":9,"column":34}},"loc":{"start":{"line":9,"column":74},"end":{"line":50,"column":1}},"line":9},"2":{"name":"(anonymous_2)","decl":{"start":{"line":23,"column":44},"end":{"line":23,"column":45}},"loc":{"start":{"line":23,"column":60},"end":{"line":40,"column":3}},"line":23},"3":{"name":"(anonymous_3)","decl":{"start":{"line":52,"column":41},"end":{"line":52,"column":42}},"loc":{"start":{"line":52,"column":86},"end":{"line":90,"column":1}},"line":52},"4":{"name":"(anonymous_4)","decl":{"start":{"line":62,"column":26},"end":{"line":62,"column":27}},"loc":{"start":{"line":62,"column":50},"end":{"line":84,"column":3}},"line":62}},"branchMap":{"0":{"loc":{"start":{"line":28,"column":3},"end":{"line":38,"column":4}},"type":"if","locations":[{"start":{"line":28,"column":3},"end":{"line":38,"column":4}},{"start":{"line":28,"column":3},"end":{"line":38,"column":4}}],"line":28},"1":{"loc":{"start":{"line":66,"column":3},"end":{"line":80,"column":4}},"type":"switch","locations":[{"start":{"line":67,"column":3},"end":{"line":72,"column":10}},{"start":{"line":73,"column":3},"end":{"line":79,"column":58}}],"line":66}},"s":{"0":0,"1":0,"2":0,"3":0,"4":0,"5":0,"6":0,"7":0,"8":0,"9":0,"10":0,"11":0,"12":0,"13":0,"14":0,"15":0,"16":0,"17":0,"18":0,"19":0,"20":0,"21":0,"22":0,"23":0,"24":0,"25":0,"26":0,"27":0,"28":0,"29":0,"30":0,"31":0,"32":0,"33":0,"34":0,"35":0,"36":0,"37":0,"38":0,"39":0,"40":0,"41":0,"42":0,"43":0,"44":0,"45":0,"46":0,"47":0,"48":0},"f":{"0":0,"1":0,"2":0,"3":0,"4":0},"b":{"0":[0,0],"1":[0,0]}},"c:\\Users\\Quanga\\Documents\\GitHub\\aece-ver2a\\aece_ver2\\lib\\parsers\\uid_list_parser.js":{"path":"c:\\Users\\Quanga\\Documents\\GitHub\\aece-ver2a\\aece_ver2\\lib\\parsers\\uid_list_parser.js","statementMap":{"0":{"start":{"line":6,"column":1},"end":{"line":6,"column":35}},"1":{"start":{"line":9,"column":0},"end":{"line":46,"column":2}},"2":{"start":{"line":11,"column":17},"end":{"line":11,"column":19}},"3":{"start":{"line":12,"column":12},"end":{"line":12,"column":16}},"4":{"start":{"line":13,"column":11},"end":{"line":13,"column":12}},"5":{"start":{"line":15,"column":19},"end":{"line":15,"column":51}},"6":{"start":{"line":16,"column":13},"end":{"line":16,"column":30}},"7":{"start":{"line":18,"column":1},"end":{"line":44,"column":2}},"8":{"start":{"line":19,"column":2},"end":{"line":19,"column":43}},"9":{"start":{"line":22,"column":15},"end":{"line":23,"column":117}},"10":{"start":{"line":24,"column":2},"end":{"line":24,"column":23}},"11":{"start":{"line":25,"column":2},"end":{"line":25,"column":25}},"12":{"start":{"line":28,"column":2},"end":{"line":35,"column":5}},"13":{"start":{"line":29,"column":3},"end":{"line":29,"column":9}},"14":{"start":{"line":30,"column":25},"end":{"line":30,"column":53}},"15":{"start"
[...]
mn":94}},"131":{"start":{"line":290,"column":29},"end":{"line":290,"column":94}},"132":{"start":{"line":297,"column":0},"end":{"line":309,"column":2}},"133":{"start":{"line":298,"column":12},"end":{"line":298,"column":32}},"134":{"start":{"line":299,"column":23},"end":{"line":299,"column":27}},"135":{"start":{"line":301,"column":1},"end":{"line":307,"column":2}},"136":{"start":{"line":302,"column":2},"end":{"line":302,"column":41}},"137":{"start":{"line":304,"column":2},"end":{"line":304,"column":42}},"138":{"start":{"line":305,"column":2},"end":{"line":305,"column":42}},"139":{"start":{"line":306,"column":2},"end":{"line":306,"column":49}},"140":{"start":{"line":308,"column":1},"end":{"line":308,"column":24}},"141":{"start":{"line":311,"column":0},"end":{"line":326,"column":2}},"142":{"start":{"line":312,"column":1},"end":{"line":325,"column":3}},"143":{"start":{"line":328,"column":0},"end":{"line":368,"column":2}},"144":{"start":{"line":329,"column":1},"end":{"line":367,"column":3}},"145":{"start":{"line":370,"column":0},"end":{"line":378,"column":2}},"146":{"start":{"line":371,"column":19},"end":{"line":371,"column":20}},"147":{"start":{"line":372,"column":1},"end":{"line":376,"column":4}},"148":{"start":{"line":373,"column":2},"end":{"line":375,"column":3}},"149":{"start":{"line":374,"column":3},"end":{"line":374,"column":19}},"150":{"start":{"line":377,"column":1},"end":{"line":377,"column":20}},"151":{"start":{"line":384,"column":0},"end":{"line":400,"column":2}},"152":{"start":{"line":385,"column":12},"end":{"line":385,"column":27}},"153":{"start":{"line":387,"column":13},"end":{"line":387,"column":70}},"154":{"start":{"line":388,"column":11},"end":{"line":388,"column":57}},"155":{"start":{"line":389,"column":11},"end":{"line":389,"column":53}},"156":{"start":{"line":391,"column":16},"end":{"line":391,"column":54}},"157":{"start":{"line":392,"column":11},"end":{"line":392,"column":63}},"158":{"start":{"line":394,"column":1},"end":{"line":394,"column":66}},"159":{"start":{"line":397,"column":1},"end":{"line":399,"column":4}},"160":{"start":{"line":398,"column":2},"end":{"line":398,"column":25}},"161":{"start":{"line":402,"column":0},"end":{"line":402,"column":29}}},"fnMap":{"0":{"name":"(anonymous_0)","decl":{"start":{"line":5,"column":20},"end":{"line":5,"column":21}},"loc":{"start":{"line":5,"column":32},"end":{"line":8,"column":1}},"line":5},"1":{"name":"(anonymous_1)","decl":{"start":{"line":10,"column":42},"end":{"line":10,"column":43}},"loc":{"start":{"line":10,"column":71},"end":{"line":13,"column":1}},"line":10},"2":{"name":"(anonymous_2)","decl":{"start":{"line":15,"column":42},"end":{"line":15,"column":43}},"loc":{"start":{"line":15,"column":71},"end":{"line":18,"column":1}},"line":15},"3":{"name":"(anonymous_3)","decl":{"start":{"line":20,"column":46},"end":{"line":20,"column":47}},"loc":{"start":{"line":20,"column":79},"end":{"line":32,"column":1}},"line":20},"4":{"name":"(anonymous_4)","decl":{"start":{"line":37,"column":36},"end":{"line":37,"column":37}},"loc":{"start":{"line":37,"column":52},"end":{"line":85,"column":1}},"line":37},"5":{"name":"(anonymous_5)","decl":{"start":{"line":50,"column":17},"end":{"line":50,"column":18}},"loc":{"start":{"line":50,"column":33},"end":{"line":52,"column":3}},"line":50},"6":{"name":"(anonymous_6)","decl":{"start":{"line":87,"column":28},"end":{"line":87,"column":29}},"loc":{"start":{"line":87,"column":48},"end":{"line":95,"column":1}},"line":87},"7":{"name":"(anonymous_7)","decl":{"start":{"line":101,"column":36},"end":{"line":101,"column":37}},"loc":{"start":{"line":101,"column":54},"end":{"line":123,"column":1}},"line":101},"8":{"name":"(anonymous_8)","decl":{"start":{"line":125,"column":43},"end":{"line":125,"column":44}},"loc":{"start":{"line":126,"column":44},"end":{"line":164,"column":1}},"line":126},"9":{"name":"(anonymous_9)","decl":{"start":{"line":166,"column":36},"end":{"line":166,"column":37}},"loc":{"start":{"line":166,"column":52},"end":{"line":189,"column":1}},"line":166},"10":{"name":"(anonymous_10)","decl":{"start":{"line":191,"column":39},"end":{"line":191,"column":40}},"loc":{"start":{"line":191,"column":55},"end":{"line":214,"column":1}},"line":191},"11":{"name":"(anonymous_11)","decl":{"start":{"line":216,"column":42},"end":{"line":216,"column":43}},"loc":{"start":{"line":216,"column":58},"end":{"line":225,"column":1}},"line":216},"12":{"name":"(anonymous_12)","decl":{"start":{"line":227,"column":41},"end":{"line":227,"column":42}},"loc":{"start":{"line":227,"column":57},"end":{"line":235,"column":1}},"line":227},"13":{"name":"(anonymous_13)","decl":{"start":{"line":237,"column":39},"end":{"line":237,"column":40}},"loc":{"start":{"line":237,"column":55},"end":{"line":245,"column":1}},"line":237},"14":{"name":"(anonymous_14)","decl":{"start":{"line":247,"column":42},"end":{"line":247,"column":43}},"loc":{"start":{"line":247,"column":58},"end":{"line":255,"column":1}},"line":247},"15":{"name":"(anonymous_15)","decl":{"start":{"line":257,"column":39},"end":{"line":257,"column":40}},"loc":{"start":{"line":257,"column":55},"end":{"line":267,"column":1}},"line":257},"16":{"name":"(anonymous_16)","decl":{"start":{"line":269,"column":39},"end":{"line":269,"column":40}},"loc":{"start":{"line":269,"column":97},"end":{"line":282,"column":1}},"line":269},"17":{"name":"(anonymous_17)","decl":{"start":{"line":284,"column":40},"end":{"line":284,"column":41}},"loc":{"start":{"line":284,"column":78},"end":{"line":295,"column":1}},"line":284},"18":{"name":"(anonymous_18)","decl":{"start":{"line":297,"column":43},"end":{"line":297,"column":44}},"loc":{"start":{"line":297,"column":69},"end":{"line":309,"column":1}},"line":297},"19":{"name":"(anonymous_19)","decl":{"start":{"line":311,"column":49},"end":{"line":311,"column":50}},"loc":{"start":{"line":311,"column":61},"end":{"line":326,"column":1}},"line":311},"20":{"name":"(anonymous_20)","decl":{"start":{"line":328,"column":44},"end":{"line":328,"column":45}},"loc":{"start":{"line":328,"column":56},"end":{"line":368,"column":1}},"line":328},"21":{"name":"(anonymous_21)","decl":{"start":{"line":370,"column":44},"end":{"line":370,"column":45}},"loc":{"start":{"line":370,"column":81},"end":{"line":378,"column":1}},"line":370},"22":{"name":"(anonymous_22)","decl":{"start":{"line":372,"column":22},"end":{"line":372,"column":23}},"loc":{"start":{"line":372,"column":43},"end":{"line":376,"column":2}},"line":372},"23":{"name":"(anonymous_23)","decl":{"start":{"line":384,"column":44},"end":{"line":384,"column":45}},"loc":{"start":{"line":384,"column":79},"end":{"line":400,"column":1}},"line":384},"24":{"name":"(anonymous_24)","decl":{"start":{"line":397,"column":46},"end":{"line":397,"column":47}},"loc":{"start":{"line":397,"column":51},"end":{"line":399,"column":2}},"line":397}},"branchMap":{"0":{"loc":{"start":{"line":12,"column":8},"end":{"line":12,"column":50}},"type":"cond-expr","locations":[{"start":{"line":12,"column":17},"end":{"line":12,"column":41}},{"start":{"line":12,"column":44},"end":{"line":12,"column":50}}],"line":12},"1":{"loc":{"start":{"line":17,"column":8},"end":{"line":17,"column":50}},"type":"cond-expr","locations":[{"start":{"line":17,"column":17},"end":{"line":17,"column":41}},{"start":{"line":17,"column":44},"end":{"line":17,"column":50}}],"line":17},"2":{"loc":{"start":{"line":40,"column":1},"end":{"line":58,"column":2}},"type":"switch","locations":[{"start":{"line":41,"column":1},"end":{"line":54,"column":8}},{"start":{"line":55,"column":1},"end":{"line":57,"column":8}}],"line":40},"3":{"loc":{"start":{"line":46,"column":2},"end":{"line":47,"column":13}},"type":"if","locations":[{"start":{"line":46,"column":2},"end":{"line":47,"column":13}},{"start":{"line":46,"column":2},"end":{"line":47,"column":13}}],"line":46},"4":{"loc":{"start":{"line":70,"column":3},"end":{"line":72,"column":18}},"type":"if","locations":[{"start":{"line":70,"column":3},"end":{"line":72,"column":18}},{"start":{"line":70,"column":3},"end":{"line":72,"column":18}}],"line":70},"5":{"loc":{"start":{"line":134,"column":1},"end":{"line":149,"column":2}},"type":"switch","locations":[{"start":{"line":135,"column":1},"end":{"line":140,"column":8}},{"start":{"line":142,"column":1},"end":{"line":144,"column":8}},{"start":{"line":146,"column":1},"end":{"line":148,"column":8}}],"line":134},"6":{"loc":{"start":{"line":136,"column":2},"end":{"line":139,"column":68}},"type":"if","locations":[{"start":{"line":136,"column":2},"end":{"line":139,"column":68}},{"start":{"line":136,"column":2},"end":{"line":139,"column":68}}],"line":136},"7":{"loc":{"start":{"line":137,"column":17},"end":{"line":137,"column":67}},"type":"cond-expr","locations":[{"start":{"line":137,"column":32},"end":{"line":137,"column":60}},{"start":{"line":137,"column":63},"end":{"line":137,"column":67}}],"line":137},"8":{"loc":{"start":{"line":139,"column":17},"end":{"line":139,"column":67}},"type":"cond-expr","locations":[{"start":{"line":139,"column":32},"end":{"line":139,"column":60}},{"start":{"line":139,"column":63},"end":{"line":139,"column":67}}],"line":139},"9":{"loc":{"start":{"line":143,"column":16},"end":{"line":143,"column":63}},"type":"cond-expr","locations":[{"start":{"line":143,"column":31},"end":{"line":143,"column":56}},{"start":{"line":143,"column":59},"end":{"line":143,"column":63}}],"line":143},"10":{"loc":{"start":{"line":147,"column":16},"end":{"line":147,"column":60}},"type":"cond-expr","locations":[{"start":{"line":147,"column":31},"end":{"line":147,"column":53}},{"start":{"line":147,"column":56},"end":{"line":147,"column":60}}],"line":147},"11":{"loc":{"start":{"line":153,"column":23},"end":{"line":153,"column":81}},"type":"cond-expr","locations":[{"start":{"line":153,"column":40},"end":{"line":153,"column":74}},{"start":{"line":153,"column":77},"end":{"line":153,"column":81}}],"line":153},"12":{"loc":{"start":{"line":154,"column":21},"end":{"line":154,"column":71}},"type":"cond-expr","locations":[{"start":{"line":154,"column":42},"end":{"line":154,"column":64}},{"start":{"line":154,"column":67},"end":{"line":154,"column":71}}],"line":154},"13":{"loc":{"start":{"line":155,"column":16},"end":{"line":155,"column":72}},"type":"cond-expr","locations":[{"start":{"line":155,"column":32},"end":{"line":155,"column":65}},{"start":{"line":155,"column":68},"end":{"line":155,"column":72}}],"line":155},"14":{"loc":{"start":{"line":158,"column":1},"end":{"line":159,"column":35}},"type":"if","locations":[{"start":{"line":158,"column":1},"end":{"line":159,"column":35}},{"start":{"line":158,"column":1},"end":{"line":159,"column":35}}],"line":158},"15":{"loc":{"start":{"line":158,"column":5},"end":{"line":158,"column":75}},"type":"binary-expr","locations":[{"start":{"line":158,"column":6},"end":{"line":158,"column":21}},{"start":{"line":158,"column":25},"end":{"line":158,"column":40}},{"start":{"line":158,"column":44},"end":{"line":158,"column":59}},{"start":{"line":158,"column":64},"end":{"line":158,"column":75}}],"line":158},"16":{"loc":{"start":{"line":161,"column":17},"end":{"line":161,"column":75}},"type":"cond-expr","locations":[{"start":{"line":161,"column":34},"end":{"line":161,"column":68}},{"start":{"line":161,"column":71},"end":{"line":161,"column":75}}],"line":161},"17":{"loc":{"start":{"line":272,"column":1},"end":{"line":279,"column":2}},"type":"switch","locations":[{"start":{"line":273,"column":1},"end":{"line":275,"column":8}},{"start":{"line":276,"column":1},"end":{"line":276,"column":8}},{"start":{"line":277,"column":1},"end":{"line":278,"column":58}}],"line":272},"18":{"loc":{"start":{"line":286,"column":2},"end":{"line":293,"column":3}},"type":"if","locations":[{"start":{"line":286,"column":2},"end":{"line":293,"column":3}},{"start":{"line":286,"column":2},"end":{"line":293,"column":3}}],"line":286},"19":{"loc":{"start":{"line":288,"column":4},"end":{"line":291,"column":5}},"type":"if","locations":[{"start":{"line":288,"column":4},"end":{"line":291,"column":5}},{"start":{"line":288,"column":4},"end":{"line":291,"column":5}}],"line":288},"20":{"loc":{"start":{"line":290,"column":5},"end":{"line":290,"column":94}},"type":"if","locations":[{"start":{"line":290,"column":5},"end":{"line":290,"column":94}},{"start":{"line":290,"column":5},"end":{"line":290,"column":94}}],"line":290},"21":{"loc":{"start":{"line":301,"column":1},"end":{"line":307,"column":2}},"type":"if","locations":[{"start":{"line":301,"column":1},"end":{"line":307,"column":2}},{"start":{"line":301,"column":1},"end":{"line":307,"column":2}}],"line":301},"22":{"loc":{"start":{"line":373,"column":2},"end":{"line":375,"column":3}},"type":"if","locations":[{"start":{"line":373,"column":2},"end":{"line":375,"column":3}},{"start":{"line":373,"column":2},"end":{"line":375,"column":3}}],"line":373},"23":{"loc":{"start":{"line":373,"column":6},"end":{"line":373,"column":50}},"type":"binary-expr","locations":[{"start":{"line":373,"column":6},"end":{"line":373,"column":39}},{"start":{"line":373,"column":43},"end":{"line":373,"column":50}}],"line":373}},"s":{"0":0,"1":0,"2":0,"3":0,"4":0,"5":0,"6":0,"7":0,"8":0,"9":0,"10":0,"11":0,"12":0,"13":0,"14":0,"15":0,"16":0,"17":0,"18":0,"19":0,"20":0,"21":0,"22":0,"23":0,"24":0,"25":0,"26":0,"27":0,"28":0,"29":0,"30":0,"31":0,"32":0,"33":0,"34":0,"35":0,"36":0,"37":0,"38":0,"39":0,"40":0,"41":0,"42":0,"43":0,"44":0,"45":0,"46":0,"47":0,"48":0,"49":0,"50":0,"51":0,"52":0,"53":0,"54":0,"55":0,"56":0,"57":0,"58":0,"59":0,"60":0,"61":0,"62":0,"63":0,"64":0,"65":0,"66":0,"67":0,"68":0,"69":0,"70":0,"71":0,"72":0,"73":0,"74":0,"75":0,"76":0,"77":0,"78":0,"79":0,"80":0,"81":0,"82":0,"83":0,"84":0,"85":0,"86":0,"87":0,"88":0,"89":0,"90":0,"91":0,"92":0,"93":0,"94":0,"95":0,"96":0,"97":0,"98":0,"99":0,"100":0,"101":0,"102":0,"103":0,"104":0,"105":0,"106":0,"107":0,"108":0,"109":0,"110":0,"111":0,"112":0,"113":0,"114":0,"115":0,"116":0,"117":0,"118":0,"119":0,"120":0,"121":0,"122":0,"123":0,"124":0,"125":0,"126":0,"127":0,"128":0,"129":0,"130":0,"131":0,"132":0,"133":0,"134":0,"135":0,"136":0,"137":0,"138":0,"139":0,"140":0,"141":0,"142":0,"143":0,"144":0,"145":0,"146":0,"147":0,"148":0,"149":0,"150":0,"151":0,"152":0,"153":0,"154":0,"155":0,"156":0,"157":0,"158":0,"159":0,"160":0,"161":0},"f":{"0":0,"1":0,"2":0,"3":0,"4":0,"5":0,"6":0,"7":0,"8":0,"9":0,"10":0,"11":0,"12":0,"13":0,"14":0,"15":0,"16":0,"17":0,"18":0,"19":0,"20":0,"21":0,"22":0,"23":0,"24":0},"b":{"0":[0,0],"1":[0,0],"2":[0,0],"3":[0,0],"4":[0,0],"5":[0,0,0],"6":[0,0],"7":[0,0],"8":[0,0],"9":[0,0],"10":[0,0],"11":[0,0],"12":[0,0],"13":[0,0],"14":[0,0],"15":[0,0,0,0],"16":[0,0],"17":[0,0,0],"18":[0,0],"19":[0,0],"20":[0,0],"21":[0,0],"22":[0,0],"23":[0,0]}},"c:\\Users\\Quanga\\Documents\\GitHub\\aece-ver2a\\aece_ver2\\lib\\utils\\port_util.js":{"path":"c:\\Users\\Quanga\\Documents\\GitHub\\aece-ver2a\\aece_ver2\\lib\\utils\\port_util.js","statementMap":{"0":{"start":{"line":6,"column":1},"end":{"line":6,"column":24}},"1":{"start":{"line":9,"column":0},"end":{"line":55,"column":2}},"2":{"start":{"line":10,"column":14},"end":{"line":10,"column":18}},"3":{"start":{"line":11,"column":16},"end":{"line":11,"column":29}},"4":{"start":{"line":13,"column":18},"end":{"line":30,"column":2}},"5":{"start":{"line":14,"column":2},"end":{"line":29,"column":5}},"6":{"start":{"line":15,"column":20},"end":{"line":15,"column":41}},"7":{"start":{"line":18,"column":4},"end":{"line":28,"column":6}},"8":{"start":{"line":23,"column":5},"end":{"line":27,"column":6}},"9":{"start":{"line":24,"column":6},"end":{"line":24,"column":18}},"10":{"start":{"line":26,"column":6},"end":{"line":26,"column":18}},"11":{"start":{"line":32,"column":1},"end":{"line":54,"column":4}},"12":{"start":{"line":33,"column":2},"end":{"line":53,"column":3}},"13":{"start":{"line":34,"column":3},"end":{"line":49,"column":7}},"14":{"start":{"line":36,"column":5},"end":{"line":36,"column":29}},"15":{"start":{"line":39,"column":5},"end":{"line":39,"column":31}},"16":{"start":{"line":43,"column":5},"end":{"line":43,"column":94}},"17":{"start":{"line":44,"column":5},"end":{"line":44,"column":30}},"18":{"start":{"line":47,"column":5},"end":{"line":47,"column":88}},"19":{"start":{"line":48,"column":5},"end":{"line":48,"column":17}},"20":{"start":{"line":51,"column":3},"end":{"line":51,"column":82}},"21":{"start":{"line":52,"column":3},"end":{"line":52,"column":28}},"22":{"start":{"line":57,"column":0},"end":{"line":57,"column":26}}},"fnMap":{"0":{"name":"PortUtil","decl":{"start":{"line":5,"column":9},"end":{"line":5,"column":17}},"loc":{"start":{"line":5,"column":20},"end":{"line":7,"column":1}},"line":5},"1":{"name":"(anonymous_1)","decl":{"start":{"line":9,"column":33},"end":{"line":9,"column":34}},"loc":{"start":{"line":9,"column":51},"end":{"line":55,"column":1}},"line":9},"2":{"name":"(anonymous_2)","decl":{"start":{"line":13,"column":18},"end":{"line":13,"column":19}},"loc":{"start":{"line":13,"column":30},"end":{"line":30,"column":2}},"line":13},"3":{"name":"(anonymous_3)","decl":{"start":{"line":14,"column":21},"end":{"line":14,"column":22}},"loc":{"start":{"line":14,"column":42},"end":{"line":29,"column":3}},"line":14},"4":{"name":"(anonymous_4)","decl":{"start":{"line":22,"column":7},"end":{"line":22,"column":8}},"loc":{"start":{"line":22,"column":22},"end":{"line":28,"column":5}},"line":22},"5":{"name":"(anonymous_5)","decl":{"start":{"line":32,"column":20},"end":{"line":32,"column":21}},"loc":{"start":{"line":32,"column":41},"end":{"line":54,"column":2}},"line":32},"6":{"name":"(anonymous_6)","decl":{"start":{"line":35,"column":10},"end":{"line":35,"column":11}},"loc":{"start":{"line":35,"column":22},"end":{"line":37,"column":5}},"line":35},"7":{"name":"(anonymous_7)","decl":{"start":{"line":38,"column":10},"end":{"line":38,"column":11}},"loc":{"start":{"line":38,"column":23},"end":{"line":41,"column":5}},"line":38},"8":{"name":"(anonymous_8)","decl":{"start":{"line":42,"column":10},"end":{"line":42,"column":11}},"loc":{"start":{"line":42,"column":16},"end":{"line":45,"column":5}},"line":42},"9":{"name":"(anonymous_9)","decl":{"start":{"line":46,"column":11},"end":{"line":46,"column":12}},"loc":{"start":{"line":46,"column":20},"end":{"line":49,"column":5}},"line":46}},"branchMap":{"0":{"loc":{"start":{"line":23,"column":5},"end":{"line":27,"column":6}},"type":"if","locations":[{"start":{"line":23,"column":5},"end":{"line":27,"column":6}},{"start":{"line":23,"column":5},"end":{"line":27,"column":6}}],"line":23},"1":{"loc":{"start":{"line":33,"column":2},"end":{"line":53,"column":3}},"type":"if","locations":[{"start":{"line":33,"column":2},"end":{"line":53,"column":3}},{"start":{"line":33,"column":2},"end":{"line":53,"column":3}}],"line":33}},"s":{"0":0,"1":0,"2":0,"3":0,"4":0,"5":0,"6":0,"7":0,"8":0,"9":0,"10":0,"11":0,"12":0,"13":0,"14":0,"15":0,"16":0,"17":0,"18":0,"19":0,"20":0,"21":0,"22":0},"f":{"0":0,"1":0,"2":0,"3":0,"4":0,"5":0,"6":0,"7":0,"8":0,"9":0},"b":{"0":[0,0],"1":[0,0]}},"c:\\Users\\Quanga\\Documents\\GitHub\\aece-ver2a\\aece_ver2\\server.js":{"path":"c:\\Users\\Quanga\\Documents\\GitHub\\aece-ver2a\\aece_ver2\\server.js","statementMap":{"0":{"start":{"line":5,"column":14},"end":{"line":5,"column":34}},"1":{"start":{"line":6,"column":0},"end":{"line":13,"column":2}},"2":{"start":{"line":16,"column":0},"end":{"line":22,"column":3}},"3":{"start":{"line":18,"column":1},"end":{"line":21,"column":2}},"4":{"start":{"line":19,"column":2},"end":{"line":19,"column":22}},"5":{"start":{"line":20,"column":2},"end":{"line":20,"column":25}}},"fnMap":{"0":{"name":"(anonymous_0)","decl":{"start":{"line":16,"column":39},"end":{"line":16,"column":40}},"loc":{"start":{"line":16,"column":60},"end":{"line":22,"column":1}},"line":16}},"branchMap":{"0":{"loc":{"start":{"line":18,"column":1},"end":{"line":21,"column":2}},"type":"if","locations":[{"start":{"line":18,"column":1},"end":{"line":21,"column":2}},{"start":{"line":18,"column":1},"end":{"line":21,"column":2}}],"line":18}},"s":{"0":0,"1":0,"2":0,"3":0,"4":0,"5":0},"f":{"0":0},"b":{"0":[0,0]}}}